
**** Build of configuration Debug for project move ****

"C:\\ti\\ccs1110\\ccs\\utils\\bin\\gmake" -k -j 16 all -O 
 
Building file: "../main.c"
Invoking: Arm Compiler
"C:/ti/ccs1110/ccs/tools/compiler/ti-cgt-arm_20.2.5.LTS/bin/armcl" -mv7M4 --code_state=16 --float_support=FPv4SPD16 -me --include_path="C:/Users/shiliu/workspace_v11/move" --include_path="C:/ti/ccs1110/ccs/tools/compiler/ti-cgt-arm_20.2.5.LTS/include" --define=ccs="ccs" --define=PART_TM4C123GH6PM -g --gcc --diag_warning=225 --diag_wrap=off --display_error_number --abi=eabi --preproc_with_compile --preproc_dependency="main.d_raw"  "../main.c"
 
>> Compilation failure
subdir_rules.mk:9: recipe for target 'main.obj' failed
"../main.c", line 1: fatal error #1965: cannot open source file "TM4C123GH6PM.h"
1 catastrophic error detected in the compilation of "../main.c".
Compilation terminated.
gmake: *** [main.obj] Error 1
Building file: "../tm4c123gh6pm_startup_ccs.c"
Invoking: Arm Compiler
"C:/ti/ccs1110/ccs/tools/compiler/ti-cgt-arm_20.2.5.LTS/bin/armcl" -mv7M4 --code_state=16 --float_support=FPv4SPD16 -me --include_path="C:/Users/shiliu/workspace_v11/move" --include_path="C:/ti/ccs1110/ccs/tools/compiler/ti-cgt-arm_20.2.5.LTS/include" --define=ccs="ccs" --define=PART_TM4C123GH6PM -g --gcc --diag_warning=225 --diag_wrap=off --display_error_number --abi=eabi --preproc_with_compile --preproc_dependency="tm4c123gh6pm_startup_ccs.d_raw"  "../tm4c123gh6pm_startup_ccs.c"
Finished building: "../tm4c123gh6pm_startup_ccs.c"
 
gmake: Target 'all' not remade because of errors.

**** Build Finished ****

**** Clean-only build of configuration Debug for project move ****

"C:\\ti\\ccs1110\\ccs\\utils\\bin\\gmake" -k -j 16 clean -O 
 
DEL /F  "move.hex"  "move.out" 
DEL /F "main.obj" "tm4c123gh6pm_startup_ccs.obj" 
DEL /F "main.d" "tm4c123gh6pm_startup_ccs.d" 
Could Not Find C:\Users\shiliu\workspace_v11\move\Debug\move.hex
Finished clean
 

**** Build Finished ****

**** Build of configuration Debug for project move ****

"C:\\ti\\ccs1110\\ccs\\utils\\bin\\gmake" -k -j 16 all -O 
 
Building file: "../main.c"
Invoking: Arm Compiler
"C:/ti/ccs1110/ccs/tools/compiler/ti-cgt-arm_20.2.5.LTS/bin/armcl" -mv7M4 --code_state=16 --float_support=FPv4SPD16 -me --include_path="C:/Users/shiliu/workspace_v11/move" --include_path="{TM4C}" --include_path="C:/ti/ccs1110/ccs/tools/compiler/ti-cgt-arm_20.2.5.LTS/include" --define=ccs="ccs" --define=PART_TM4C123GH6PM -g --gcc --diag_warning=225 --diag_wrap=off --display_error_number --abi=eabi --preproc_with_compile --preproc_dependency="main.d_raw"  "../main.c"
 
>> Compilation failure
subdir_rules.mk:9: recipe for target 'main.obj' failed
"../main.c", line 1: fatal error #1965: cannot open source file "TM4C123GH6PM.h"
1 catastrophic error detected in the compilation of "../main.c".
Compilation terminated.
gmake: *** [main.obj] Error 1
Building file: "../tm4c123gh6pm_startup_ccs.c"
Invoking: Arm Compiler
"C:/ti/ccs1110/ccs/tools/compiler/ti-cgt-arm_20.2.5.LTS/bin/armcl" -mv7M4 --code_state=16 --float_support=FPv4SPD16 -me --include_path="C:/Users/shiliu/workspace_v11/move" --include_path="{TM4C}" --include_path="C:/ti/ccs1110/ccs/tools/compiler/ti-cgt-arm_20.2.5.LTS/include" --define=ccs="ccs" --define=PART_TM4C123GH6PM -g --gcc --diag_warning=225 --diag_wrap=off --display_error_number --abi=eabi --preproc_with_compile --preproc_dependency="tm4c123gh6pm_startup_ccs.d_raw"  "../tm4c123gh6pm_startup_ccs.c"
Finished building: "../tm4c123gh6pm_startup_ccs.c"
 
gmake: Target 'all' not remade because of errors.

**** Build Finished ****

**** Clean-only build of configuration Debug for project driverlib ****

"C:\\ti\\ccs1110\\ccs\\utils\\bin\\gmake" -k clean 
 
gmake: *** No rule to make target 'clean'.

**** Build Finished ****

**** Build of configuration Debug for project driverlib ****

"C:\\ti\\ccs1110\\ccs\\utils\\bin\\gmake" -k all 
 
Building file: "C:/ti/TivaWare_C_Series-2.2.0.295/driverlib/adc.c"
Invoking: ARM Compiler
"C:/ti/ccs1110/ccs/tools/compiler/ti-cgt-arm_20.2.5.LTS/bin/armcl" -mv7M4 --code_state=16 --float_support=FPv4SPD16 --abi=eabi -me -O2 --include_path="C:/ti/ccs1110/ccs/tools/compiler/ti-cgt-arm_20.2.5.LTS/include" --include_path="C:/ti/TivaWare_C_Series-2.2.0.295" --advice:power=all -g --gcc --define=ccs="ccs" --define=PART_TM4C1230C3PM --diag_warning=225 --diag_wrap=off --display_error_number --gen_func_subsections=on --ual --preproc_with_compile --preproc_dependency="adc.d_raw"  "C:/ti/TivaWare_C_Series-2.2.0.295/driverlib/adc.c"
"C:/ti/TivaWare_C_Series-2.2.0.295/driverlib/adc.c", line 954: remark #1527-D: (ULP 2.1) Detected SW delay loop using empty loop. Recommend using a timer module instead
"C:/ti/TivaWare_C_Series-2.2.0.295/driverlib/adc.c", line 1200: remark #1527-D: (ULP 2.1) Detected SW delay loop using empty loop. Recommend using a timer module instead
Finished building: "C:/ti/TivaWare_C_Series-2.2.0.295/driverlib/adc.c"
 
Building file: "C:/ti/TivaWare_C_Series-2.2.0.295/driverlib/aes.c"
Invoking: ARM Compiler
"C:/ti/ccs1110/ccs/tools/compiler/ti-cgt-arm_20.2.5.LTS/bin/armcl" -mv7M4 --code_state=16 --float_support=FPv4SPD16 --abi=eabi -me -O2 --include_path="C:/ti/ccs1110/ccs/tools/compiler/ti-cgt-arm_20.2.5.LTS/include" --include_path="C:/ti/TivaWare_C_Series-2.2.0.295" --advice:power=all -g --gcc --define=ccs="ccs" --define=PART_TM4C1230C3PM --diag_warning=225 --diag_wrap=off --display_error_number --gen_func_subsections=on --ual --preproc_with_compile --preproc_dependency="aes.d_raw"  "C:/ti/TivaWare_C_Series-2.2.0.295/driverlib/aes.c"
"C:/ti/TivaWare_C_Series-2.2.0.295/driverlib/aes.c", line 87: remark #1527-D: (ULP 2.1) Detected SW delay loop using empty loop. Recommend using a timer module instead
"C:/ti/TivaWare_C_Series-2.2.0.295/driverlib/aes.c", line 449: remark #1527-D: (ULP 2.1) Detected SW delay loop using empty loop. Recommend using a timer module instead
"C:/ti/TivaWare_C_Series-2.2.0.295/driverlib/aes.c", line 487: remark #1527-D: (ULP 2.1) Detected SW delay loop using empty loop. Recommend using a timer module instead
"C:/ti/TivaWare_C_Series-2.2.0.295/driverlib/aes.c", line 645: remark #1527-D: (ULP 2.1) Detected SW delay loop using empty loop. Recommend using a timer module instead
"C:/ti/TivaWare_C_Series-2.2.0.295/driverlib/aes.c", line 728: remark #1527-D: (ULP 2.1) Detected SW delay loop using empty loop. Recommend using a timer module instead
Finished building: "C:/ti/TivaWare_C_Series-2.2.0.295/driverlib/aes.c"
 
Building file: "C:/ti/TivaWare_C_Series-2.2.0.295/driverlib/can.c"
Invoking: ARM Compiler
"C:/ti/ccs1110/ccs/tools/compiler/ti-cgt-arm_20.2.5.LTS/bin/armcl" -mv7M4 --code_state=16 --float_support=FPv4SPD16 --abi=eabi -me -O2 --include_path="C:/ti/ccs1110/ccs/tools/compiler/ti-cgt-arm_20.2.5.LTS/include" --include_path="C:/ti/TivaWare_C_Series-2.2.0.295" --advice:power=all -g --gcc --define=ccs="ccs" --define=PART_TM4C1230C3PM --diag_warning=225 --diag_wrap=off --display_error_number --gen_func_subsections=on --ual --preproc_with_compile --preproc_dependency="can.d_raw"  "C:/ti/TivaWare_C_Series-2.2.0.295/driverlib/can.c"
"C:/ti/TivaWare_C_Series-2.2.0.295/driverlib/can.c", line 344: remark #1528-D: (ULP 3.1) Detected flag polling using CAN_IF1CRQ_BUSY. Recommend using an interrupt combined with enter LPMx and ISR
"C:/ti/TivaWare_C_Series-2.2.0.295/driverlib/can.c", line 366: remark #1528-D: (ULP 3.1) Detected flag polling using CAN_IF1CRQ_BUSY. Recommend using an interrupt combined with enter LPMx and ISR
"C:/ti/TivaWare_C_Series-2.2.0.295/driverlib/can.c", line 391: remark #1528-D: (ULP 3.1) Detected flag polling using CAN_IF1CRQ_BUSY. Recommend using an interrupt combined with enter LPMx and ISR
"C:/ti/TivaWare_C_Series-2.2.0.295/driverlib/can.c", line 626: remark #2624-D: (ULP 5.4) Detected an assignment to a type with size less than int. To avoid unnecessary sign extension, use int-sized types for local varaibles and convert to smaller types for static storage.
"C:/ti/TivaWare_C_Series-2.2.0.295/driverlib/can.c", line 1112: remark #1528-D: (ULP 3.1) Detected flag polling using CAN_IF1CRQ_BUSY. Recommend using an interrupt combined with enter LPMx and ISR
"C:/ti/TivaWare_C_Series-2.2.0.295/driverlib/can.c", line 1130: remark #1528-D: (ULP 3.1) Detected flag polling using CAN_IF1CRQ_BUSY. Recommend using an interrupt combined with enter LPMx and ISR
"C:/ti/TivaWare_C_Series-2.2.0.295/driverlib/can.c", line 1518: remark #1528-D: (ULP 3.1) Detected flag polling using CAN_IF1CRQ_BUSY. Recommend using an interrupt combined with enter LPMx and ISR
"C:/ti/TivaWare_C_Series-2.2.0.295/driverlib/can.c", line 1564: remark #2624-D: (ULP 5.4) Detected an assignment to a type with size less than int. To avoid unnecessary sign extension, use int-sized types for local varaibles and convert to smaller types for static storage.
"C:/ti/TivaWare_C_Series-2.2.0.295/driverlib/can.c", line 1578: remark #2624-D: (ULP 5.4) Detected an assignment to a type with size less than int. To avoid unnecessary sign extension, use int-sized types for local varaibles and convert to smaller types for static storage.
"C:/ti/TivaWare_C_Series-2.2.0.295/driverlib/can.c", line 1623: remark #2624-D: (ULP 5.4) Detected an assignment to a type with size less than int. To avoid unnecessary sign extension, use int-sized types for local varaibles and convert to smaller types for static storage.
"C:/ti/TivaWare_C_Series-2.2.0.295/driverlib/can.c", line 1669: remark #2624-D: (ULP 5.4) Detected an assignment to a type with size less than int. To avoid unnecessary sign extension, use int-sized types for local varaibles and convert to smaller types for static storage.
"C:/ti/TivaWare_C_Series-2.2.0.295/driverlib/can.c", line 1670: remark #2624-D: (ULP 5.4) Detected an assignment to a type with size less than int. To avoid unnecessary sign extension, use int-sized types for local varaibles and convert to smaller types for static storage.
"C:/ti/TivaWare_C_Series-2.2.0.295/driverlib/can.c", line 1684: remark #2624-D: (ULP 5.4) Detected an assignment to a type with size less than int. To avoid unnecessary sign extension, use int-sized types for local varaibles and convert to smaller types for static storage.
"C:/ti/TivaWare_C_Series-2.2.0.295/driverlib/can.c", line 1695: remark #2624-D: (ULP 5.4) Detected an assignment to a type with size less than int. To avoid unnecessary sign extension, use int-sized types for local varaibles and convert to smaller types for static storage.
"C:/ti/TivaWare_C_Series-2.2.0.295/driverlib/can.c", line 1704: remark #2624-D: (ULP 5.4) Detected an assignment to a type with size less than int. To avoid unnecessary sign extension, use int-sized types for local varaibles and convert to smaller types for static storage.
"C:/ti/TivaWare_C_Series-2.2.0.295/driverlib/can.c", line 1714: remark #2624-D: (ULP 5.4) Detected an assignment to a type with size less than int. To avoid unnecessary sign extension, use int-sized types for local varaibles and convert to smaller types for static storage.
"C:/ti/TivaWare_C_Series-2.2.0.295/driverlib/can.c", line 1720: remark #2624-D: (ULP 5.4) Detected an assignment to a type with size less than int. To avoid unnecessary sign extension, use int-sized types for local varaibles and convert to smaller types for static storage.
"C:/ti/TivaWare_C_Series-2.2.0.295/driverlib/can.c", line 1726: remark #2624-D: (ULP 5.4) Detected an assignment to a type with size less than int. To avoid unnecessary sign extension, use int-sized types for local varaibles and convert to smaller types for static storage.
"C:/ti/TivaWare_C_Series-2.2.0.295/driverlib/can.c", line 1736: remark #2624-D: (ULP 5.4) Detected an assignment to a type with size less than int. To avoid unnecessary sign extension, use int-sized types for local varaibles and convert to smaller types for static storage.
"C:/ti/TivaWare_C_Series-2.2.0.295/driverlib/can.c", line 1737: remark #2624-D: (ULP 5.4) Detected an assignment to a type with size less than int. To avoid unnecessary sign extension, use int-sized types for local varaibles and convert to smaller types for static storage.
"C:/ti/TivaWare_C_Series-2.2.0.295/driverlib/can.c", line 1742: remark #2624-D: (ULP 5.4) Detected an assignment to a type with size less than int. To avoid unnecessary sign extension, use int-sized types for local varaibles and convert to smaller types for static storage.
"C:/ti/TivaWare_C_Series-2.2.0.295/driverlib/can.c", line 1750: remark #2624-D: (ULP 5.4) Detected an assignment to a type with size less than int. To avoid unnecessary sign extension, use int-sized types for local varaibles and convert to smaller types for static storage.
"C:/ti/TivaWare_C_Series-2.2.0.295/driverlib/can.c", line 1755: remark #2624-D: (ULP 5.4) Detected an assignment to a type with size less than int. To avoid unnecessary sign extension, use int-sized types for local varaibles and convert to smaller types for static storage.
"C:/ti/TivaWare_C_Series-2.2.0.295/driverlib/can.c", line 1762: remark #2624-D: (ULP 5.4) Detected an assignment to a type with size less than int. To avoid unnecessary sign extension, use int-sized types for local varaibles and convert to smaller types for static storage.
"C:/ti/TivaWare_C_Series-2.2.0.295/driverlib/can.c", line 1769: remark #2624-D: (ULP 5.4) Detected an assignment to a type with size less than int. To avoid unnecessary sign extension, use int-sized types for local varaibles and convert to smaller types for static storage.
"C:/ti/TivaWare_C_Series-2.2.0.295/driverlib/can.c", line 1777: remark #2624-D: (ULP 5.4) Detected an assignment to a type with size less than int. To avoid unnecessary sign extension, use int-sized types for local varaibles and convert to smaller types for static storage.
"C:/ti/TivaWare_C_Series-2.2.0.295/driverlib/can.c", line 1785: remark #2624-D: (ULP 5.4) Detected an assignment to a type with size less than int. To avoid unnecessary sign extension, use int-sized types for local varaibles and convert to smaller types for static storage.
"C:/ti/TivaWare_C_Series-2.2.0.295/driverlib/can.c", line 1902: remark #1528-D: (ULP 3.1) Detected flag polling using CAN_IF1CRQ_BUSY. Recommend using an interrupt combined with enter LPMx and ISR
"C:/ti/TivaWare_C_Series-2.2.0.295/driverlib/can.c", line 2069: remark #1528-D: (ULP 3.1) Detected flag polling using CAN_IF1CRQ_BUSY. Recommend using an interrupt combined with enter LPMx and ISR
"C:/ti/TivaWare_C_Series-2.2.0.295/driverlib/can.c", line 1885: remark #2624-D: (ULP 5.4) Detected an assignment to a type with size less than int. To avoid unnecessary sign extension, use int-sized types for local varaibles and convert to smaller types for static storage.
"C:/ti/TivaWare_C_Series-2.2.0.295/driverlib/can.c", line 1909: remark #2624-D: (ULP 5.4) Detected an assignment to a type with size less than int. To avoid unnecessary sign extension, use int-sized types for local varaibles and convert to smaller types for static storage.
"C:/ti/TivaWare_C_Series-2.2.0.295/driverlib/can.c", line 1910: remark #2624-D: (ULP 5.4) Detected an assignment to a type with size less than int. To avoid unnecessary sign extension, use int-sized types for local varaibles and convert to smaller types for static storage.
"C:/ti/TivaWare_C_Series-2.2.0.295/driverlib/can.c", line 1911: remark #2624-D: (ULP 5.4) Detected an assignment to a type with size less than int. To avoid unnecessary sign extension, use int-sized types for local varaibles and convert to smaller types for static storage.
"C:/ti/TivaWare_C_Series-2.2.0.295/driverlib/can.c", line 1912: remark #2624-D: (ULP 5.4) Detected an assignment to a type with size less than int. To avoid unnecessary sign extension, use int-sized types for local varaibles and convert to smaller types for static storage.
"C:/ti/TivaWare_C_Series-2.2.0.295/driverlib/can.c", line 1913: remark #2624-D: (ULP 5.4) Detected an assignment to a type with size less than int. To avoid unnecessary sign extension, use int-sized types for local varaibles and convert to smaller types for static storage.
"C:/ti/TivaWare_C_Series-2.2.0.295/driverlib/can.c", line 2121: remark #1528-D: (ULP 3.1) Detected flag polling using CAN_IF1CRQ_BUSY. Recommend using an interrupt combined with enter LPMx and ISR
Finished building: "C:/ti/TivaWare_C_Series-2.2.0.295/driverlib/can.c"
 
Building file: "C:/ti/TivaWare_C_Series-2.2.0.295/driverlib/comp.c"
Invoking: ARM Compiler
"C:/ti/ccs1110/ccs/tools/compiler/ti-cgt-arm_20.2.5.LTS/bin/armcl" -mv7M4 --code_state=16 --float_support=FPv4SPD16 --abi=eabi -me -O2 --include_path="C:/ti/ccs1110/ccs/tools/compiler/ti-cgt-arm_20.2.5.LTS/include" --include_path="C:/ti/TivaWare_C_Series-2.2.0.295" --advice:power=all -g --gcc --define=ccs="ccs" --define=PART_TM4C1230C3PM --diag_warning=225 --diag_wrap=off --display_error_number --gen_func_subsections=on --ual --preproc_with_compile --preproc_dependency="comp.d_raw"  "C:/ti/TivaWare_C_Series-2.2.0.295/driverlib/comp.c"
Finished building: "C:/ti/TivaWare_C_Series-2.2.0.295/driverlib/comp.c"
 
Building file: "C:/ti/TivaWare_C_Series-2.2.0.295/driverlib/cpu.c"
Invoking: ARM Compiler
"C:/ti/ccs1110/ccs/tools/compiler/ti-cgt-arm_20.2.5.LTS/bin/armcl" -mv7M4 --code_state=16 --float_support=FPv4SPD16 --abi=eabi -me -O2 --include_path="C:/ti/ccs1110/ccs/tools/compiler/ti-cgt-arm_20.2.5.LTS/include" --include_path="C:/ti/TivaWare_C_Series-2.2.0.295" --advice:power=all -g --gcc --define=ccs="ccs" --define=PART_TM4C1230C3PM --diag_warning=225 --diag_wrap=off --display_error_number --gen_func_subsections=on --ual --preproc_with_compile --preproc_dependency="cpu.d_raw"  "C:/ti/TivaWare_C_Series-2.2.0.295/driverlib/cpu.c"
Finished building: "C:/ti/TivaWare_C_Series-2.2.0.295/driverlib/cpu.c"
 
Building file: "C:/ti/TivaWare_C_Series-2.2.0.295/driverlib/crc.c"
Invoking: ARM Compiler
"C:/ti/ccs1110/ccs/tools/compiler/ti-cgt-arm_20.2.5.LTS/bin/armcl" -mv7M4 --code_state=16 --float_support=FPv4SPD16 --abi=eabi -me -O2 --include_path="C:/ti/ccs1110/ccs/tools/compiler/ti-cgt-arm_20.2.5.LTS/include" --include_path="C:/ti/TivaWare_C_Series-2.2.0.295" --advice:power=all -g --gcc --define=ccs="ccs" --define=PART_TM4C1230C3PM --diag_warning=225 --diag_wrap=off --display_error_number --gen_func_subsections=on --ual --preproc_with_compile --preproc_dependency="crc.d_raw"  "C:/ti/TivaWare_C_Series-2.2.0.295/driverlib/crc.c"
Finished building: "C:/ti/TivaWare_C_Series-2.2.0.295/driverlib/crc.c"
 
Building file: "C:/ti/TivaWare_C_Series-2.2.0.295/driverlib/des.c"
Invoking: ARM Compiler
"C:/ti/ccs1110/ccs/tools/compiler/ti-cgt-arm_20.2.5.LTS/bin/armcl" -mv7M4 --code_state=16 --float_support=FPv4SPD16 --abi=eabi -me -O2 --include_path="C:/ti/ccs1110/ccs/tools/compiler/ti-cgt-arm_20.2.5.LTS/include" --include_path="C:/ti/TivaWare_C_Series-2.2.0.295" --advice:power=all -g --gcc --define=ccs="ccs" --define=PART_TM4C1230C3PM --diag_warning=225 --diag_wrap=off --display_error_number --gen_func_subsections=on --ual --preproc_with_compile --preproc_dependency="des.d_raw"  "C:/ti/TivaWare_C_Series-2.2.0.295/driverlib/des.c"
"C:/ti/TivaWare_C_Series-2.2.0.295/driverlib/des.c", line 84: remark #1527-D: (ULP 2.1) Detected SW delay loop using empty loop. Recommend using a timer module instead
"C:/ti/TivaWare_C_Series-2.2.0.295/driverlib/des.c", line 326: remark #1527-D: (ULP 2.1) Detected SW delay loop using empty loop. Recommend using a timer module instead
"C:/ti/TivaWare_C_Series-2.2.0.295/driverlib/des.c", line 403: remark #1527-D: (ULP 2.1) Detected SW delay loop using empty loop. Recommend using a timer module instead
"C:/ti/TivaWare_C_Series-2.2.0.295/driverlib/des.c", line 463: remark #1527-D: (ULP 2.1) Detected SW delay loop using empty loop. Recommend using a timer module instead
"C:/ti/TivaWare_C_Series-2.2.0.295/driverlib/des.c", line 475: remark #1527-D: (ULP 2.1) Detected SW delay loop using empty loop. Recommend using a timer module instead
Finished building: "C:/ti/TivaWare_C_Series-2.2.0.295/driverlib/des.c"
 
Building file: "C:/ti/TivaWare_C_Series-2.2.0.295/driverlib/eeprom.c"
Invoking: ARM Compiler
"C:/ti/ccs1110/ccs/tools/compiler/ti-cgt-arm_20.2.5.LTS/bin/armcl" -mv7M4 --code_state=16 --float_support=FPv4SPD16 --abi=eabi -me -O2 --include_path="C:/ti/ccs1110/ccs/tools/compiler/ti-cgt-arm_20.2.5.LTS/include" --include_path="C:/ti/TivaWare_C_Series-2.2.0.295" --advice:power=all -g --gcc --define=ccs="ccs" --define=PART_TM4C1230C3PM --diag_warning=225 --diag_wrap=off --display_error_number --gen_func_subsections=on --ual --preproc_with_compile --preproc_dependency="eeprom.d_raw"  "C:/ti/TivaWare_C_Series-2.2.0.295/driverlib/eeprom.c"
"C:/ti/TivaWare_C_Series-2.2.0.295/driverlib/eeprom.c", line 143: remark #1527-D: (ULP 2.1) Detected SW delay loop using empty loop. Recommend using a timer module instead
"C:/ti/TivaWare_C_Series-2.2.0.295/driverlib/eeprom.c", line 726: remark #1527-D: (ULP 2.1) Detected SW delay loop using empty loop. Recommend using a timer module instead
"C:/ti/TivaWare_C_Series-2.2.0.295/driverlib/eeprom.c", line 813: remark #1527-D: (ULP 2.1) Detected SW delay loop using empty loop. Recommend using a timer module instead
Finished building: "C:/ti/TivaWare_C_Series-2.2.0.295/driverlib/eeprom.c"
 
Building file: "C:/ti/TivaWare_C_Series-2.2.0.295/driverlib/emac.c"
Invoking: ARM Compiler
"C:/ti/ccs1110/ccs/tools/compiler/ti-cgt-arm_20.2.5.LTS/bin/armcl" -mv7M4 --code_state=16 --float_support=FPv4SPD16 --abi=eabi -me -O2 --include_path="C:/ti/ccs1110/ccs/tools/compiler/ti-cgt-arm_20.2.5.LTS/include" --include_path="C:/ti/TivaWare_C_Series-2.2.0.295" --advice:power=all -g --gcc --define=ccs="ccs" --define=PART_TM4C1230C3PM --diag_warning=225 --diag_wrap=off --display_error_number --gen_func_subsections=on --ual --preproc_with_compile --preproc_dependency="emac.d_raw"  "C:/ti/TivaWare_C_Series-2.2.0.295/driverlib/emac.c"
"C:/ti/TivaWare_C_Series-2.2.0.295/driverlib/emac.c", line 329: remark #1527-D: (ULP 2.1) Detected SW delay loop using empty loop. Recommend using a timer module instead
"C:/ti/TivaWare_C_Series-2.2.0.295/driverlib/emac.c", line 444: remark #1527-D: (ULP 2.1) Detected SW delay loop using empty loop. Recommend using a timer module instead
"C:/ti/TivaWare_C_Series-2.2.0.295/driverlib/emac.c", line 602: remark #1527-D: (ULP 2.1) Detected SW delay loop using empty loop. Recommend using a timer module instead
"C:/ti/TivaWare_C_Series-2.2.0.295/driverlib/emac.c", line 2222: remark #1527-D: (ULP 2.1) Detected SW delay loop using empty loop. Recommend using a timer module instead
"C:/ti/TivaWare_C_Series-2.2.0.295/driverlib/emac.c", line 2868: remark #1527-D: (ULP 2.1) Detected SW delay loop using empty loop. Recommend using a timer module instead
"C:/ti/TivaWare_C_Series-2.2.0.295/driverlib/emac.c", line 2889: remark #1527-D: (ULP 2.1) Detected SW delay loop using empty loop. Recommend using a timer module instead
"C:/ti/TivaWare_C_Series-2.2.0.295/driverlib/emac.c", line 2920: remark #1527-D: (ULP 2.1) Detected SW delay loop using empty loop. Recommend using a timer module instead
"C:/ti/TivaWare_C_Series-2.2.0.295/driverlib/emac.c", line 2935: remark #1527-D: (ULP 2.1) Detected SW delay loop using empty loop. Recommend using a timer module instead
"C:/ti/TivaWare_C_Series-2.2.0.295/driverlib/emac.c", line 3413: remark #1527-D: (ULP 2.1) Detected SW delay loop using empty loop. Recommend using a timer module instead
"C:/ti/TivaWare_C_Series-2.2.0.295/driverlib/emac.c", line 3513: remark #1527-D: (ULP 2.1) Detected SW delay loop using empty loop. Recommend using a timer module instead
"C:/ti/TivaWare_C_Series-2.2.0.295/driverlib/emac.c", line 3576: remark #1527-D: (ULP 2.1) Detected SW delay loop using empty loop. Recommend using a timer module instead
"C:/ti/TivaWare_C_Series-2.2.0.295/driverlib/emac.c", line 3626: remark #1528-D: (ULP 3.1) Detected flag polling using EMAC_TARGNANO_TRGTBUSY. Recommend using an interrupt combined with enter LPMx and ISR
"C:/ti/TivaWare_C_Series-2.2.0.295/driverlib/emac.c", line 3792: remark #2624-D: (ULP 5.4) Detected an assignment to a type with size less than int. To avoid unnecessary sign extension, use int-sized types for local varaibles and convert to smaller types for static storage.
"C:/ti/TivaWare_C_Series-2.2.0.295/driverlib/emac.c", line 3875: remark #1527-D: (ULP 2.1) Detected SW delay loop using empty loop. Recommend using a timer module instead
"C:/ti/TivaWare_C_Series-2.2.0.295/driverlib/emac.c", line 3938: remark #1527-D: (ULP 2.1) Detected SW delay loop using empty loop. Recommend using a timer module instead
"C:/ti/TivaWare_C_Series-2.2.0.295/driverlib/emac.c", line 4278: remark #2624-D: (ULP 5.4) Detected an assignment to a type with size less than int. To avoid unnecessary sign extension, use int-sized types for local varaibles and convert to smaller types for static storage.
"C:/ti/TivaWare_C_Series-2.2.0.295/driverlib/emac.c", line 4719: remark #1527-D: (ULP 2.1) Detected SW delay loop using empty loop. Recommend using a timer module instead
"C:/ti/TivaWare_C_Series-2.2.0.295/driverlib/emac.c", line 4736: remark #1527-D: (ULP 2.1) Detected SW delay loop using empty loop. Recommend using a timer module instead
Finished building: "C:/ti/TivaWare_C_Series-2.2.0.295/driverlib/emac.c"
 
Building file: "C:/ti/TivaWare_C_Series-2.2.0.295/driverlib/epi.c"
Invoking: ARM Compiler
"C:/ti/ccs1110/ccs/tools/compiler/ti-cgt-arm_20.2.5.LTS/bin/armcl" -mv7M4 --code_state=16 --float_support=FPv4SPD16 --abi=eabi -me -O2 --include_path="C:/ti/ccs1110/ccs/tools/compiler/ti-cgt-arm_20.2.5.LTS/include" --include_path="C:/ti/TivaWare_C_Series-2.2.0.295" --advice:power=all -g --gcc --define=ccs="ccs" --define=PART_TM4C1230C3PM --diag_warning=225 --diag_wrap=off --display_error_number --gen_func_subsections=on --ual --preproc_with_compile --preproc_dependency="epi.d_raw"  "C:/ti/TivaWare_C_Series-2.2.0.295/driverlib/epi.c"
"C:/ti/TivaWare_C_Series-2.2.0.295/driverlib/epi.c", line 1283: remark #1527-D: (ULP 2.1) Detected SW delay loop using empty loop. Recommend using a timer module instead
Finished building: "C:/ti/TivaWare_C_Series-2.2.0.295/driverlib/epi.c"
 
Building file: "C:/ti/TivaWare_C_Series-2.2.0.295/driverlib/epi_workaround_ccs.s"
Invoking: ARM Compiler
"C:/ti/ccs1110/ccs/tools/compiler/ti-cgt-arm_20.2.5.LTS/bin/armcl" -mv7M4 --code_state=16 --float_support=FPv4SPD16 --abi=eabi -me -O2 --include_path="C:/ti/ccs1110/ccs/tools/compiler/ti-cgt-arm_20.2.5.LTS/include" --include_path="C:/ti/TivaWare_C_Series-2.2.0.295" --advice:power=all -g --gcc --define=ccs="ccs" --define=PART_TM4C1230C3PM --diag_warning=225 --diag_wrap=off --display_error_number --gen_func_subsections=on --ual --preproc_with_compile --preproc_dependency="epi_workaround_ccs.d_raw"  "C:/ti/TivaWare_C_Series-2.2.0.295/driverlib/epi_workaround_ccs.s"
Finished building: "C:/ti/TivaWare_C_Series-2.2.0.295/driverlib/epi_workaround_ccs.s"
 
Building file: "C:/ti/TivaWare_C_Series-2.2.0.295/driverlib/flash.c"
Invoking: ARM Compiler
"C:/ti/ccs1110/ccs/tools/compiler/ti-cgt-arm_20.2.5.LTS/bin/armcl" -mv7M4 --code_state=16 --float_support=FPv4SPD16 --abi=eabi -me -O2 --include_path="C:/ti/ccs1110/ccs/tools/compiler/ti-cgt-arm_20.2.5.LTS/include" --include_path="C:/ti/TivaWare_C_Series-2.2.0.295" --advice:power=all -g --gcc --define=ccs="ccs" --define=PART_TM4C1230C3PM --diag_warning=225 --diag_wrap=off --display_error_number --gen_func_subsections=on --ual --preproc_with_compile --preproc_dependency="flash.d_raw"  "C:/ti/TivaWare_C_Series-2.2.0.295/driverlib/flash.c"
"C:/ti/TivaWare_C_Series-2.2.0.295/driverlib/flash.c", line 152: remark #1527-D: (ULP 2.1) Detected SW delay loop using empty loop. Recommend using a timer module instead
"C:/ti/TivaWare_C_Series-2.2.0.295/driverlib/flash.c", line 238: remark #1527-D: (ULP 2.1) Detected SW delay loop using empty loop. Recommend using a timer module instead
"C:/ti/TivaWare_C_Series-2.2.0.295/driverlib/flash.c", line 509: remark #1527-D: (ULP 2.1) Detected SW delay loop using empty loop. Recommend using a timer module instead
"C:/ti/TivaWare_C_Series-2.2.0.295/driverlib/flash.c", line 682: remark #1527-D: (ULP 2.1) Detected SW delay loop using empty loop. Recommend using a timer module instead
"C:/ti/TivaWare_C_Series-2.2.0.295/driverlib/flash.c", line 695: remark #1527-D: (ULP 2.1) Detected SW delay loop using empty loop. Recommend using a timer module instead
"C:/ti/TivaWare_C_Series-2.2.0.295/driverlib/flash.c", line 746: remark #1527-D: (ULP 2.1) Detected SW delay loop using empty loop. Recommend using a timer module instead
Finished building: "C:/ti/TivaWare_C_Series-2.2.0.295/driverlib/flash.c"
 
Building file: "C:/ti/TivaWare_C_Series-2.2.0.295/driverlib/fpu.c"
Invoking: ARM Compiler
"C:/ti/ccs1110/ccs/tools/compiler/ti-cgt-arm_20.2.5.LTS/bin/armcl" -mv7M4 --code_state=16 --float_support=FPv4SPD16 --abi=eabi -me -O2 --include_path="C:/ti/ccs1110/ccs/tools/compiler/ti-cgt-arm_20.2.5.LTS/include" --include_path="C:/ti/TivaWare_C_Series-2.2.0.295" --advice:power=all -g --gcc --define=ccs="ccs" --define=PART_TM4C1230C3PM --diag_warning=225 --diag_wrap=off --display_error_number --gen_func_subsections=on --ual --preproc_with_compile --preproc_dependency="fpu.d_raw"  "C:/ti/TivaWare_C_Series-2.2.0.295/driverlib/fpu.c"
Finished building: "C:/ti/TivaWare_C_Series-2.2.0.295/driverlib/fpu.c"
 
Building file: "C:/ti/TivaWare_C_Series-2.2.0.295/driverlib/gpio.c"
Invoking: ARM Compiler
"C:/ti/ccs1110/ccs/tools/compiler/ti-cgt-arm_20.2.5.LTS/bin/armcl" -mv7M4 --code_state=16 --float_support=FPv4SPD16 --abi=eabi -me -O2 --include_path="C:/ti/ccs1110/ccs/tools/compiler/ti-cgt-arm_20.2.5.LTS/include" --include_path="C:/ti/TivaWare_C_Series-2.2.0.295" --advice:power=all -g --gcc --define=ccs="ccs" --define=PART_TM4C1230C3PM --diag_warning=225 --diag_wrap=off --display_error_number --gen_func_subsections=on --ual --preproc_with_compile --preproc_dependency="gpio.d_raw"  "C:/ti/TivaWare_C_Series-2.2.0.295/driverlib/gpio.c"
"C:/ti/TivaWare_C_Series-2.2.0.295/driverlib/gpio.c", line 354: remark #2624-D: (ULP 5.4) Detected an assignment to a type with size less than int. To avoid unnecessary sign extension, use int-sized types for local varaibles and convert to smaller types for static storage.
"C:/ti/TivaWare_C_Series-2.2.0.295/driverlib/gpio.c", line 473: remark #2624-D: (ULP 5.4) Detected an assignment to a type with size less than int. To avoid unnecessary sign extension, use int-sized types for local varaibles and convert to smaller types for static storage.
"C:/ti/TivaWare_C_Series-2.2.0.295/driverlib/gpio.c", line 584: remark #2624-D: (ULP 5.4) Detected an assignment to a type with size less than int. To avoid unnecessary sign extension, use int-sized types for local varaibles and convert to smaller types for static storage.
"C:/ti/TivaWare_C_Series-2.2.0.295/driverlib/gpio.c", line 712: remark #2624-D: (ULP 5.4) Detected an assignment to a type with size less than int. To avoid unnecessary sign extension, use int-sized types for local varaibles and convert to smaller types for static storage.
"C:/ti/TivaWare_C_Series-2.2.0.295/driverlib/gpio.c", line 90: remark #1534-D: (ULP 7.1) Detected use of global variable "g_ui32GPIOIntMapBlizzardRows" within one function "_GPIOIntNumberGet". Recommend placing variable in the function locally
"C:/ti/TivaWare_C_Series-2.2.0.295/driverlib/gpio.c", line 123: remark #1534-D: (ULP 7.1) Detected use of global variable "g_ui32GPIOIntMapSnowflakeRows" within one function "_GPIOIntNumberGet". Recommend placing variable in the function locally
Finished building: "C:/ti/TivaWare_C_Series-2.2.0.295/driverlib/gpio.c"
 
Building file: "C:/ti/TivaWare_C_Series-2.2.0.295/driverlib/hibernate.c"
Invoking: ARM Compiler
"C:/ti/ccs1110/ccs/tools/compiler/ti-cgt-arm_20.2.5.LTS/bin/armcl" -mv7M4 --code_state=16 --float_support=FPv4SPD16 --abi=eabi -me -O2 --include_path="C:/ti/ccs1110/ccs/tools/compiler/ti-cgt-arm_20.2.5.LTS/include" --include_path="C:/ti/TivaWare_C_Series-2.2.0.295" --advice:power=all -g --gcc --define=ccs="ccs" --define=PART_TM4C1230C3PM --diag_warning=225 --diag_wrap=off --display_error_number --gen_func_subsections=on --ual --preproc_with_compile --preproc_dependency="hibernate.d_raw"  "C:/ti/TivaWare_C_Series-2.2.0.295/driverlib/hibernate.c"
"C:/ti/TivaWare_C_Series-2.2.0.295/driverlib/hibernate.c", line 112: remark #1527-D: (ULP 2.1) Detected SW delay loop using empty loop. Recommend using a timer module instead
"C:/ti/TivaWare_C_Series-2.2.0.295/driverlib/hibernate.c", line 476: remark #1527-D: (ULP 2.1) Detected SW delay loop using empty loop. Recommend using a timer module instead
"C:/ti/TivaWare_C_Series-2.2.0.295/driverlib/hibernate.c", line 897: remark #1543-D: (ULP 12.2) Detected for loop with repetitive data transfer. Recommend using DMA
"C:/ti/TivaWare_C_Series-2.2.0.295/driverlib/hibernate.c", line 943: remark #1543-D: (ULP 12.2) Detected for loop with repetitive data transfer. Recommend using DMA
Finished building: "C:/ti/TivaWare_C_Series-2.2.0.295/driverlib/hibernate.c"
 
Building file: "C:/ti/TivaWare_C_Series-2.2.0.295/driverlib/i2c.c"
Invoking: ARM Compiler
"C:/ti/ccs1110/ccs/tools/compiler/ti-cgt-arm_20.2.5.LTS/bin/armcl" -mv7M4 --code_state=16 --float_support=FPv4SPD16 --abi=eabi -me -O2 --include_path="C:/ti/ccs1110/ccs/tools/compiler/ti-cgt-arm_20.2.5.LTS/include" --include_path="C:/ti/TivaWare_C_Series-2.2.0.295" --advice:power=all -g --gcc --define=ccs="ccs" --define=PART_TM4C1230C3PM --diag_warning=225 --diag_wrap=off --display_error_number --gen_func_subsections=on --ual --preproc_with_compile --preproc_dependency="i2c.d_raw"  "C:/ti/TivaWare_C_Series-2.2.0.295/driverlib/i2c.c"
"C:/ti/TivaWare_C_Series-2.2.0.295/driverlib/i2c.c", line 1838: remark #1527-D: (ULP 2.1) Detected SW delay loop using empty loop. Recommend using a timer module instead
"C:/ti/TivaWare_C_Series-2.2.0.295/driverlib/i2c.c", line 1913: remark #1527-D: (ULP 2.1) Detected SW delay loop using empty loop. Recommend using a timer module instead
"C:/ti/TivaWare_C_Series-2.2.0.295/driverlib/i2c.c", line 73: remark #1534-D: (ULP 7.1) Detected use of global variable "g_i8I2CIntMapRows" within one function "_I2CIntNumberGet". Recommend placing variable in the function locally
"C:/ti/TivaWare_C_Series-2.2.0.295/driverlib/i2c.c", line 89: remark #1534-D: (ULP 7.1) Detected use of global variable "g_i8I2CIntMapSnowflakeRows" within one function "_I2CIntNumberGet". Recommend placing variable in the function locally
Finished building: "C:/ti/TivaWare_C_Series-2.2.0.295/driverlib/i2c.c"
 
Building file: "C:/ti/TivaWare_C_Series-2.2.0.295/driverlib/interrupt.c"
Invoking: ARM Compiler
"C:/ti/ccs1110/ccs/tools/compiler/ti-cgt-arm_20.2.5.LTS/bin/armcl" -mv7M4 --code_state=16 --float_support=FPv4SPD16 --abi=eabi -me -O2 --include_path="C:/ti/ccs1110/ccs/tools/compiler/ti-cgt-arm_20.2.5.LTS/include" --include_path="C:/ti/TivaWare_C_Series-2.2.0.295" --advice:power=all -g --gcc --define=ccs="ccs" --define=PART_TM4C1230C3PM --diag_warning=225 --diag_wrap=off --display_error_number --gen_func_subsections=on --ual --preproc_with_compile --preproc_dependency="interrupt.d_raw"  "C:/ti/TivaWare_C_Series-2.2.0.295/driverlib/interrupt.c"
"C:/ti/TivaWare_C_Series-2.2.0.295/driverlib/interrupt.c", line 152: remark #1527-D: (ULP 2.1) Detected SW delay loop using empty loop. Recommend using a timer module instead
Finished building: "C:/ti/TivaWare_C_Series-2.2.0.295/driverlib/interrupt.c"
 
Building file: "C:/ti/TivaWare_C_Series-2.2.0.295/driverlib/lcd.c"
Invoking: ARM Compiler
"C:/ti/ccs1110/ccs/tools/compiler/ti-cgt-arm_20.2.5.LTS/bin/armcl" -mv7M4 --code_state=16 --float_support=FPv4SPD16 --abi=eabi -me -O2 --include_path="C:/ti/ccs1110/ccs/tools/compiler/ti-cgt-arm_20.2.5.LTS/include" --include_path="C:/ti/TivaWare_C_Series-2.2.0.295" --advice:power=all -g --gcc --define=ccs="ccs" --define=PART_TM4C1230C3PM --diag_warning=225 --diag_wrap=off --display_error_number --gen_func_subsections=on --ual --preproc_with_compile --preproc_dependency="lcd.d_raw"  "C:/ti/TivaWare_C_Series-2.2.0.295/driverlib/lcd.c"
Finished building: "C:/ti/TivaWare_C_Series-2.2.0.295/driverlib/lcd.c"
 
Building file: "C:/ti/TivaWare_C_Series-2.2.0.295/driverlib/mpu.c"
Invoking: ARM Compiler
"C:/ti/ccs1110/ccs/tools/compiler/ti-cgt-arm_20.2.5.LTS/bin/armcl" -mv7M4 --code_state=16 --float_support=FPv4SPD16 --abi=eabi -me -O2 --include_path="C:/ti/ccs1110/ccs/tools/compiler/ti-cgt-arm_20.2.5.LTS/include" --include_path="C:/ti/TivaWare_C_Series-2.2.0.295" --advice:power=all -g --gcc --define=ccs="ccs" --define=PART_TM4C1230C3PM --diag_warning=225 --diag_wrap=off --display_error_number --gen_func_subsections=on --ual --preproc_with_compile --preproc_dependency="mpu.d_raw"  "C:/ti/TivaWare_C_Series-2.2.0.295/driverlib/mpu.c"
Finished building: "C:/ti/TivaWare_C_Series-2.2.0.295/driverlib/mpu.c"
 
Building file: "C:/ti/TivaWare_C_Series-2.2.0.295/driverlib/onewire.c"
Invoking: ARM Compiler
"C:/ti/ccs1110/ccs/tools/compiler/ti-cgt-arm_20.2.5.LTS/bin/armcl" -mv7M4 --code_state=16 --float_support=FPv4SPD16 --abi=eabi -me -O2 --include_path="C:/ti/ccs1110/ccs/tools/compiler/ti-cgt-arm_20.2.5.LTS/include" --include_path="C:/ti/TivaWare_C_Series-2.2.0.295" --advice:power=all -g --gcc --define=ccs="ccs" --define=PART_TM4C1230C3PM --diag_warning=225 --diag_wrap=off --display_error_number --gen_func_subsections=on --ual --preproc_with_compile --preproc_dependency="onewire.d_raw"  "C:/ti/TivaWare_C_Series-2.2.0.295/driverlib/onewire.c"
"C:/ti/TivaWare_C_Series-2.2.0.295/driverlib/onewire.c", line 208: remark #1528-D: (ULP 3.1) Detected flag polling using ONEWIRE_CS_BUSY. Recommend using an interrupt combined with enter LPMx and ISR
Finished building: "C:/ti/TivaWare_C_Series-2.2.0.295/driverlib/onewire.c"
 
Building file: "C:/ti/TivaWare_C_Series-2.2.0.295/driverlib/pwm.c"
Invoking: ARM Compiler
"C:/ti/ccs1110/ccs/tools/compiler/ti-cgt-arm_20.2.5.LTS/bin/armcl" -mv7M4 --code_state=16 --float_support=FPv4SPD16 --abi=eabi -me -O2 --include_path="C:/ti/ccs1110/ccs/tools/compiler/ti-cgt-arm_20.2.5.LTS/include" --include_path="C:/ti/TivaWare_C_Series-2.2.0.295" --advice:power=all -g --gcc --define=ccs="ccs" --define=PART_TM4C1230C3PM --diag_warning=225 --diag_wrap=off --display_error_number --gen_func_subsections=on --ual --preproc_with_compile --preproc_dependency="pwm.d_raw"  "C:/ti/TivaWare_C_Series-2.2.0.295/driverlib/pwm.c"
Finished building: "C:/ti/TivaWare_C_Series-2.2.0.295/driverlib/pwm.c"
 
Building file: "C:/ti/TivaWare_C_Series-2.2.0.295/driverlib/qei.c"
Invoking: ARM Compiler
"C:/ti/ccs1110/ccs/tools/compiler/ti-cgt-arm_20.2.5.LTS/bin/armcl" -mv7M4 --code_state=16 --float_support=FPv4SPD16 --abi=eabi -me -O2 --include_path="C:/ti/ccs1110/ccs/tools/compiler/ti-cgt-arm_20.2.5.LTS/include" --include_path="C:/ti/TivaWare_C_Series-2.2.0.295" --advice:power=all -g --gcc --define=ccs="ccs" --define=PART_TM4C1230C3PM --diag_warning=225 --diag_wrap=off --display_error_number --gen_func_subsections=on --ual --preproc_with_compile --preproc_dependency="qei.d_raw"  "C:/ti/TivaWare_C_Series-2.2.0.295/driverlib/qei.c"
Finished building: "C:/ti/TivaWare_C_Series-2.2.0.295/driverlib/qei.c"
 
Building file: "C:/ti/TivaWare_C_Series-2.2.0.295/driverlib/shamd5.c"
Invoking: ARM Compiler
"C:/ti/ccs1110/ccs/tools/compiler/ti-cgt-arm_20.2.5.LTS/bin/armcl" -mv7M4 --code_state=16 --float_support=FPv4SPD16 --abi=eabi -me -O2 --include_path="C:/ti/ccs1110/ccs/tools/compiler/ti-cgt-arm_20.2.5.LTS/include" --include_path="C:/ti/TivaWare_C_Series-2.2.0.295" --advice:power=all -g --gcc --define=ccs="ccs" --define=PART_TM4C1230C3PM --diag_warning=225 --diag_wrap=off --display_error_number --gen_func_subsections=on --ual --preproc_with_compile --preproc_dependency="shamd5.d_raw"  "C:/ti/TivaWare_C_Series-2.2.0.295/driverlib/shamd5.c"
"C:/ti/TivaWare_C_Series-2.2.0.295/driverlib/shamd5.c", line 86: remark #1527-D: (ULP 2.1) Detected SW delay loop using empty loop. Recommend using a timer module instead
"C:/ti/TivaWare_C_Series-2.2.0.295/driverlib/shamd5.c", line 564: remark #1527-D: (ULP 2.1) Detected SW delay loop using empty loop. Recommend using a timer module instead
"C:/ti/TivaWare_C_Series-2.2.0.295/driverlib/shamd5.c", line 759: remark #1527-D: (ULP 2.1) Detected SW delay loop using empty loop. Recommend using a timer module instead
"C:/ti/TivaWare_C_Series-2.2.0.295/driverlib/shamd5.c", line 820: remark #1527-D: (ULP 2.1) Detected SW delay loop using empty loop. Recommend using a timer module instead
"C:/ti/TivaWare_C_Series-2.2.0.295/driverlib/shamd5.c", line 838: remark #1527-D: (ULP 2.1) Detected SW delay loop using empty loop. Recommend using a timer module instead
"C:/ti/TivaWare_C_Series-2.2.0.295/driverlib/shamd5.c", line 892: remark #1527-D: (ULP 2.1) Detected SW delay loop using empty loop. Recommend using a timer module instead
"C:/ti/TivaWare_C_Series-2.2.0.295/driverlib/shamd5.c", line 910: remark #1527-D: (ULP 2.1) Detected SW delay loop using empty loop. Recommend using a timer module instead
"C:/ti/TivaWare_C_Series-2.2.0.295/driverlib/shamd5.c", line 956: remark #1527-D: (ULP 2.1) Detected SW delay loop using empty loop. Recommend using a timer module instead
"C:/ti/TivaWare_C_Series-2.2.0.295/driverlib/shamd5.c", line 982: remark #1527-D: (ULP 2.1) Detected SW delay loop using empty loop. Recommend using a timer module instead
Finished building: "C:/ti/TivaWare_C_Series-2.2.0.295/driverlib/shamd5.c"
 
Building file: "C:/ti/TivaWare_C_Series-2.2.0.295/driverlib/ssi.c"
Invoking: ARM Compiler
"C:/ti/ccs1110/ccs/tools/compiler/ti-cgt-arm_20.2.5.LTS/bin/armcl" -mv7M4 --code_state=16 --float_support=FPv4SPD16 --abi=eabi -me -O2 --include_path="C:/ti/ccs1110/ccs/tools/compiler/ti-cgt-arm_20.2.5.LTS/include" --include_path="C:/ti/TivaWare_C_Series-2.2.0.295" --advice:power=all -g --gcc --define=ccs="ccs" --define=PART_TM4C1230C3PM --diag_warning=225 --diag_wrap=off --display_error_number --gen_func_subsections=on --ual --preproc_with_compile --preproc_dependency="ssi.d_raw"  "C:/ti/TivaWare_C_Series-2.2.0.295/driverlib/ssi.c"
"C:/ti/TivaWare_C_Series-2.2.0.295/driverlib/ssi.c", line 591: remark #1527-D: (ULP 2.1) Detected SW delay loop using empty loop. Recommend using a timer module instead
"C:/ti/TivaWare_C_Series-2.2.0.295/driverlib/ssi.c", line 677: remark #1527-D: (ULP 2.1) Detected SW delay loop using empty loop. Recommend using a timer module instead
"C:/ti/TivaWare_C_Series-2.2.0.295/driverlib/ssi.c", line 1021: remark #1527-D: (ULP 2.1) Detected SW delay loop using empty loop. Recommend using a timer module instead
"C:/ti/TivaWare_C_Series-2.2.0.295/driverlib/ssi.c", line 70: remark #1534-D: (ULP 7.1) Detected use of global variable "g_ui8SSIIntMapRows" within one function "_SSIIntNumberGet". Recommend placing variable in the function locally
"C:/ti/TivaWare_C_Series-2.2.0.295/driverlib/ssi.c", line 80: remark #1534-D: (ULP 7.1) Detected use of global variable "g_ui8SSIIntMapSnowflakeRows" within one function "_SSIIntNumberGet". Recommend placing variable in the function locally
Finished building: "C:/ti/TivaWare_C_Series-2.2.0.295/driverlib/ssi.c"
 
Building file: "C:/ti/TivaWare_C_Series-2.2.0.295/driverlib/sw_crc.c"
Invoking: ARM Compiler
"C:/ti/ccs1110/ccs/tools/compiler/ti-cgt-arm_20.2.5.LTS/bin/armcl" -mv7M4 --code_state=16 --float_support=FPv4SPD16 --abi=eabi -me -O2 --include_path="C:/ti/ccs1110/ccs/tools/compiler/ti-cgt-arm_20.2.5.LTS/include" --include_path="C:/ti/TivaWare_C_Series-2.2.0.295" --advice:power=all -g --gcc --define=ccs="ccs" --define=PART_TM4C1230C3PM --diag_warning=225 --diag_wrap=off --display_error_number --gen_func_subsections=on --ual --preproc_with_compile --preproc_dependency="sw_crc.d_raw"  "C:/ti/TivaWare_C_Series-2.2.0.295/driverlib/sw_crc.c"
"C:/ti/TivaWare_C_Series-2.2.0.295/driverlib/sw_crc.c", line 424: remark #2624-D: (ULP 5.4) Detected an assignment to a type with size less than int. To avoid unnecessary sign extension, use int-sized types for local varaibles and convert to smaller types for static storage.
"C:/ti/TivaWare_C_Series-2.2.0.295/driverlib/sw_crc.c", line 447: remark #2624-D: (ULP 5.4) Detected an assignment to a type with size less than int. To avoid unnecessary sign extension, use int-sized types for local varaibles and convert to smaller types for static storage.
"C:/ti/TivaWare_C_Series-2.2.0.295/driverlib/sw_crc.c", line 448: remark #2624-D: (ULP 5.4) Detected an assignment to a type with size less than int. To avoid unnecessary sign extension, use int-sized types for local varaibles and convert to smaller types for static storage.
"C:/ti/TivaWare_C_Series-2.2.0.295/driverlib/sw_crc.c", line 471: remark #2624-D: (ULP 5.4) Detected an assignment to a type with size less than int. To avoid unnecessary sign extension, use int-sized types for local varaibles and convert to smaller types for static storage.
"C:/ti/TivaWare_C_Series-2.2.0.295/driverlib/sw_crc.c", line 472: remark #2624-D: (ULP 5.4) Detected an assignment to a type with size less than int. To avoid unnecessary sign extension, use int-sized types for local varaibles and convert to smaller types for static storage.
"C:/ti/TivaWare_C_Series-2.2.0.295/driverlib/sw_crc.c", line 473: remark #2624-D: (ULP 5.4) Detected an assignment to a type with size less than int. To avoid unnecessary sign extension, use int-sized types for local varaibles and convert to smaller types for static storage.
"C:/ti/TivaWare_C_Series-2.2.0.295/driverlib/sw_crc.c", line 474: remark #2624-D: (ULP 5.4) Detected an assignment to a type with size less than int. To avoid unnecessary sign extension, use int-sized types for local varaibles and convert to smaller types for static storage.
"C:/ti/TivaWare_C_Series-2.2.0.295/driverlib/sw_crc.c", line 497: remark #2624-D: (ULP 5.4) Detected an assignment to a type with size less than int. To avoid unnecessary sign extension, use int-sized types for local varaibles and convert to smaller types for static storage.
"C:/ti/TivaWare_C_Series-2.2.0.295/driverlib/sw_crc.c", line 498: remark #2624-D: (ULP 5.4) Detected an assignment to a type with size less than int. To avoid unnecessary sign extension, use int-sized types for local varaibles and convert to smaller types for static storage.
"C:/ti/TivaWare_C_Series-2.2.0.295/driverlib/sw_crc.c", line 513: remark #2624-D: (ULP 5.4) Detected an assignment to a type with size less than int. To avoid unnecessary sign extension, use int-sized types for local varaibles and convert to smaller types for static storage.
"C:/ti/TivaWare_C_Series-2.2.0.295/driverlib/sw_crc.c", line 591: remark #2624-D: (ULP 5.4) Detected an assignment to a type with size less than int. To avoid unnecessary sign extension, use int-sized types for local varaibles and convert to smaller types for static storage.
"C:/ti/TivaWare_C_Series-2.2.0.295/driverlib/sw_crc.c", line 592: remark #2624-D: (ULP 5.4) Detected an assignment to a type with size less than int. To avoid unnecessary sign extension, use int-sized types for local varaibles and convert to smaller types for static storage.
"C:/ti/TivaWare_C_Series-2.2.0.295/driverlib/sw_crc.c", line 593: remark #2624-D: (ULP 5.4) Detected an assignment to a type with size less than int. To avoid unnecessary sign extension, use int-sized types for local varaibles and convert to smaller types for static storage.
"C:/ti/TivaWare_C_Series-2.2.0.295/driverlib/sw_crc.c", line 594: remark #2624-D: (ULP 5.4) Detected an assignment to a type with size less than int. To avoid unnecessary sign extension, use int-sized types for local varaibles and convert to smaller types for static storage.
"C:/ti/TivaWare_C_Series-2.2.0.295/driverlib/sw_crc.c", line 599: remark #2624-D: (ULP 5.4) Detected an assignment to a type with size less than int. To avoid unnecessary sign extension, use int-sized types for local varaibles and convert to smaller types for static storage.
"C:/ti/TivaWare_C_Series-2.2.0.295/driverlib/sw_crc.c", line 600: remark #2624-D: (ULP 5.4) Detected an assignment to a type with size less than int. To avoid unnecessary sign extension, use int-sized types for local varaibles and convert to smaller types for static storage.
"C:/ti/TivaWare_C_Series-2.2.0.295/driverlib/sw_crc.c", line 605: remark #2624-D: (ULP 5.4) Detected an assignment to a type with size less than int. To avoid unnecessary sign extension, use int-sized types for local varaibles and convert to smaller types for static storage.
"C:/ti/TivaWare_C_Series-2.2.0.295/driverlib/sw_crc.c", line 606: remark #2624-D: (ULP 5.4) Detected an assignment to a type with size less than int. To avoid unnecessary sign extension, use int-sized types for local varaibles and convert to smaller types for static storage.
Finished building: "C:/ti/TivaWare_C_Series-2.2.0.295/driverlib/sw_crc.c"
 
Building file: "C:/ti/TivaWare_C_Series-2.2.0.295/driverlib/sysctl.c"
Invoking: ARM Compiler
"C:/ti/ccs1110/ccs/tools/compiler/ti-cgt-arm_20.2.5.LTS/bin/armcl" -mv7M4 --code_state=16 --float_support=FPv4SPD16 --abi=eabi -me -O2 --include_path="C:/ti/ccs1110/ccs/tools/compiler/ti-cgt-arm_20.2.5.LTS/include" --include_path="C:/ti/TivaWare_C_Series-2.2.0.295" --advice:power=all -g --gcc --define=ccs="ccs" --define=PART_TM4C1230C3PM --diag_warning=225 --diag_wrap=off --display_error_number --gen_func_subsections=on --ual --preproc_with_compile --preproc_dependency="sysctl.d_raw"  "C:/ti/TivaWare_C_Series-2.2.0.295/driverlib/sysctl.c"
"C:/ti/TivaWare_C_Series-2.2.0.295/driverlib/sysctl.c", line 784: remark #1527-D: (ULP 2.1) Detected SW delay loop using empty loop. Recommend using a timer module instead
"C:/ti/TivaWare_C_Series-2.2.0.295/driverlib/sysctl.c", line 1687: remark #1527-D: (ULP 2.1) Detected SW delay loop using empty loop. Recommend using a timer module instead
"C:/ti/TivaWare_C_Series-2.2.0.295/driverlib/sysctl.c", line 1965: remark #1527-D: (ULP 2.1) Detected SW delay loop using empty loop. Recommend using a timer module instead
Finished building: "C:/ti/TivaWare_C_Series-2.2.0.295/driverlib/sysctl.c"
 
Building file: "C:/ti/TivaWare_C_Series-2.2.0.295/driverlib/sysexc.c"
Invoking: ARM Compiler
"C:/ti/ccs1110/ccs/tools/compiler/ti-cgt-arm_20.2.5.LTS/bin/armcl" -mv7M4 --code_state=16 --float_support=FPv4SPD16 --abi=eabi -me -O2 --include_path="C:/ti/ccs1110/ccs/tools/compiler/ti-cgt-arm_20.2.5.LTS/include" --include_path="C:/ti/TivaWare_C_Series-2.2.0.295" --advice:power=all -g --gcc --define=ccs="ccs" --define=PART_TM4C1230C3PM --diag_warning=225 --diag_wrap=off --display_error_number --gen_func_subsections=on --ual --preproc_with_compile --preproc_dependency="sysexc.d_raw"  "C:/ti/TivaWare_C_Series-2.2.0.295/driverlib/sysexc.c"
Finished building: "C:/ti/TivaWare_C_Series-2.2.0.295/driverlib/sysexc.c"
 
Building file: "C:/ti/TivaWare_C_Series-2.2.0.295/driverlib/systick.c"
Invoking: ARM Compiler
"C:/ti/ccs1110/ccs/tools/compiler/ti-cgt-arm_20.2.5.LTS/bin/armcl" -mv7M4 --code_state=16 --float_support=FPv4SPD16 --abi=eabi -me -O2 --include_path="C:/ti/ccs1110/ccs/tools/compiler/ti-cgt-arm_20.2.5.LTS/include" --include_path="C:/ti/TivaWare_C_Series-2.2.0.295" --advice:power=all -g --gcc --define=ccs="ccs" --define=PART_TM4C1230C3PM --diag_warning=225 --diag_wrap=off --display_error_number --gen_func_subsections=on --ual --preproc_with_compile --preproc_dependency="systick.d_raw"  "C:/ti/TivaWare_C_Series-2.2.0.295/driverlib/systick.c"
Finished building: "C:/ti/TivaWare_C_Series-2.2.0.295/driverlib/systick.c"
 
Building file: "C:/ti/TivaWare_C_Series-2.2.0.295/driverlib/timer.c"
Invoking: ARM Compiler
"C:/ti/ccs1110/ccs/tools/compiler/ti-cgt-arm_20.2.5.LTS/bin/armcl" -mv7M4 --code_state=16 --float_support=FPv4SPD16 --abi=eabi -me -O2 --include_path="C:/ti/ccs1110/ccs/tools/compiler/ti-cgt-arm_20.2.5.LTS/include" --include_path="C:/ti/TivaWare_C_Series-2.2.0.295" --advice:power=all -g --gcc --define=ccs="ccs" --define=PART_TM4C1230C3PM --diag_warning=225 --diag_wrap=off --display_error_number --gen_func_subsections=on --ual --preproc_with_compile --preproc_dependency="timer.d_raw"  "C:/ti/TivaWare_C_Series-2.2.0.295/driverlib/timer.c"
"C:/ti/TivaWare_C_Series-2.2.0.295/driverlib/timer.c", line 86: remark #1534-D: (ULP 7.1) Detected use of global variable "g_ui8TimerIntMapRows" within one function "_TimerIntNumberGet". Recommend placing variable in the function locally
"C:/ti/TivaWare_C_Series-2.2.0.295/driverlib/timer.c", line 100: remark #1534-D: (ULP 7.1) Detected use of global variable "g_ui8TimerIntMapRowsSnowflake" within one function "_TimerIntNumberGet". Recommend placing variable in the function locally
Finished building: "C:/ti/TivaWare_C_Series-2.2.0.295/driverlib/timer.c"
 
Building file: "C:/ti/TivaWare_C_Series-2.2.0.295/driverlib/uart.c"
Invoking: ARM Compiler
"C:/ti/ccs1110/ccs/tools/compiler/ti-cgt-arm_20.2.5.LTS/bin/armcl" -mv7M4 --code_state=16 --float_support=FPv4SPD16 --abi=eabi -me -O2 --include_path="C:/ti/ccs1110/ccs/tools/compiler/ti-cgt-arm_20.2.5.LTS/include" --include_path="C:/ti/TivaWare_C_Series-2.2.0.295" --advice:power=all -g --gcc --define=ccs="ccs" --define=PART_TM4C1230C3PM --diag_warning=225 --diag_wrap=off --display_error_number --gen_func_subsections=on --ual --preproc_with_compile --preproc_dependency="uart.d_raw"  "C:/ti/TivaWare_C_Series-2.2.0.295/driverlib/uart.c"
"C:/ti/TivaWare_C_Series-2.2.0.295/driverlib/uart.c", line 565: remark #1528-D: (ULP 3.1) Detected flag polling using UART_FR_BUSY. Recommend using an interrupt combined with enter LPMx and ISR
"C:/ti/TivaWare_C_Series-2.2.0.295/driverlib/uart.c", line 1241: remark #1527-D: (ULP 2.1) Detected SW delay loop using empty loop. Recommend using a timer module instead
"C:/ti/TivaWare_C_Series-2.2.0.295/driverlib/uart.c", line 1325: remark #1527-D: (ULP 2.1) Detected SW delay loop using empty loop. Recommend using a timer module instead
"C:/ti/TivaWare_C_Series-2.2.0.295/driverlib/uart.c", line 1969: remark #1527-D: (ULP 2.1) Detected SW delay loop using empty loop. Recommend using a timer module instead
"C:/ti/TivaWare_C_Series-2.2.0.295/driverlib/uart.c", line 1989: remark #1527-D: (ULP 2.1) Detected SW delay loop using empty loop. Recommend using a timer module instead
"C:/ti/TivaWare_C_Series-2.2.0.295/driverlib/uart.c", line 82: remark #1534-D: (ULP 7.1) Detected use of global variable "g_ui8UARTIntMapRows" within one function "_UARTIntNumberGet". Recommend placing variable in the function locally
"C:/ti/TivaWare_C_Series-2.2.0.295/driverlib/uart.c", line 95: remark #1534-D: (ULP 7.1) Detected use of global variable "g_ui8UARTIntMapRowsSnowflake" within one function "_UARTIntNumberGet". Recommend placing variable in the function locally
Finished building: "C:/ti/TivaWare_C_Series-2.2.0.295/driverlib/uart.c"
 
Building file: "C:/ti/TivaWare_C_Series-2.2.0.295/driverlib/udma.c"
Invoking: ARM Compiler
"C:/ti/ccs1110/ccs/tools/compiler/ti-cgt-arm_20.2.5.LTS/bin/armcl" -mv7M4 --code_state=16 --float_support=FPv4SPD16 --abi=eabi -me -O2 --include_path="C:/ti/ccs1110/ccs/tools/compiler/ti-cgt-arm_20.2.5.LTS/include" --include_path="C:/ti/TivaWare_C_Series-2.2.0.295" --advice:power=all -g --gcc --define=ccs="ccs" --define=PART_TM4C1230C3PM --diag_warning=225 --diag_wrap=off --display_error_number --gen_func_subsections=on --ual --preproc_with_compile --preproc_dependency="udma.d_raw"  "C:/ti/TivaWare_C_Series-2.2.0.295/driverlib/udma.c"
Finished building: "C:/ti/TivaWare_C_Series-2.2.0.295/driverlib/udma.c"
 
Building file: "C:/ti/TivaWare_C_Series-2.2.0.295/driverlib/usb.c"
Invoking: ARM Compiler
"C:/ti/ccs1110/ccs/tools/compiler/ti-cgt-arm_20.2.5.LTS/bin/armcl" -mv7M4 --code_state=16 --float_support=FPv4SPD16 --abi=eabi -me -O2 --include_path="C:/ti/ccs1110/ccs/tools/compiler/ti-cgt-arm_20.2.5.LTS/include" --include_path="C:/ti/TivaWare_C_Series-2.2.0.295" --advice:power=all -g --gcc --define=ccs="ccs" --define=PART_TM4C1230C3PM --diag_warning=225 --diag_wrap=off --display_error_number --gen_func_subsections=on --ual --preproc_with_compile --preproc_dependency="usb.d_raw"  "C:/ti/TivaWare_C_Series-2.2.0.295/driverlib/usb.c"
"C:/ti/TivaWare_C_Series-2.2.0.295/driverlib/usb.c", line 5109: remark #1527-D: (ULP 2.1) Detected SW delay loop using empty loop. Recommend using a timer module instead
"C:/ti/TivaWare_C_Series-2.2.0.295/driverlib/usb.c", line 5166: remark #1527-D: (ULP 2.1) Detected SW delay loop using empty loop. Recommend using a timer module instead
Finished building: "C:/ti/TivaWare_C_Series-2.2.0.295/driverlib/usb.c"
 
Building file: "C:/ti/TivaWare_C_Series-2.2.0.295/driverlib/watchdog.c"
Invoking: ARM Compiler
"C:/ti/ccs1110/ccs/tools/compiler/ti-cgt-arm_20.2.5.LTS/bin/armcl" -mv7M4 --code_state=16 --float_support=FPv4SPD16 --abi=eabi -me -O2 --include_path="C:/ti/ccs1110/ccs/tools/compiler/ti-cgt-arm_20.2.5.LTS/include" --include_path="C:/ti/TivaWare_C_Series-2.2.0.295" --advice:power=all -g --gcc --define=ccs="ccs" --define=PART_TM4C1230C3PM --diag_warning=225 --diag_wrap=off --display_error_number --gen_func_subsections=on --ual --preproc_with_compile --preproc_dependency="watchdog.d_raw"  "C:/ti/TivaWare_C_Series-2.2.0.295/driverlib/watchdog.c"
Finished building: "C:/ti/TivaWare_C_Series-2.2.0.295/driverlib/watchdog.c"
 
Building target: "driverlib.lib"
Invoking: ARM Archiver
"C:/ti/ccs1110/ccs/tools/compiler/ti-cgt-arm_20.2.5.LTS/bin/armar" r "driverlib.lib" "./adc.obj" "./aes.obj" "./can.obj" "./comp.obj" "./cpu.obj" "./crc.obj" "./des.obj" "./eeprom.obj" "./emac.obj" "./epi.obj" "./epi_workaround_ccs.obj" "./flash.obj" "./fpu.obj" "./gpio.obj" "./hibernate.obj" "./i2c.obj" "./interrupt.obj" "./lcd.obj" "./mpu.obj" "./onewire.obj" "./pwm.obj" "./qei.obj" "./shamd5.obj" "./ssi.obj" "./sw_crc.obj" "./sysctl.obj" "./sysexc.obj" "./systick.obj" "./timer.obj" "./uart.obj" "./udma.obj" "./usb.obj" "./watchdog.obj" 
  ==>  new archive 'driverlib.lib'
  ==>  building archive 'driverlib.lib'
Finished building target: "driverlib.lib"
 

**** Build Finished ****

**** Build of configuration Debug for project move ****

"C:\\ti\\ccs1110\\ccs\\utils\\bin\\gmake" -k -j 16 all -O 
 
Building file: "../main.c"
Invoking: Arm Compiler
"C:/ti/ccs1110/ccs/tools/compiler/ti-cgt-arm_20.2.5.LTS/bin/armcl" -mv7M4 --code_state=16 --float_support=FPv4SPD16 -me --include_path="C:/Users/shiliu/workspace_v11/move" --include_path="{TM4C}" --include_path="C:/ti/ccs1110/ccs/tools/compiler/ti-cgt-arm_20.2.5.LTS/include" --define=ccs="ccs" --define=PART_TM4C123GH6PM -g --gcc --diag_warning=225 --diag_wrap=off --display_error_number --abi=eabi --preproc_with_compile --preproc_dependency="main.d_raw"  "../main.c"
 
>> Compilation failure
subdir_rules.mk:9: recipe for target 'main.obj' failed
"../main.c", line 1: fatal error #1965: cannot open source file "TM4C123GH6PM.h"
1 catastrophic error detected in the compilation of "../main.c".
Compilation terminated.
gmake: *** [main.obj] Error 1
gmake: Target 'all' not remade because of errors.

**** Build Finished ****

**** Build of configuration Debug for project driverlib ****

"C:\\ti\\ccs1110\\ccs\\utils\\bin\\gmake" -k all 
 
Building target: "driverlib.lib"
Invoking: ARM Archiver
"C:/ti/ccs1110/ccs/tools/compiler/ti-cgt-arm_20.2.5.LTS/bin/armar" r "driverlib.lib" "./adc.obj" "./aes.obj" "./can.obj" "./comp.obj" "./cpu.obj" "./crc.obj" "./des.obj" "./eeprom.obj" "./emac.obj" "./epi.obj" "./epi_workaround_ccs.obj" "./flash.obj" "./fpu.obj" "./gpio.obj" "./hibernate.obj" "./i2c.obj" "./interrupt.obj" "./lcd.obj" "./mpu.obj" "./onewire.obj" "./pwm.obj" "./qei.obj" "./shamd5.obj" "./ssi.obj" "./sw_crc.obj" "./sysctl.obj" "./sysexc.obj" "./systick.obj" "./timer.obj" "./uart.obj" "./udma.obj" "./usb.obj" "./watchdog.obj" 
  ==>  new archive 'driverlib.lib'
  ==>  building archive 'driverlib.lib'
Finished building target: "driverlib.lib"
 

**** Build Finished ****

**** Build of configuration Debug for project move ****

"C:\\ti\\ccs1110\\ccs\\utils\\bin\\gmake" -k -j 16 all -O 
 
Building file: "../main.c"
Invoking: Arm Compiler
"C:/ti/ccs1110/ccs/tools/compiler/ti-cgt-arm_20.2.5.LTS/bin/armcl" -mv7M4 --code_state=16 --float_support=FPv4SPD16 -me --include_path="C:/Users/shiliu/workspace_v11/move" --include_path="{TM4C}" --include_path="C:/ti/ccs1110/ccs/tools/compiler/ti-cgt-arm_20.2.5.LTS/include" --define=ccs="ccs" --define=PART_TM4C123GH6PM -g --gcc --diag_warning=225 --diag_wrap=off --display_error_number --abi=eabi --preproc_with_compile --preproc_dependency="main.d_raw"  "../main.c"
 
>> Compilation failure
subdir_rules.mk:9: recipe for target 'main.obj' failed
"../main.c", line 1: fatal error #1965: cannot open source file "TM4C123GH6PM.h"
1 catastrophic error detected in the compilation of "../main.c".
Compilation terminated.
gmake: *** [main.obj] Error 1
gmake: Target 'all' not remade because of errors.

**** Build Finished ****

**** Build of configuration Debug for project move ****

"C:\\ti\\ccs1110\\ccs\\utils\\bin\\gmake" -k -j 16 all -O 
 
Building file: "../main.c"
Invoking: Arm Compiler
"C:/ti/ccs1110/ccs/tools/compiler/ti-cgt-arm_20.2.5.LTS/bin/armcl" -mv7M4 --code_state=16 --float_support=FPv4SPD16 -me --include_path="C:/Users/shiliu/workspace_v11/move" --include_path="{TM4C}" --include_path="C:/ti/ccs1110/ccs/tools/compiler/ti-cgt-arm_20.2.5.LTS/include" --define=ccs="ccs" --define=PART_TM4C123GH6PM -g --gcc --diag_warning=225 --diag_wrap=off --display_error_number --abi=eabi --preproc_with_compile --preproc_dependency="main.d_raw"  "../main.c"
 
>> Compilation failure
subdir_rules.mk:9: recipe for target 'main.obj' failed
"../main.c", line 1: fatal error #1965: cannot open source file "TM4C123GH6PM.h"
1 catastrophic error detected in the compilation of "../main.c".
Compilation terminated.
gmake: *** [main.obj] Error 1
gmake: Target 'all' not remade because of errors.

**** Build Finished ****

**** Build of configuration Debug for project test ****

"C:\\ti\\ccs1110\\ccs\\utils\\bin\\gmake" -k -j 16 all -O 
 
Building file: "../main.c"
Invoking: Arm Compiler
"C:/ti/ccs1110/ccs/tools/compiler/ti-cgt-arm_20.2.5.LTS/bin/armcl" -mv7M4 --code_state=16 --float_support=FPv4SPD16 -me --include_path="C:/Users/shiliu/workspace_v11/test" --include_path="C:/ti/ccs1110/ccs/tools/compiler/ti-cgt-arm_20.2.5.LTS/include" --define=ccs="ccs" --define=PART_TM4C123GH6PM -g --gcc --diag_warning=225 --diag_wrap=off --display_error_number --abi=eabi --preproc_with_compile --preproc_dependency="main.d_raw"  "../main.c"
 
>> Compilation failure
subdir_rules.mk:9: recipe for target 'main.obj' failed
"../main.c", line 1: fatal error #1965: cannot open source file "TM4C123GH6PM.h"
1 catastrophic error detected in the compilation of "../main.c".
Compilation terminated.
gmake: *** [main.obj] Error 1
Building file: "../tm4c123gh6pm_startup_ccs.c"
Invoking: Arm Compiler
"C:/ti/ccs1110/ccs/tools/compiler/ti-cgt-arm_20.2.5.LTS/bin/armcl" -mv7M4 --code_state=16 --float_support=FPv4SPD16 -me --include_path="C:/Users/shiliu/workspace_v11/test" --include_path="C:/ti/ccs1110/ccs/tools/compiler/ti-cgt-arm_20.2.5.LTS/include" --define=ccs="ccs" --define=PART_TM4C123GH6PM -g --gcc --diag_warning=225 --diag_wrap=off --display_error_number --abi=eabi --preproc_with_compile --preproc_dependency="tm4c123gh6pm_startup_ccs.d_raw"  "../tm4c123gh6pm_startup_ccs.c"
Finished building: "../tm4c123gh6pm_startup_ccs.c"
 
gmake: Target 'all' not remade because of errors.

**** Build Finished ****

**** Clean-only build of configuration Debug for project driverlib ****

"C:\\ti\\ccs1110\\ccs\\utils\\bin\\gmake" -k clean 
 
DEL /F  "driverlib.lib" 
DEL /F "adc.obj" "aes.obj" "can.obj" "comp.obj" "cpu.obj" "crc.obj" "des.obj" "eeprom.obj" "emac.obj" "epi.obj" "epi_workaround_ccs.obj" "flash.obj" "fpu.obj" "gpio.obj" "hibernate.obj" "i2c.obj" "interrupt.obj" "lcd.obj" "mpu.obj" "onewire.obj" "pwm.obj" "qei.obj" "shamd5.obj" "ssi.obj" "sw_crc.obj" "sysctl.obj" "sysexc.obj" "systick.obj" "timer.obj" "uart.obj" "udma.obj" "usb.obj" "watchdog.obj" 
DEL /F "adc.d" "aes.d" "can.d" "comp.d" "cpu.d" "crc.d" "des.d" "eeprom.d" "emac.d" "epi.d" "flash.d" "fpu.d" "gpio.d" "hibernate.d" "i2c.d" "interrupt.d" "lcd.d" "mpu.d" "onewire.d" "pwm.d" "qei.d" "shamd5.d" "ssi.d" "sw_crc.d" "sysctl.d" "sysexc.d" "systick.d" "timer.d" "uart.d" "udma.d" "usb.d" "watchdog.d" 
DEL /F "epi_workaround_ccs.d" 
Could Not Find C:\ti\TivaWare_C_Series-2.2.0.295\driverlib\ccs\Debug\epi_workaround_ccs.d
Finished clean
 

**** Build Finished ****

**** Build of configuration Debug for project driverlib ****

"C:\\ti\\ccs1110\\ccs\\utils\\bin\\gmake" -k all 
 
Building file: "C:/ti/TivaWare_C_Series-2.2.0.295/driverlib/adc.c"
Invoking: ARM Compiler
"C:/ti/ccs1110/ccs/tools/compiler/ti-cgt-arm_20.2.5.LTS/bin/armcl" -mv7M4 --code_state=16 --float_support=FPv4SPD16 --abi=eabi -me -O2 --include_path="C:/ti/ccs1110/ccs/tools/compiler/ti-cgt-arm_20.2.5.LTS/include" --include_path="C:/ti/TivaWare_C_Series-2.2.0.295" --advice:power=all -g --gcc --define=ccs="ccs" --define=PART_TM4C1230C3PM --diag_warning=225 --diag_wrap=off --display_error_number --gen_func_subsections=on --ual --preproc_with_compile --preproc_dependency="adc.d_raw"  "C:/ti/TivaWare_C_Series-2.2.0.295/driverlib/adc.c"
"C:/ti/TivaWare_C_Series-2.2.0.295/driverlib/adc.c", line 954: remark #1527-D: (ULP 2.1) Detected SW delay loop using empty loop. Recommend using a timer module instead
"C:/ti/TivaWare_C_Series-2.2.0.295/driverlib/adc.c", line 1200: remark #1527-D: (ULP 2.1) Detected SW delay loop using empty loop. Recommend using a timer module instead
Finished building: "C:/ti/TivaWare_C_Series-2.2.0.295/driverlib/adc.c"
 
Building file: "C:/ti/TivaWare_C_Series-2.2.0.295/driverlib/aes.c"
Invoking: ARM Compiler
"C:/ti/ccs1110/ccs/tools/compiler/ti-cgt-arm_20.2.5.LTS/bin/armcl" -mv7M4 --code_state=16 --float_support=FPv4SPD16 --abi=eabi -me -O2 --include_path="C:/ti/ccs1110/ccs/tools/compiler/ti-cgt-arm_20.2.5.LTS/include" --include_path="C:/ti/TivaWare_C_Series-2.2.0.295" --advice:power=all -g --gcc --define=ccs="ccs" --define=PART_TM4C1230C3PM --diag_warning=225 --diag_wrap=off --display_error_number --gen_func_subsections=on --ual --preproc_with_compile --preproc_dependency="aes.d_raw"  "C:/ti/TivaWare_C_Series-2.2.0.295/driverlib/aes.c"
"C:/ti/TivaWare_C_Series-2.2.0.295/driverlib/aes.c", line 87: remark #1527-D: (ULP 2.1) Detected SW delay loop using empty loop. Recommend using a timer module instead
"C:/ti/TivaWare_C_Series-2.2.0.295/driverlib/aes.c", line 449: remark #1527-D: (ULP 2.1) Detected SW delay loop using empty loop. Recommend using a timer module instead
"C:/ti/TivaWare_C_Series-2.2.0.295/driverlib/aes.c", line 487: remark #1527-D: (ULP 2.1) Detected SW delay loop using empty loop. Recommend using a timer module instead
"C:/ti/TivaWare_C_Series-2.2.0.295/driverlib/aes.c", line 645: remark #1527-D: (ULP 2.1) Detected SW delay loop using empty loop. Recommend using a timer module instead
"C:/ti/TivaWare_C_Series-2.2.0.295/driverlib/aes.c", line 728: remark #1527-D: (ULP 2.1) Detected SW delay loop using empty loop. Recommend using a timer module instead
Finished building: "C:/ti/TivaWare_C_Series-2.2.0.295/driverlib/aes.c"
 
Building file: "C:/ti/TivaWare_C_Series-2.2.0.295/driverlib/can.c"
Invoking: ARM Compiler
"C:/ti/ccs1110/ccs/tools/compiler/ti-cgt-arm_20.2.5.LTS/bin/armcl" -mv7M4 --code_state=16 --float_support=FPv4SPD16 --abi=eabi -me -O2 --include_path="C:/ti/ccs1110/ccs/tools/compiler/ti-cgt-arm_20.2.5.LTS/include" --include_path="C:/ti/TivaWare_C_Series-2.2.0.295" --advice:power=all -g --gcc --define=ccs="ccs" --define=PART_TM4C1230C3PM --diag_warning=225 --diag_wrap=off --display_error_number --gen_func_subsections=on --ual --preproc_with_compile --preproc_dependency="can.d_raw"  "C:/ti/TivaWare_C_Series-2.2.0.295/driverlib/can.c"
"C:/ti/TivaWare_C_Series-2.2.0.295/driverlib/can.c", line 344: remark #1528-D: (ULP 3.1) Detected flag polling using CAN_IF1CRQ_BUSY. Recommend using an interrupt combined with enter LPMx and ISR
"C:/ti/TivaWare_C_Series-2.2.0.295/driverlib/can.c", line 366: remark #1528-D: (ULP 3.1) Detected flag polling using CAN_IF1CRQ_BUSY. Recommend using an interrupt combined with enter LPMx and ISR
"C:/ti/TivaWare_C_Series-2.2.0.295/driverlib/can.c", line 391: remark #1528-D: (ULP 3.1) Detected flag polling using CAN_IF1CRQ_BUSY. Recommend using an interrupt combined with enter LPMx and ISR
"C:/ti/TivaWare_C_Series-2.2.0.295/driverlib/can.c", line 626: remark #2624-D: (ULP 5.4) Detected an assignment to a type with size less than int. To avoid unnecessary sign extension, use int-sized types for local varaibles and convert to smaller types for static storage.
"C:/ti/TivaWare_C_Series-2.2.0.295/driverlib/can.c", line 1112: remark #1528-D: (ULP 3.1) Detected flag polling using CAN_IF1CRQ_BUSY. Recommend using an interrupt combined with enter LPMx and ISR
"C:/ti/TivaWare_C_Series-2.2.0.295/driverlib/can.c", line 1130: remark #1528-D: (ULP 3.1) Detected flag polling using CAN_IF1CRQ_BUSY. Recommend using an interrupt combined with enter LPMx and ISR
"C:/ti/TivaWare_C_Series-2.2.0.295/driverlib/can.c", line 1518: remark #1528-D: (ULP 3.1) Detected flag polling using CAN_IF1CRQ_BUSY. Recommend using an interrupt combined with enter LPMx and ISR
"C:/ti/TivaWare_C_Series-2.2.0.295/driverlib/can.c", line 1564: remark #2624-D: (ULP 5.4) Detected an assignment to a type with size less than int. To avoid unnecessary sign extension, use int-sized types for local varaibles and convert to smaller types for static storage.
"C:/ti/TivaWare_C_Series-2.2.0.295/driverlib/can.c", line 1578: remark #2624-D: (ULP 5.4) Detected an assignment to a type with size less than int. To avoid unnecessary sign extension, use int-sized types for local varaibles and convert to smaller types for static storage.
"C:/ti/TivaWare_C_Series-2.2.0.295/driverlib/can.c", line 1623: remark #2624-D: (ULP 5.4) Detected an assignment to a type with size less than int. To avoid unnecessary sign extension, use int-sized types for local varaibles and convert to smaller types for static storage.
"C:/ti/TivaWare_C_Series-2.2.0.295/driverlib/can.c", line 1669: remark #2624-D: (ULP 5.4) Detected an assignment to a type with size less than int. To avoid unnecessary sign extension, use int-sized types for local varaibles and convert to smaller types for static storage.
"C:/ti/TivaWare_C_Series-2.2.0.295/driverlib/can.c", line 1670: remark #2624-D: (ULP 5.4) Detected an assignment to a type with size less than int. To avoid unnecessary sign extension, use int-sized types for local varaibles and convert to smaller types for static storage.
"C:/ti/TivaWare_C_Series-2.2.0.295/driverlib/can.c", line 1684: remark #2624-D: (ULP 5.4) Detected an assignment to a type with size less than int. To avoid unnecessary sign extension, use int-sized types for local varaibles and convert to smaller types for static storage.
"C:/ti/TivaWare_C_Series-2.2.0.295/driverlib/can.c", line 1695: remark #2624-D: (ULP 5.4) Detected an assignment to a type with size less than int. To avoid unnecessary sign extension, use int-sized types for local varaibles and convert to smaller types for static storage.
"C:/ti/TivaWare_C_Series-2.2.0.295/driverlib/can.c", line 1704: remark #2624-D: (ULP 5.4) Detected an assignment to a type with size less than int. To avoid unnecessary sign extension, use int-sized types for local varaibles and convert to smaller types for static storage.
"C:/ti/TivaWare_C_Series-2.2.0.295/driverlib/can.c", line 1714: remark #2624-D: (ULP 5.4) Detected an assignment to a type with size less than int. To avoid unnecessary sign extension, use int-sized types for local varaibles and convert to smaller types for static storage.
"C:/ti/TivaWare_C_Series-2.2.0.295/driverlib/can.c", line 1720: remark #2624-D: (ULP 5.4) Detected an assignment to a type with size less than int. To avoid unnecessary sign extension, use int-sized types for local varaibles and convert to smaller types for static storage.
"C:/ti/TivaWare_C_Series-2.2.0.295/driverlib/can.c", line 1726: remark #2624-D: (ULP 5.4) Detected an assignment to a type with size less than int. To avoid unnecessary sign extension, use int-sized types for local varaibles and convert to smaller types for static storage.
"C:/ti/TivaWare_C_Series-2.2.0.295/driverlib/can.c", line 1736: remark #2624-D: (ULP 5.4) Detected an assignment to a type with size less than int. To avoid unnecessary sign extension, use int-sized types for local varaibles and convert to smaller types for static storage.
"C:/ti/TivaWare_C_Series-2.2.0.295/driverlib/can.c", line 1737: remark #2624-D: (ULP 5.4) Detected an assignment to a type with size less than int. To avoid unnecessary sign extension, use int-sized types for local varaibles and convert to smaller types for static storage.
"C:/ti/TivaWare_C_Series-2.2.0.295/driverlib/can.c", line 1742: remark #2624-D: (ULP 5.4) Detected an assignment to a type with size less than int. To avoid unnecessary sign extension, use int-sized types for local varaibles and convert to smaller types for static storage.
"C:/ti/TivaWare_C_Series-2.2.0.295/driverlib/can.c", line 1750: remark #2624-D: (ULP 5.4) Detected an assignment to a type with size less than int. To avoid unnecessary sign extension, use int-sized types for local varaibles and convert to smaller types for static storage.
"C:/ti/TivaWare_C_Series-2.2.0.295/driverlib/can.c", line 1755: remark #2624-D: (ULP 5.4) Detected an assignment to a type with size less than int. To avoid unnecessary sign extension, use int-sized types for local varaibles and convert to smaller types for static storage.
"C:/ti/TivaWare_C_Series-2.2.0.295/driverlib/can.c", line 1762: remark #2624-D: (ULP 5.4) Detected an assignment to a type with size less than int. To avoid unnecessary sign extension, use int-sized types for local varaibles and convert to smaller types for static storage.
"C:/ti/TivaWare_C_Series-2.2.0.295/driverlib/can.c", line 1769: remark #2624-D: (ULP 5.4) Detected an assignment to a type with size less than int. To avoid unnecessary sign extension, use int-sized types for local varaibles and convert to smaller types for static storage.
"C:/ti/TivaWare_C_Series-2.2.0.295/driverlib/can.c", line 1777: remark #2624-D: (ULP 5.4) Detected an assignment to a type with size less than int. To avoid unnecessary sign extension, use int-sized types for local varaibles and convert to smaller types for static storage.
"C:/ti/TivaWare_C_Series-2.2.0.295/driverlib/can.c", line 1785: remark #2624-D: (ULP 5.4) Detected an assignment to a type with size less than int. To avoid unnecessary sign extension, use int-sized types for local varaibles and convert to smaller types for static storage.
"C:/ti/TivaWare_C_Series-2.2.0.295/driverlib/can.c", line 1902: remark #1528-D: (ULP 3.1) Detected flag polling using CAN_IF1CRQ_BUSY. Recommend using an interrupt combined with enter LPMx and ISR
"C:/ti/TivaWare_C_Series-2.2.0.295/driverlib/can.c", line 2069: remark #1528-D: (ULP 3.1) Detected flag polling using CAN_IF1CRQ_BUSY. Recommend using an interrupt combined with enter LPMx and ISR
"C:/ti/TivaWare_C_Series-2.2.0.295/driverlib/can.c", line 1885: remark #2624-D: (ULP 5.4) Detected an assignment to a type with size less than int. To avoid unnecessary sign extension, use int-sized types for local varaibles and convert to smaller types for static storage.
"C:/ti/TivaWare_C_Series-2.2.0.295/driverlib/can.c", line 1909: remark #2624-D: (ULP 5.4) Detected an assignment to a type with size less than int. To avoid unnecessary sign extension, use int-sized types for local varaibles and convert to smaller types for static storage.
"C:/ti/TivaWare_C_Series-2.2.0.295/driverlib/can.c", line 1910: remark #2624-D: (ULP 5.4) Detected an assignment to a type with size less than int. To avoid unnecessary sign extension, use int-sized types for local varaibles and convert to smaller types for static storage.
"C:/ti/TivaWare_C_Series-2.2.0.295/driverlib/can.c", line 1911: remark #2624-D: (ULP 5.4) Detected an assignment to a type with size less than int. To avoid unnecessary sign extension, use int-sized types for local varaibles and convert to smaller types for static storage.
"C:/ti/TivaWare_C_Series-2.2.0.295/driverlib/can.c", line 1912: remark #2624-D: (ULP 5.4) Detected an assignment to a type with size less than int. To avoid unnecessary sign extension, use int-sized types for local varaibles and convert to smaller types for static storage.
"C:/ti/TivaWare_C_Series-2.2.0.295/driverlib/can.c", line 1913: remark #2624-D: (ULP 5.4) Detected an assignment to a type with size less than int. To avoid unnecessary sign extension, use int-sized types for local varaibles and convert to smaller types for static storage.
"C:/ti/TivaWare_C_Series-2.2.0.295/driverlib/can.c", line 2121: remark #1528-D: (ULP 3.1) Detected flag polling using CAN_IF1CRQ_BUSY. Recommend using an interrupt combined with enter LPMx and ISR
Finished building: "C:/ti/TivaWare_C_Series-2.2.0.295/driverlib/can.c"
 
Building file: "C:/ti/TivaWare_C_Series-2.2.0.295/driverlib/comp.c"
Invoking: ARM Compiler
"C:/ti/ccs1110/ccs/tools/compiler/ti-cgt-arm_20.2.5.LTS/bin/armcl" -mv7M4 --code_state=16 --float_support=FPv4SPD16 --abi=eabi -me -O2 --include_path="C:/ti/ccs1110/ccs/tools/compiler/ti-cgt-arm_20.2.5.LTS/include" --include_path="C:/ti/TivaWare_C_Series-2.2.0.295" --advice:power=all -g --gcc --define=ccs="ccs" --define=PART_TM4C1230C3PM --diag_warning=225 --diag_wrap=off --display_error_number --gen_func_subsections=on --ual --preproc_with_compile --preproc_dependency="comp.d_raw"  "C:/ti/TivaWare_C_Series-2.2.0.295/driverlib/comp.c"
Finished building: "C:/ti/TivaWare_C_Series-2.2.0.295/driverlib/comp.c"
 
Building file: "C:/ti/TivaWare_C_Series-2.2.0.295/driverlib/cpu.c"
Invoking: ARM Compiler
"C:/ti/ccs1110/ccs/tools/compiler/ti-cgt-arm_20.2.5.LTS/bin/armcl" -mv7M4 --code_state=16 --float_support=FPv4SPD16 --abi=eabi -me -O2 --include_path="C:/ti/ccs1110/ccs/tools/compiler/ti-cgt-arm_20.2.5.LTS/include" --include_path="C:/ti/TivaWare_C_Series-2.2.0.295" --advice:power=all -g --gcc --define=ccs="ccs" --define=PART_TM4C1230C3PM --diag_warning=225 --diag_wrap=off --display_error_number --gen_func_subsections=on --ual --preproc_with_compile --preproc_dependency="cpu.d_raw"  "C:/ti/TivaWare_C_Series-2.2.0.295/driverlib/cpu.c"
Finished building: "C:/ti/TivaWare_C_Series-2.2.0.295/driverlib/cpu.c"
 
Building file: "C:/ti/TivaWare_C_Series-2.2.0.295/driverlib/crc.c"
Invoking: ARM Compiler
"C:/ti/ccs1110/ccs/tools/compiler/ti-cgt-arm_20.2.5.LTS/bin/armcl" -mv7M4 --code_state=16 --float_support=FPv4SPD16 --abi=eabi -me -O2 --include_path="C:/ti/ccs1110/ccs/tools/compiler/ti-cgt-arm_20.2.5.LTS/include" --include_path="C:/ti/TivaWare_C_Series-2.2.0.295" --advice:power=all -g --gcc --define=ccs="ccs" --define=PART_TM4C1230C3PM --diag_warning=225 --diag_wrap=off --display_error_number --gen_func_subsections=on --ual --preproc_with_compile --preproc_dependency="crc.d_raw"  "C:/ti/TivaWare_C_Series-2.2.0.295/driverlib/crc.c"
Finished building: "C:/ti/TivaWare_C_Series-2.2.0.295/driverlib/crc.c"
 
Building file: "C:/ti/TivaWare_C_Series-2.2.0.295/driverlib/des.c"
Invoking: ARM Compiler
"C:/ti/ccs1110/ccs/tools/compiler/ti-cgt-arm_20.2.5.LTS/bin/armcl" -mv7M4 --code_state=16 --float_support=FPv4SPD16 --abi=eabi -me -O2 --include_path="C:/ti/ccs1110/ccs/tools/compiler/ti-cgt-arm_20.2.5.LTS/include" --include_path="C:/ti/TivaWare_C_Series-2.2.0.295" --advice:power=all -g --gcc --define=ccs="ccs" --define=PART_TM4C1230C3PM --diag_warning=225 --diag_wrap=off --display_error_number --gen_func_subsections=on --ual --preproc_with_compile --preproc_dependency="des.d_raw"  "C:/ti/TivaWare_C_Series-2.2.0.295/driverlib/des.c"
"C:/ti/TivaWare_C_Series-2.2.0.295/driverlib/des.c", line 84: remark #1527-D: (ULP 2.1) Detected SW delay loop using empty loop. Recommend using a timer module instead
"C:/ti/TivaWare_C_Series-2.2.0.295/driverlib/des.c", line 326: remark #1527-D: (ULP 2.1) Detected SW delay loop using empty loop. Recommend using a timer module instead
"C:/ti/TivaWare_C_Series-2.2.0.295/driverlib/des.c", line 403: remark #1527-D: (ULP 2.1) Detected SW delay loop using empty loop. Recommend using a timer module instead
"C:/ti/TivaWare_C_Series-2.2.0.295/driverlib/des.c", line 463: remark #1527-D: (ULP 2.1) Detected SW delay loop using empty loop. Recommend using a timer module instead
"C:/ti/TivaWare_C_Series-2.2.0.295/driverlib/des.c", line 475: remark #1527-D: (ULP 2.1) Detected SW delay loop using empty loop. Recommend using a timer module instead
Finished building: "C:/ti/TivaWare_C_Series-2.2.0.295/driverlib/des.c"
 
Building file: "C:/ti/TivaWare_C_Series-2.2.0.295/driverlib/eeprom.c"
Invoking: ARM Compiler
"C:/ti/ccs1110/ccs/tools/compiler/ti-cgt-arm_20.2.5.LTS/bin/armcl" -mv7M4 --code_state=16 --float_support=FPv4SPD16 --abi=eabi -me -O2 --include_path="C:/ti/ccs1110/ccs/tools/compiler/ti-cgt-arm_20.2.5.LTS/include" --include_path="C:/ti/TivaWare_C_Series-2.2.0.295" --advice:power=all -g --gcc --define=ccs="ccs" --define=PART_TM4C1230C3PM --diag_warning=225 --diag_wrap=off --display_error_number --gen_func_subsections=on --ual --preproc_with_compile --preproc_dependency="eeprom.d_raw"  "C:/ti/TivaWare_C_Series-2.2.0.295/driverlib/eeprom.c"
"C:/ti/TivaWare_C_Series-2.2.0.295/driverlib/eeprom.c", line 143: remark #1527-D: (ULP 2.1) Detected SW delay loop using empty loop. Recommend using a timer module instead
"C:/ti/TivaWare_C_Series-2.2.0.295/driverlib/eeprom.c", line 726: remark #1527-D: (ULP 2.1) Detected SW delay loop using empty loop. Recommend using a timer module instead
"C:/ti/TivaWare_C_Series-2.2.0.295/driverlib/eeprom.c", line 813: remark #1527-D: (ULP 2.1) Detected SW delay loop using empty loop. Recommend using a timer module instead
Finished building: "C:/ti/TivaWare_C_Series-2.2.0.295/driverlib/eeprom.c"
 
Building file: "C:/ti/TivaWare_C_Series-2.2.0.295/driverlib/emac.c"
Invoking: ARM Compiler
"C:/ti/ccs1110/ccs/tools/compiler/ti-cgt-arm_20.2.5.LTS/bin/armcl" -mv7M4 --code_state=16 --float_support=FPv4SPD16 --abi=eabi -me -O2 --include_path="C:/ti/ccs1110/ccs/tools/compiler/ti-cgt-arm_20.2.5.LTS/include" --include_path="C:/ti/TivaWare_C_Series-2.2.0.295" --advice:power=all -g --gcc --define=ccs="ccs" --define=PART_TM4C1230C3PM --diag_warning=225 --diag_wrap=off --display_error_number --gen_func_subsections=on --ual --preproc_with_compile --preproc_dependency="emac.d_raw"  "C:/ti/TivaWare_C_Series-2.2.0.295/driverlib/emac.c"
"C:/ti/TivaWare_C_Series-2.2.0.295/driverlib/emac.c", line 329: remark #1527-D: (ULP 2.1) Detected SW delay loop using empty loop. Recommend using a timer module instead
"C:/ti/TivaWare_C_Series-2.2.0.295/driverlib/emac.c", line 444: remark #1527-D: (ULP 2.1) Detected SW delay loop using empty loop. Recommend using a timer module instead
"C:/ti/TivaWare_C_Series-2.2.0.295/driverlib/emac.c", line 602: remark #1527-D: (ULP 2.1) Detected SW delay loop using empty loop. Recommend using a timer module instead
"C:/ti/TivaWare_C_Series-2.2.0.295/driverlib/emac.c", line 2222: remark #1527-D: (ULP 2.1) Detected SW delay loop using empty loop. Recommend using a timer module instead
"C:/ti/TivaWare_C_Series-2.2.0.295/driverlib/emac.c", line 2868: remark #1527-D: (ULP 2.1) Detected SW delay loop using empty loop. Recommend using a timer module instead
"C:/ti/TivaWare_C_Series-2.2.0.295/driverlib/emac.c", line 2889: remark #1527-D: (ULP 2.1) Detected SW delay loop using empty loop. Recommend using a timer module instead
"C:/ti/TivaWare_C_Series-2.2.0.295/driverlib/emac.c", line 2920: remark #1527-D: (ULP 2.1) Detected SW delay loop using empty loop. Recommend using a timer module instead
"C:/ti/TivaWare_C_Series-2.2.0.295/driverlib/emac.c", line 2935: remark #1527-D: (ULP 2.1) Detected SW delay loop using empty loop. Recommend using a timer module instead
"C:/ti/TivaWare_C_Series-2.2.0.295/driverlib/emac.c", line 3413: remark #1527-D: (ULP 2.1) Detected SW delay loop using empty loop. Recommend using a timer module instead
"C:/ti/TivaWare_C_Series-2.2.0.295/driverlib/emac.c", line 3513: remark #1527-D: (ULP 2.1) Detected SW delay loop using empty loop. Recommend using a timer module instead
"C:/ti/TivaWare_C_Series-2.2.0.295/driverlib/emac.c", line 3576: remark #1527-D: (ULP 2.1) Detected SW delay loop using empty loop. Recommend using a timer module instead
"C:/ti/TivaWare_C_Series-2.2.0.295/driverlib/emac.c", line 3626: remark #1528-D: (ULP 3.1) Detected flag polling using EMAC_TARGNANO_TRGTBUSY. Recommend using an interrupt combined with enter LPMx and ISR
"C:/ti/TivaWare_C_Series-2.2.0.295/driverlib/emac.c", line 3792: remark #2624-D: (ULP 5.4) Detected an assignment to a type with size less than int. To avoid unnecessary sign extension, use int-sized types for local varaibles and convert to smaller types for static storage.
"C:/ti/TivaWare_C_Series-2.2.0.295/driverlib/emac.c", line 3875: remark #1527-D: (ULP 2.1) Detected SW delay loop using empty loop. Recommend using a timer module instead
"C:/ti/TivaWare_C_Series-2.2.0.295/driverlib/emac.c", line 3938: remark #1527-D: (ULP 2.1) Detected SW delay loop using empty loop. Recommend using a timer module instead
"C:/ti/TivaWare_C_Series-2.2.0.295/driverlib/emac.c", line 4278: remark #2624-D: (ULP 5.4) Detected an assignment to a type with size less than int. To avoid unnecessary sign extension, use int-sized types for local varaibles and convert to smaller types for static storage.
"C:/ti/TivaWare_C_Series-2.2.0.295/driverlib/emac.c", line 4719: remark #1527-D: (ULP 2.1) Detected SW delay loop using empty loop. Recommend using a timer module instead
"C:/ti/TivaWare_C_Series-2.2.0.295/driverlib/emac.c", line 4736: remark #1527-D: (ULP 2.1) Detected SW delay loop using empty loop. Recommend using a timer module instead
Finished building: "C:/ti/TivaWare_C_Series-2.2.0.295/driverlib/emac.c"
 
Building file: "C:/ti/TivaWare_C_Series-2.2.0.295/driverlib/epi.c"
Invoking: ARM Compiler
"C:/ti/ccs1110/ccs/tools/compiler/ti-cgt-arm_20.2.5.LTS/bin/armcl" -mv7M4 --code_state=16 --float_support=FPv4SPD16 --abi=eabi -me -O2 --include_path="C:/ti/ccs1110/ccs/tools/compiler/ti-cgt-arm_20.2.5.LTS/include" --include_path="C:/ti/TivaWare_C_Series-2.2.0.295" --advice:power=all -g --gcc --define=ccs="ccs" --define=PART_TM4C1230C3PM --diag_warning=225 --diag_wrap=off --display_error_number --gen_func_subsections=on --ual --preproc_with_compile --preproc_dependency="epi.d_raw"  "C:/ti/TivaWare_C_Series-2.2.0.295/driverlib/epi.c"
"C:/ti/TivaWare_C_Series-2.2.0.295/driverlib/epi.c", line 1283: remark #1527-D: (ULP 2.1) Detected SW delay loop using empty loop. Recommend using a timer module instead
Finished building: "C:/ti/TivaWare_C_Series-2.2.0.295/driverlib/epi.c"
 
Building file: "C:/ti/TivaWare_C_Series-2.2.0.295/driverlib/epi_workaround_ccs.s"
Invoking: ARM Compiler
"C:/ti/ccs1110/ccs/tools/compiler/ti-cgt-arm_20.2.5.LTS/bin/armcl" -mv7M4 --code_state=16 --float_support=FPv4SPD16 --abi=eabi -me -O2 --include_path="C:/ti/ccs1110/ccs/tools/compiler/ti-cgt-arm_20.2.5.LTS/include" --include_path="C:/ti/TivaWare_C_Series-2.2.0.295" --advice:power=all -g --gcc --define=ccs="ccs" --define=PART_TM4C1230C3PM --diag_warning=225 --diag_wrap=off --display_error_number --gen_func_subsections=on --ual --preproc_with_compile --preproc_dependency="epi_workaround_ccs.d_raw"  "C:/ti/TivaWare_C_Series-2.2.0.295/driverlib/epi_workaround_ccs.s"
Finished building: "C:/ti/TivaWare_C_Series-2.2.0.295/driverlib/epi_workaround_ccs.s"
 
Building file: "C:/ti/TivaWare_C_Series-2.2.0.295/driverlib/flash.c"
Invoking: ARM Compiler
"C:/ti/ccs1110/ccs/tools/compiler/ti-cgt-arm_20.2.5.LTS/bin/armcl" -mv7M4 --code_state=16 --float_support=FPv4SPD16 --abi=eabi -me -O2 --include_path="C:/ti/ccs1110/ccs/tools/compiler/ti-cgt-arm_20.2.5.LTS/include" --include_path="C:/ti/TivaWare_C_Series-2.2.0.295" --advice:power=all -g --gcc --define=ccs="ccs" --define=PART_TM4C1230C3PM --diag_warning=225 --diag_wrap=off --display_error_number --gen_func_subsections=on --ual --preproc_with_compile --preproc_dependency="flash.d_raw"  "C:/ti/TivaWare_C_Series-2.2.0.295/driverlib/flash.c"
"C:/ti/TivaWare_C_Series-2.2.0.295/driverlib/flash.c", line 152: remark #1527-D: (ULP 2.1) Detected SW delay loop using empty loop. Recommend using a timer module instead
"C:/ti/TivaWare_C_Series-2.2.0.295/driverlib/flash.c", line 238: remark #1527-D: (ULP 2.1) Detected SW delay loop using empty loop. Recommend using a timer module instead
"C:/ti/TivaWare_C_Series-2.2.0.295/driverlib/flash.c", line 509: remark #1527-D: (ULP 2.1) Detected SW delay loop using empty loop. Recommend using a timer module instead
"C:/ti/TivaWare_C_Series-2.2.0.295/driverlib/flash.c", line 682: remark #1527-D: (ULP 2.1) Detected SW delay loop using empty loop. Recommend using a timer module instead
"C:/ti/TivaWare_C_Series-2.2.0.295/driverlib/flash.c", line 695: remark #1527-D: (ULP 2.1) Detected SW delay loop using empty loop. Recommend using a timer module instead
"C:/ti/TivaWare_C_Series-2.2.0.295/driverlib/flash.c", line 746: remark #1527-D: (ULP 2.1) Detected SW delay loop using empty loop. Recommend using a timer module instead
Finished building: "C:/ti/TivaWare_C_Series-2.2.0.295/driverlib/flash.c"
 
Building file: "C:/ti/TivaWare_C_Series-2.2.0.295/driverlib/fpu.c"
Invoking: ARM Compiler
"C:/ti/ccs1110/ccs/tools/compiler/ti-cgt-arm_20.2.5.LTS/bin/armcl" -mv7M4 --code_state=16 --float_support=FPv4SPD16 --abi=eabi -me -O2 --include_path="C:/ti/ccs1110/ccs/tools/compiler/ti-cgt-arm_20.2.5.LTS/include" --include_path="C:/ti/TivaWare_C_Series-2.2.0.295" --advice:power=all -g --gcc --define=ccs="ccs" --define=PART_TM4C1230C3PM --diag_warning=225 --diag_wrap=off --display_error_number --gen_func_subsections=on --ual --preproc_with_compile --preproc_dependency="fpu.d_raw"  "C:/ti/TivaWare_C_Series-2.2.0.295/driverlib/fpu.c"
Finished building: "C:/ti/TivaWare_C_Series-2.2.0.295/driverlib/fpu.c"
 
Building file: "C:/ti/TivaWare_C_Series-2.2.0.295/driverlib/gpio.c"
Invoking: ARM Compiler
"C:/ti/ccs1110/ccs/tools/compiler/ti-cgt-arm_20.2.5.LTS/bin/armcl" -mv7M4 --code_state=16 --float_support=FPv4SPD16 --abi=eabi -me -O2 --include_path="C:/ti/ccs1110/ccs/tools/compiler/ti-cgt-arm_20.2.5.LTS/include" --include_path="C:/ti/TivaWare_C_Series-2.2.0.295" --advice:power=all -g --gcc --define=ccs="ccs" --define=PART_TM4C1230C3PM --diag_warning=225 --diag_wrap=off --display_error_number --gen_func_subsections=on --ual --preproc_with_compile --preproc_dependency="gpio.d_raw"  "C:/ti/TivaWare_C_Series-2.2.0.295/driverlib/gpio.c"
"C:/ti/TivaWare_C_Series-2.2.0.295/driverlib/gpio.c", line 354: remark #2624-D: (ULP 5.4) Detected an assignment to a type with size less than int. To avoid unnecessary sign extension, use int-sized types for local varaibles and convert to smaller types for static storage.
"C:/ti/TivaWare_C_Series-2.2.0.295/driverlib/gpio.c", line 473: remark #2624-D: (ULP 5.4) Detected an assignment to a type with size less than int. To avoid unnecessary sign extension, use int-sized types for local varaibles and convert to smaller types for static storage.
"C:/ti/TivaWare_C_Series-2.2.0.295/driverlib/gpio.c", line 584: remark #2624-D: (ULP 5.4) Detected an assignment to a type with size less than int. To avoid unnecessary sign extension, use int-sized types for local varaibles and convert to smaller types for static storage.
"C:/ti/TivaWare_C_Series-2.2.0.295/driverlib/gpio.c", line 712: remark #2624-D: (ULP 5.4) Detected an assignment to a type with size less than int. To avoid unnecessary sign extension, use int-sized types for local varaibles and convert to smaller types for static storage.
"C:/ti/TivaWare_C_Series-2.2.0.295/driverlib/gpio.c", line 90: remark #1534-D: (ULP 7.1) Detected use of global variable "g_ui32GPIOIntMapBlizzardRows" within one function "_GPIOIntNumberGet". Recommend placing variable in the function locally
"C:/ti/TivaWare_C_Series-2.2.0.295/driverlib/gpio.c", line 123: remark #1534-D: (ULP 7.1) Detected use of global variable "g_ui32GPIOIntMapSnowflakeRows" within one function "_GPIOIntNumberGet". Recommend placing variable in the function locally
Finished building: "C:/ti/TivaWare_C_Series-2.2.0.295/driverlib/gpio.c"
 
Building file: "C:/ti/TivaWare_C_Series-2.2.0.295/driverlib/hibernate.c"
Invoking: ARM Compiler
"C:/ti/ccs1110/ccs/tools/compiler/ti-cgt-arm_20.2.5.LTS/bin/armcl" -mv7M4 --code_state=16 --float_support=FPv4SPD16 --abi=eabi -me -O2 --include_path="C:/ti/ccs1110/ccs/tools/compiler/ti-cgt-arm_20.2.5.LTS/include" --include_path="C:/ti/TivaWare_C_Series-2.2.0.295" --advice:power=all -g --gcc --define=ccs="ccs" --define=PART_TM4C1230C3PM --diag_warning=225 --diag_wrap=off --display_error_number --gen_func_subsections=on --ual --preproc_with_compile --preproc_dependency="hibernate.d_raw"  "C:/ti/TivaWare_C_Series-2.2.0.295/driverlib/hibernate.c"
"C:/ti/TivaWare_C_Series-2.2.0.295/driverlib/hibernate.c", line 112: remark #1527-D: (ULP 2.1) Detected SW delay loop using empty loop. Recommend using a timer module instead
"C:/ti/TivaWare_C_Series-2.2.0.295/driverlib/hibernate.c", line 476: remark #1527-D: (ULP 2.1) Detected SW delay loop using empty loop. Recommend using a timer module instead
"C:/ti/TivaWare_C_Series-2.2.0.295/driverlib/hibernate.c", line 897: remark #1543-D: (ULP 12.2) Detected for loop with repetitive data transfer. Recommend using DMA
"C:/ti/TivaWare_C_Series-2.2.0.295/driverlib/hibernate.c", line 943: remark #1543-D: (ULP 12.2) Detected for loop with repetitive data transfer. Recommend using DMA
Finished building: "C:/ti/TivaWare_C_Series-2.2.0.295/driverlib/hibernate.c"
 
Building file: "C:/ti/TivaWare_C_Series-2.2.0.295/driverlib/i2c.c"
Invoking: ARM Compiler
"C:/ti/ccs1110/ccs/tools/compiler/ti-cgt-arm_20.2.5.LTS/bin/armcl" -mv7M4 --code_state=16 --float_support=FPv4SPD16 --abi=eabi -me -O2 --include_path="C:/ti/ccs1110/ccs/tools/compiler/ti-cgt-arm_20.2.5.LTS/include" --include_path="C:/ti/TivaWare_C_Series-2.2.0.295" --advice:power=all -g --gcc --define=ccs="ccs" --define=PART_TM4C1230C3PM --diag_warning=225 --diag_wrap=off --display_error_number --gen_func_subsections=on --ual --preproc_with_compile --preproc_dependency="i2c.d_raw"  "C:/ti/TivaWare_C_Series-2.2.0.295/driverlib/i2c.c"
"C:/ti/TivaWare_C_Series-2.2.0.295/driverlib/i2c.c", line 1838: remark #1527-D: (ULP 2.1) Detected SW delay loop using empty loop. Recommend using a timer module instead
"C:/ti/TivaWare_C_Series-2.2.0.295/driverlib/i2c.c", line 1913: remark #1527-D: (ULP 2.1) Detected SW delay loop using empty loop. Recommend using a timer module instead
"C:/ti/TivaWare_C_Series-2.2.0.295/driverlib/i2c.c", line 73: remark #1534-D: (ULP 7.1) Detected use of global variable "g_i8I2CIntMapRows" within one function "_I2CIntNumberGet". Recommend placing variable in the function locally
"C:/ti/TivaWare_C_Series-2.2.0.295/driverlib/i2c.c", line 89: remark #1534-D: (ULP 7.1) Detected use of global variable "g_i8I2CIntMapSnowflakeRows" within one function "_I2CIntNumberGet". Recommend placing variable in the function locally
Finished building: "C:/ti/TivaWare_C_Series-2.2.0.295/driverlib/i2c.c"
 
Building file: "C:/ti/TivaWare_C_Series-2.2.0.295/driverlib/interrupt.c"
Invoking: ARM Compiler
"C:/ti/ccs1110/ccs/tools/compiler/ti-cgt-arm_20.2.5.LTS/bin/armcl" -mv7M4 --code_state=16 --float_support=FPv4SPD16 --abi=eabi -me -O2 --include_path="C:/ti/ccs1110/ccs/tools/compiler/ti-cgt-arm_20.2.5.LTS/include" --include_path="C:/ti/TivaWare_C_Series-2.2.0.295" --advice:power=all -g --gcc --define=ccs="ccs" --define=PART_TM4C1230C3PM --diag_warning=225 --diag_wrap=off --display_error_number --gen_func_subsections=on --ual --preproc_with_compile --preproc_dependency="interrupt.d_raw"  "C:/ti/TivaWare_C_Series-2.2.0.295/driverlib/interrupt.c"
"C:/ti/TivaWare_C_Series-2.2.0.295/driverlib/interrupt.c", line 152: remark #1527-D: (ULP 2.1) Detected SW delay loop using empty loop. Recommend using a timer module instead
Finished building: "C:/ti/TivaWare_C_Series-2.2.0.295/driverlib/interrupt.c"
 
Building file: "C:/ti/TivaWare_C_Series-2.2.0.295/driverlib/lcd.c"
Invoking: ARM Compiler
"C:/ti/ccs1110/ccs/tools/compiler/ti-cgt-arm_20.2.5.LTS/bin/armcl" -mv7M4 --code_state=16 --float_support=FPv4SPD16 --abi=eabi -me -O2 --include_path="C:/ti/ccs1110/ccs/tools/compiler/ti-cgt-arm_20.2.5.LTS/include" --include_path="C:/ti/TivaWare_C_Series-2.2.0.295" --advice:power=all -g --gcc --define=ccs="ccs" --define=PART_TM4C1230C3PM --diag_warning=225 --diag_wrap=off --display_error_number --gen_func_subsections=on --ual --preproc_with_compile --preproc_dependency="lcd.d_raw"  "C:/ti/TivaWare_C_Series-2.2.0.295/driverlib/lcd.c"
Finished building: "C:/ti/TivaWare_C_Series-2.2.0.295/driverlib/lcd.c"
 
Building file: "C:/ti/TivaWare_C_Series-2.2.0.295/driverlib/mpu.c"
Invoking: ARM Compiler
"C:/ti/ccs1110/ccs/tools/compiler/ti-cgt-arm_20.2.5.LTS/bin/armcl" -mv7M4 --code_state=16 --float_support=FPv4SPD16 --abi=eabi -me -O2 --include_path="C:/ti/ccs1110/ccs/tools/compiler/ti-cgt-arm_20.2.5.LTS/include" --include_path="C:/ti/TivaWare_C_Series-2.2.0.295" --advice:power=all -g --gcc --define=ccs="ccs" --define=PART_TM4C1230C3PM --diag_warning=225 --diag_wrap=off --display_error_number --gen_func_subsections=on --ual --preproc_with_compile --preproc_dependency="mpu.d_raw"  "C:/ti/TivaWare_C_Series-2.2.0.295/driverlib/mpu.c"
Finished building: "C:/ti/TivaWare_C_Series-2.2.0.295/driverlib/mpu.c"
 
Building file: "C:/ti/TivaWare_C_Series-2.2.0.295/driverlib/onewire.c"
Invoking: ARM Compiler
"C:/ti/ccs1110/ccs/tools/compiler/ti-cgt-arm_20.2.5.LTS/bin/armcl" -mv7M4 --code_state=16 --float_support=FPv4SPD16 --abi=eabi -me -O2 --include_path="C:/ti/ccs1110/ccs/tools/compiler/ti-cgt-arm_20.2.5.LTS/include" --include_path="C:/ti/TivaWare_C_Series-2.2.0.295" --advice:power=all -g --gcc --define=ccs="ccs" --define=PART_TM4C1230C3PM --diag_warning=225 --diag_wrap=off --display_error_number --gen_func_subsections=on --ual --preproc_with_compile --preproc_dependency="onewire.d_raw"  "C:/ti/TivaWare_C_Series-2.2.0.295/driverlib/onewire.c"
"C:/ti/TivaWare_C_Series-2.2.0.295/driverlib/onewire.c", line 208: remark #1528-D: (ULP 3.1) Detected flag polling using ONEWIRE_CS_BUSY. Recommend using an interrupt combined with enter LPMx and ISR
Finished building: "C:/ti/TivaWare_C_Series-2.2.0.295/driverlib/onewire.c"
 
Building file: "C:/ti/TivaWare_C_Series-2.2.0.295/driverlib/pwm.c"
Invoking: ARM Compiler
"C:/ti/ccs1110/ccs/tools/compiler/ti-cgt-arm_20.2.5.LTS/bin/armcl" -mv7M4 --code_state=16 --float_support=FPv4SPD16 --abi=eabi -me -O2 --include_path="C:/ti/ccs1110/ccs/tools/compiler/ti-cgt-arm_20.2.5.LTS/include" --include_path="C:/ti/TivaWare_C_Series-2.2.0.295" --advice:power=all -g --gcc --define=ccs="ccs" --define=PART_TM4C1230C3PM --diag_warning=225 --diag_wrap=off --display_error_number --gen_func_subsections=on --ual --preproc_with_compile --preproc_dependency="pwm.d_raw"  "C:/ti/TivaWare_C_Series-2.2.0.295/driverlib/pwm.c"
Finished building: "C:/ti/TivaWare_C_Series-2.2.0.295/driverlib/pwm.c"
 
Building file: "C:/ti/TivaWare_C_Series-2.2.0.295/driverlib/qei.c"
Invoking: ARM Compiler
"C:/ti/ccs1110/ccs/tools/compiler/ti-cgt-arm_20.2.5.LTS/bin/armcl" -mv7M4 --code_state=16 --float_support=FPv4SPD16 --abi=eabi -me -O2 --include_path="C:/ti/ccs1110/ccs/tools/compiler/ti-cgt-arm_20.2.5.LTS/include" --include_path="C:/ti/TivaWare_C_Series-2.2.0.295" --advice:power=all -g --gcc --define=ccs="ccs" --define=PART_TM4C1230C3PM --diag_warning=225 --diag_wrap=off --display_error_number --gen_func_subsections=on --ual --preproc_with_compile --preproc_dependency="qei.d_raw"  "C:/ti/TivaWare_C_Series-2.2.0.295/driverlib/qei.c"
Finished building: "C:/ti/TivaWare_C_Series-2.2.0.295/driverlib/qei.c"
 
Building file: "C:/ti/TivaWare_C_Series-2.2.0.295/driverlib/shamd5.c"
Invoking: ARM Compiler
"C:/ti/ccs1110/ccs/tools/compiler/ti-cgt-arm_20.2.5.LTS/bin/armcl" -mv7M4 --code_state=16 --float_support=FPv4SPD16 --abi=eabi -me -O2 --include_path="C:/ti/ccs1110/ccs/tools/compiler/ti-cgt-arm_20.2.5.LTS/include" --include_path="C:/ti/TivaWare_C_Series-2.2.0.295" --advice:power=all -g --gcc --define=ccs="ccs" --define=PART_TM4C1230C3PM --diag_warning=225 --diag_wrap=off --display_error_number --gen_func_subsections=on --ual --preproc_with_compile --preproc_dependency="shamd5.d_raw"  "C:/ti/TivaWare_C_Series-2.2.0.295/driverlib/shamd5.c"
"C:/ti/TivaWare_C_Series-2.2.0.295/driverlib/shamd5.c", line 86: remark #1527-D: (ULP 2.1) Detected SW delay loop using empty loop. Recommend using a timer module instead
"C:/ti/TivaWare_C_Series-2.2.0.295/driverlib/shamd5.c", line 564: remark #1527-D: (ULP 2.1) Detected SW delay loop using empty loop. Recommend using a timer module instead
"C:/ti/TivaWare_C_Series-2.2.0.295/driverlib/shamd5.c", line 759: remark #1527-D: (ULP 2.1) Detected SW delay loop using empty loop. Recommend using a timer module instead
"C:/ti/TivaWare_C_Series-2.2.0.295/driverlib/shamd5.c", line 820: remark #1527-D: (ULP 2.1) Detected SW delay loop using empty loop. Recommend using a timer module instead
"C:/ti/TivaWare_C_Series-2.2.0.295/driverlib/shamd5.c", line 838: remark #1527-D: (ULP 2.1) Detected SW delay loop using empty loop. Recommend using a timer module instead
"C:/ti/TivaWare_C_Series-2.2.0.295/driverlib/shamd5.c", line 892: remark #1527-D: (ULP 2.1) Detected SW delay loop using empty loop. Recommend using a timer module instead
"C:/ti/TivaWare_C_Series-2.2.0.295/driverlib/shamd5.c", line 910: remark #1527-D: (ULP 2.1) Detected SW delay loop using empty loop. Recommend using a timer module instead
"C:/ti/TivaWare_C_Series-2.2.0.295/driverlib/shamd5.c", line 956: remark #1527-D: (ULP 2.1) Detected SW delay loop using empty loop. Recommend using a timer module instead
"C:/ti/TivaWare_C_Series-2.2.0.295/driverlib/shamd5.c", line 982: remark #1527-D: (ULP 2.1) Detected SW delay loop using empty loop. Recommend using a timer module instead
Finished building: "C:/ti/TivaWare_C_Series-2.2.0.295/driverlib/shamd5.c"
 
Building file: "C:/ti/TivaWare_C_Series-2.2.0.295/driverlib/ssi.c"
Invoking: ARM Compiler
"C:/ti/ccs1110/ccs/tools/compiler/ti-cgt-arm_20.2.5.LTS/bin/armcl" -mv7M4 --code_state=16 --float_support=FPv4SPD16 --abi=eabi -me -O2 --include_path="C:/ti/ccs1110/ccs/tools/compiler/ti-cgt-arm_20.2.5.LTS/include" --include_path="C:/ti/TivaWare_C_Series-2.2.0.295" --advice:power=all -g --gcc --define=ccs="ccs" --define=PART_TM4C1230C3PM --diag_warning=225 --diag_wrap=off --display_error_number --gen_func_subsections=on --ual --preproc_with_compile --preproc_dependency="ssi.d_raw"  "C:/ti/TivaWare_C_Series-2.2.0.295/driverlib/ssi.c"
"C:/ti/TivaWare_C_Series-2.2.0.295/driverlib/ssi.c", line 591: remark #1527-D: (ULP 2.1) Detected SW delay loop using empty loop. Recommend using a timer module instead
"C:/ti/TivaWare_C_Series-2.2.0.295/driverlib/ssi.c", line 677: remark #1527-D: (ULP 2.1) Detected SW delay loop using empty loop. Recommend using a timer module instead
"C:/ti/TivaWare_C_Series-2.2.0.295/driverlib/ssi.c", line 1021: remark #1527-D: (ULP 2.1) Detected SW delay loop using empty loop. Recommend using a timer module instead
"C:/ti/TivaWare_C_Series-2.2.0.295/driverlib/ssi.c", line 70: remark #1534-D: (ULP 7.1) Detected use of global variable "g_ui8SSIIntMapRows" within one function "_SSIIntNumberGet". Recommend placing variable in the function locally
"C:/ti/TivaWare_C_Series-2.2.0.295/driverlib/ssi.c", line 80: remark #1534-D: (ULP 7.1) Detected use of global variable "g_ui8SSIIntMapSnowflakeRows" within one function "_SSIIntNumberGet". Recommend placing variable in the function locally
Finished building: "C:/ti/TivaWare_C_Series-2.2.0.295/driverlib/ssi.c"
 
Building file: "C:/ti/TivaWare_C_Series-2.2.0.295/driverlib/sw_crc.c"
Invoking: ARM Compiler
"C:/ti/ccs1110/ccs/tools/compiler/ti-cgt-arm_20.2.5.LTS/bin/armcl" -mv7M4 --code_state=16 --float_support=FPv4SPD16 --abi=eabi -me -O2 --include_path="C:/ti/ccs1110/ccs/tools/compiler/ti-cgt-arm_20.2.5.LTS/include" --include_path="C:/ti/TivaWare_C_Series-2.2.0.295" --advice:power=all -g --gcc --define=ccs="ccs" --define=PART_TM4C1230C3PM --diag_warning=225 --diag_wrap=off --display_error_number --gen_func_subsections=on --ual --preproc_with_compile --preproc_dependency="sw_crc.d_raw"  "C:/ti/TivaWare_C_Series-2.2.0.295/driverlib/sw_crc.c"
"C:/ti/TivaWare_C_Series-2.2.0.295/driverlib/sw_crc.c", line 424: remark #2624-D: (ULP 5.4) Detected an assignment to a type with size less than int. To avoid unnecessary sign extension, use int-sized types for local varaibles and convert to smaller types for static storage.
"C:/ti/TivaWare_C_Series-2.2.0.295/driverlib/sw_crc.c", line 447: remark #2624-D: (ULP 5.4) Detected an assignment to a type with size less than int. To avoid unnecessary sign extension, use int-sized types for local varaibles and convert to smaller types for static storage.
"C:/ti/TivaWare_C_Series-2.2.0.295/driverlib/sw_crc.c", line 448: remark #2624-D: (ULP 5.4) Detected an assignment to a type with size less than int. To avoid unnecessary sign extension, use int-sized types for local varaibles and convert to smaller types for static storage.
"C:/ti/TivaWare_C_Series-2.2.0.295/driverlib/sw_crc.c", line 471: remark #2624-D: (ULP 5.4) Detected an assignment to a type with size less than int. To avoid unnecessary sign extension, use int-sized types for local varaibles and convert to smaller types for static storage.
"C:/ti/TivaWare_C_Series-2.2.0.295/driverlib/sw_crc.c", line 472: remark #2624-D: (ULP 5.4) Detected an assignment to a type with size less than int. To avoid unnecessary sign extension, use int-sized types for local varaibles and convert to smaller types for static storage.
"C:/ti/TivaWare_C_Series-2.2.0.295/driverlib/sw_crc.c", line 473: remark #2624-D: (ULP 5.4) Detected an assignment to a type with size less than int. To avoid unnecessary sign extension, use int-sized types for local varaibles and convert to smaller types for static storage.
"C:/ti/TivaWare_C_Series-2.2.0.295/driverlib/sw_crc.c", line 474: remark #2624-D: (ULP 5.4) Detected an assignment to a type with size less than int. To avoid unnecessary sign extension, use int-sized types for local varaibles and convert to smaller types for static storage.
"C:/ti/TivaWare_C_Series-2.2.0.295/driverlib/sw_crc.c", line 497: remark #2624-D: (ULP 5.4) Detected an assignment to a type with size less than int. To avoid unnecessary sign extension, use int-sized types for local varaibles and convert to smaller types for static storage.
"C:/ti/TivaWare_C_Series-2.2.0.295/driverlib/sw_crc.c", line 498: remark #2624-D: (ULP 5.4) Detected an assignment to a type with size less than int. To avoid unnecessary sign extension, use int-sized types for local varaibles and convert to smaller types for static storage.
"C:/ti/TivaWare_C_Series-2.2.0.295/driverlib/sw_crc.c", line 513: remark #2624-D: (ULP 5.4) Detected an assignment to a type with size less than int. To avoid unnecessary sign extension, use int-sized types for local varaibles and convert to smaller types for static storage.
"C:/ti/TivaWare_C_Series-2.2.0.295/driverlib/sw_crc.c", line 591: remark #2624-D: (ULP 5.4) Detected an assignment to a type with size less than int. To avoid unnecessary sign extension, use int-sized types for local varaibles and convert to smaller types for static storage.
"C:/ti/TivaWare_C_Series-2.2.0.295/driverlib/sw_crc.c", line 592: remark #2624-D: (ULP 5.4) Detected an assignment to a type with size less than int. To avoid unnecessary sign extension, use int-sized types for local varaibles and convert to smaller types for static storage.
"C:/ti/TivaWare_C_Series-2.2.0.295/driverlib/sw_crc.c", line 593: remark #2624-D: (ULP 5.4) Detected an assignment to a type with size less than int. To avoid unnecessary sign extension, use int-sized types for local varaibles and convert to smaller types for static storage.
"C:/ti/TivaWare_C_Series-2.2.0.295/driverlib/sw_crc.c", line 594: remark #2624-D: (ULP 5.4) Detected an assignment to a type with size less than int. To avoid unnecessary sign extension, use int-sized types for local varaibles and convert to smaller types for static storage.
"C:/ti/TivaWare_C_Series-2.2.0.295/driverlib/sw_crc.c", line 599: remark #2624-D: (ULP 5.4) Detected an assignment to a type with size less than int. To avoid unnecessary sign extension, use int-sized types for local varaibles and convert to smaller types for static storage.
"C:/ti/TivaWare_C_Series-2.2.0.295/driverlib/sw_crc.c", line 600: remark #2624-D: (ULP 5.4) Detected an assignment to a type with size less than int. To avoid unnecessary sign extension, use int-sized types for local varaibles and convert to smaller types for static storage.
"C:/ti/TivaWare_C_Series-2.2.0.295/driverlib/sw_crc.c", line 605: remark #2624-D: (ULP 5.4) Detected an assignment to a type with size less than int. To avoid unnecessary sign extension, use int-sized types for local varaibles and convert to smaller types for static storage.
"C:/ti/TivaWare_C_Series-2.2.0.295/driverlib/sw_crc.c", line 606: remark #2624-D: (ULP 5.4) Detected an assignment to a type with size less than int. To avoid unnecessary sign extension, use int-sized types for local varaibles and convert to smaller types for static storage.
Finished building: "C:/ti/TivaWare_C_Series-2.2.0.295/driverlib/sw_crc.c"
 
Building file: "C:/ti/TivaWare_C_Series-2.2.0.295/driverlib/sysctl.c"
Invoking: ARM Compiler
"C:/ti/ccs1110/ccs/tools/compiler/ti-cgt-arm_20.2.5.LTS/bin/armcl" -mv7M4 --code_state=16 --float_support=FPv4SPD16 --abi=eabi -me -O2 --include_path="C:/ti/ccs1110/ccs/tools/compiler/ti-cgt-arm_20.2.5.LTS/include" --include_path="C:/ti/TivaWare_C_Series-2.2.0.295" --advice:power=all -g --gcc --define=ccs="ccs" --define=PART_TM4C1230C3PM --diag_warning=225 --diag_wrap=off --display_error_number --gen_func_subsections=on --ual --preproc_with_compile --preproc_dependency="sysctl.d_raw"  "C:/ti/TivaWare_C_Series-2.2.0.295/driverlib/sysctl.c"
"C:/ti/TivaWare_C_Series-2.2.0.295/driverlib/sysctl.c", line 784: remark #1527-D: (ULP 2.1) Detected SW delay loop using empty loop. Recommend using a timer module instead
"C:/ti/TivaWare_C_Series-2.2.0.295/driverlib/sysctl.c", line 1687: remark #1527-D: (ULP 2.1) Detected SW delay loop using empty loop. Recommend using a timer module instead
"C:/ti/TivaWare_C_Series-2.2.0.295/driverlib/sysctl.c", line 1965: remark #1527-D: (ULP 2.1) Detected SW delay loop using empty loop. Recommend using a timer module instead
Finished building: "C:/ti/TivaWare_C_Series-2.2.0.295/driverlib/sysctl.c"
 
Building file: "C:/ti/TivaWare_C_Series-2.2.0.295/driverlib/sysexc.c"
Invoking: ARM Compiler
"C:/ti/ccs1110/ccs/tools/compiler/ti-cgt-arm_20.2.5.LTS/bin/armcl" -mv7M4 --code_state=16 --float_support=FPv4SPD16 --abi=eabi -me -O2 --include_path="C:/ti/ccs1110/ccs/tools/compiler/ti-cgt-arm_20.2.5.LTS/include" --include_path="C:/ti/TivaWare_C_Series-2.2.0.295" --advice:power=all -g --gcc --define=ccs="ccs" --define=PART_TM4C1230C3PM --diag_warning=225 --diag_wrap=off --display_error_number --gen_func_subsections=on --ual --preproc_with_compile --preproc_dependency="sysexc.d_raw"  "C:/ti/TivaWare_C_Series-2.2.0.295/driverlib/sysexc.c"
Finished building: "C:/ti/TivaWare_C_Series-2.2.0.295/driverlib/sysexc.c"
 
Building file: "C:/ti/TivaWare_C_Series-2.2.0.295/driverlib/systick.c"
Invoking: ARM Compiler
"C:/ti/ccs1110/ccs/tools/compiler/ti-cgt-arm_20.2.5.LTS/bin/armcl" -mv7M4 --code_state=16 --float_support=FPv4SPD16 --abi=eabi -me -O2 --include_path="C:/ti/ccs1110/ccs/tools/compiler/ti-cgt-arm_20.2.5.LTS/include" --include_path="C:/ti/TivaWare_C_Series-2.2.0.295" --advice:power=all -g --gcc --define=ccs="ccs" --define=PART_TM4C1230C3PM --diag_warning=225 --diag_wrap=off --display_error_number --gen_func_subsections=on --ual --preproc_with_compile --preproc_dependency="systick.d_raw"  "C:/ti/TivaWare_C_Series-2.2.0.295/driverlib/systick.c"
Finished building: "C:/ti/TivaWare_C_Series-2.2.0.295/driverlib/systick.c"
 
Building file: "C:/ti/TivaWare_C_Series-2.2.0.295/driverlib/timer.c"
Invoking: ARM Compiler
"C:/ti/ccs1110/ccs/tools/compiler/ti-cgt-arm_20.2.5.LTS/bin/armcl" -mv7M4 --code_state=16 --float_support=FPv4SPD16 --abi=eabi -me -O2 --include_path="C:/ti/ccs1110/ccs/tools/compiler/ti-cgt-arm_20.2.5.LTS/include" --include_path="C:/ti/TivaWare_C_Series-2.2.0.295" --advice:power=all -g --gcc --define=ccs="ccs" --define=PART_TM4C1230C3PM --diag_warning=225 --diag_wrap=off --display_error_number --gen_func_subsections=on --ual --preproc_with_compile --preproc_dependency="timer.d_raw"  "C:/ti/TivaWare_C_Series-2.2.0.295/driverlib/timer.c"
"C:/ti/TivaWare_C_Series-2.2.0.295/driverlib/timer.c", line 86: remark #1534-D: (ULP 7.1) Detected use of global variable "g_ui8TimerIntMapRows" within one function "_TimerIntNumberGet". Recommend placing variable in the function locally
"C:/ti/TivaWare_C_Series-2.2.0.295/driverlib/timer.c", line 100: remark #1534-D: (ULP 7.1) Detected use of global variable "g_ui8TimerIntMapRowsSnowflake" within one function "_TimerIntNumberGet". Recommend placing variable in the function locally
Finished building: "C:/ti/TivaWare_C_Series-2.2.0.295/driverlib/timer.c"
 
Building file: "C:/ti/TivaWare_C_Series-2.2.0.295/driverlib/uart.c"
Invoking: ARM Compiler
"C:/ti/ccs1110/ccs/tools/compiler/ti-cgt-arm_20.2.5.LTS/bin/armcl" -mv7M4 --code_state=16 --float_support=FPv4SPD16 --abi=eabi -me -O2 --include_path="C:/ti/ccs1110/ccs/tools/compiler/ti-cgt-arm_20.2.5.LTS/include" --include_path="C:/ti/TivaWare_C_Series-2.2.0.295" --advice:power=all -g --gcc --define=ccs="ccs" --define=PART_TM4C1230C3PM --diag_warning=225 --diag_wrap=off --display_error_number --gen_func_subsections=on --ual --preproc_with_compile --preproc_dependency="uart.d_raw"  "C:/ti/TivaWare_C_Series-2.2.0.295/driverlib/uart.c"
"C:/ti/TivaWare_C_Series-2.2.0.295/driverlib/uart.c", line 565: remark #1528-D: (ULP 3.1) Detected flag polling using UART_FR_BUSY. Recommend using an interrupt combined with enter LPMx and ISR
"C:/ti/TivaWare_C_Series-2.2.0.295/driverlib/uart.c", line 1241: remark #1527-D: (ULP 2.1) Detected SW delay loop using empty loop. Recommend using a timer module instead
"C:/ti/TivaWare_C_Series-2.2.0.295/driverlib/uart.c", line 1325: remark #1527-D: (ULP 2.1) Detected SW delay loop using empty loop. Recommend using a timer module instead
"C:/ti/TivaWare_C_Series-2.2.0.295/driverlib/uart.c", line 1969: remark #1527-D: (ULP 2.1) Detected SW delay loop using empty loop. Recommend using a timer module instead
"C:/ti/TivaWare_C_Series-2.2.0.295/driverlib/uart.c", line 1989: remark #1527-D: (ULP 2.1) Detected SW delay loop using empty loop. Recommend using a timer module instead
"C:/ti/TivaWare_C_Series-2.2.0.295/driverlib/uart.c", line 82: remark #1534-D: (ULP 7.1) Detected use of global variable "g_ui8UARTIntMapRows" within one function "_UARTIntNumberGet". Recommend placing variable in the function locally
"C:/ti/TivaWare_C_Series-2.2.0.295/driverlib/uart.c", line 95: remark #1534-D: (ULP 7.1) Detected use of global variable "g_ui8UARTIntMapRowsSnowflake" within one function "_UARTIntNumberGet". Recommend placing variable in the function locally
Finished building: "C:/ti/TivaWare_C_Series-2.2.0.295/driverlib/uart.c"
 
Building file: "C:/ti/TivaWare_C_Series-2.2.0.295/driverlib/udma.c"
Invoking: ARM Compiler
"C:/ti/ccs1110/ccs/tools/compiler/ti-cgt-arm_20.2.5.LTS/bin/armcl" -mv7M4 --code_state=16 --float_support=FPv4SPD16 --abi=eabi -me -O2 --include_path="C:/ti/ccs1110/ccs/tools/compiler/ti-cgt-arm_20.2.5.LTS/include" --include_path="C:/ti/TivaWare_C_Series-2.2.0.295" --advice:power=all -g --gcc --define=ccs="ccs" --define=PART_TM4C1230C3PM --diag_warning=225 --diag_wrap=off --display_error_number --gen_func_subsections=on --ual --preproc_with_compile --preproc_dependency="udma.d_raw"  "C:/ti/TivaWare_C_Series-2.2.0.295/driverlib/udma.c"
Finished building: "C:/ti/TivaWare_C_Series-2.2.0.295/driverlib/udma.c"
 
Building file: "C:/ti/TivaWare_C_Series-2.2.0.295/driverlib/usb.c"
Invoking: ARM Compiler
"C:/ti/ccs1110/ccs/tools/compiler/ti-cgt-arm_20.2.5.LTS/bin/armcl" -mv7M4 --code_state=16 --float_support=FPv4SPD16 --abi=eabi -me -O2 --include_path="C:/ti/ccs1110/ccs/tools/compiler/ti-cgt-arm_20.2.5.LTS/include" --include_path="C:/ti/TivaWare_C_Series-2.2.0.295" --advice:power=all -g --gcc --define=ccs="ccs" --define=PART_TM4C1230C3PM --diag_warning=225 --diag_wrap=off --display_error_number --gen_func_subsections=on --ual --preproc_with_compile --preproc_dependency="usb.d_raw"  "C:/ti/TivaWare_C_Series-2.2.0.295/driverlib/usb.c"
"C:/ti/TivaWare_C_Series-2.2.0.295/driverlib/usb.c", line 5109: remark #1527-D: (ULP 2.1) Detected SW delay loop using empty loop. Recommend using a timer module instead
"C:/ti/TivaWare_C_Series-2.2.0.295/driverlib/usb.c", line 5166: remark #1527-D: (ULP 2.1) Detected SW delay loop using empty loop. Recommend using a timer module instead
Finished building: "C:/ti/TivaWare_C_Series-2.2.0.295/driverlib/usb.c"
 
Building file: "C:/ti/TivaWare_C_Series-2.2.0.295/driverlib/watchdog.c"
Invoking: ARM Compiler
"C:/ti/ccs1110/ccs/tools/compiler/ti-cgt-arm_20.2.5.LTS/bin/armcl" -mv7M4 --code_state=16 --float_support=FPv4SPD16 --abi=eabi -me -O2 --include_path="C:/ti/ccs1110/ccs/tools/compiler/ti-cgt-arm_20.2.5.LTS/include" --include_path="C:/ti/TivaWare_C_Series-2.2.0.295" --advice:power=all -g --gcc --define=ccs="ccs" --define=PART_TM4C1230C3PM --diag_warning=225 --diag_wrap=off --display_error_number --gen_func_subsections=on --ual --preproc_with_compile --preproc_dependency="watchdog.d_raw"  "C:/ti/TivaWare_C_Series-2.2.0.295/driverlib/watchdog.c"
Finished building: "C:/ti/TivaWare_C_Series-2.2.0.295/driverlib/watchdog.c"
 
Building target: "driverlib.lib"
Invoking: ARM Archiver
"C:/ti/ccs1110/ccs/tools/compiler/ti-cgt-arm_20.2.5.LTS/bin/armar" r "driverlib.lib" "./adc.obj" "./aes.obj" "./can.obj" "./comp.obj" "./cpu.obj" "./crc.obj" "./des.obj" "./eeprom.obj" "./emac.obj" "./epi.obj" "./epi_workaround_ccs.obj" "./flash.obj" "./fpu.obj" "./gpio.obj" "./hibernate.obj" "./i2c.obj" "./interrupt.obj" "./lcd.obj" "./mpu.obj" "./onewire.obj" "./pwm.obj" "./qei.obj" "./shamd5.obj" "./ssi.obj" "./sw_crc.obj" "./sysctl.obj" "./sysexc.obj" "./systick.obj" "./timer.obj" "./uart.obj" "./udma.obj" "./usb.obj" "./watchdog.obj" 
  ==>  new archive 'driverlib.lib'
  ==>  building archive 'driverlib.lib'
Finished building target: "driverlib.lib"
 

**** Build Finished ****

**** Clean-only build of configuration Debug for project move ****

"C:\\ti\\ccs1110\\ccs\\utils\\bin\\gmake" -k -j 16 clean -O 
 
DEL /F  "move.hex"  "move.out" 
DEL /F "main.obj" "tm4c123gh6pm_startup_ccs.obj" 
DEL /F "main.d" "tm4c123gh6pm_startup_ccs.d" 
Could Not Find C:\Users\shiliu\workspace_v11\move\Debug\move.hex
Finished clean
 

**** Build Finished ****

**** Build of configuration Debug for project move ****

"C:\\ti\\ccs1110\\ccs\\utils\\bin\\gmake" -k -j 16 all -O 
 
Building file: "../main.c"
Invoking: Arm Compiler
"C:/ti/ccs1110/ccs/tools/compiler/ti-cgt-arm_20.2.5.LTS/bin/armcl" -mv7M4 --code_state=16 --float_support=FPv4SPD16 -me --include_path="C:/Users/shiliu/workspace_v11/move" --include_path="{TM4C}" --include_path="C:/ti/ccs1110/ccs/tools/compiler/ti-cgt-arm_20.2.5.LTS/include" --define=ccs="ccs" --define=PART_TM4C123GH6PM -g --gcc --diag_warning=225 --diag_wrap=off --display_error_number --abi=eabi --preproc_with_compile --preproc_dependency="main.d_raw"  "../main.c"
 
>> Compilation failure
subdir_rules.mk:9: recipe for target 'main.obj' failed
"../main.c", line 1: fatal error #1965: cannot open source file "TM4C123GH6PM.h"
1 catastrophic error detected in the compilation of "../main.c".
Compilation terminated.
gmake: *** [main.obj] Error 1
Building file: "../tm4c123gh6pm_startup_ccs.c"
Invoking: Arm Compiler
"C:/ti/ccs1110/ccs/tools/compiler/ti-cgt-arm_20.2.5.LTS/bin/armcl" -mv7M4 --code_state=16 --float_support=FPv4SPD16 -me --include_path="C:/Users/shiliu/workspace_v11/move" --include_path="{TM4C}" --include_path="C:/ti/ccs1110/ccs/tools/compiler/ti-cgt-arm_20.2.5.LTS/include" --define=ccs="ccs" --define=PART_TM4C123GH6PM -g --gcc --diag_warning=225 --diag_wrap=off --display_error_number --abi=eabi --preproc_with_compile --preproc_dependency="tm4c123gh6pm_startup_ccs.d_raw"  "../tm4c123gh6pm_startup_ccs.c"
Finished building: "../tm4c123gh6pm_startup_ccs.c"
 
gmake: Target 'all' not remade because of errors.

**** Build Finished ****

**** Build of configuration Debug for project move ****

"C:\\ti\\ccs1110\\ccs\\utils\\bin\\gmake" -k -j 16 all -O 
 
Building file: "../main.c"
Invoking: Arm Compiler
"C:/ti/ccs1110/ccs/tools/compiler/ti-cgt-arm_20.2.5.LTS/bin/armcl" -mv7M4 --code_state=16 --float_support=FPv4SPD16 -me --include_path="C:/Users/shiliu/workspace_v11/move" --include_path="{TM4C}" --include_path="C:/ti/ccs1110/ccs/tools/compiler/ti-cgt-arm_20.2.5.LTS/include" --define=ccs="ccs" --define=PART_TM4C123GH6PM -g --gcc --diag_warning=225 --diag_wrap=off --display_error_number --abi=eabi --preproc_with_compile --preproc_dependency="main.d_raw"  "../main.c"
 
>> Compilation failure
subdir_rules.mk:9: recipe for target 'main.obj' failed
"../main.c", line 1: fatal error #1965: cannot open source file "TM4C123GH6PM.h"
1 catastrophic error detected in the compilation of "../main.c".
Compilation terminated.
gmake: *** [main.obj] Error 1
gmake: Target 'all' not remade because of errors.

**** Build Finished ****

**** Build of configuration Debug for project move ****

"C:\\ti\\ccs1110\\ccs\\utils\\bin\\gmake" -k -j 16 all -O 
 
Building file: "../main.c"
Invoking: Arm Compiler
"C:/ti/ccs1110/ccs/tools/compiler/ti-cgt-arm_20.2.5.LTS/bin/armcl" -mv7M4 --code_state=16 --float_support=FPv4SPD16 -me --include_path="C:/Users/shiliu/workspace_v11/move" --include_path="C:/ti/TivaWare_C_Series-2.2.0.295" --include_path="{TM4C}" --include_path="C:/ti/ccs1110/ccs/tools/compiler/ti-cgt-arm_20.2.5.LTS/include" --define=ccs="ccs" --define=PART_TM4C123GH6PM -g --gcc --diag_warning=225 --diag_wrap=off --display_error_number --abi=eabi --preproc_with_compile --preproc_dependency="main.d_raw"  "../main.c"
 
>> Compilation failure
subdir_rules.mk:9: recipe for target 'main.obj' failed
"../main.c", line 1: fatal error #1965: cannot open source file "TM4C123GH6PM.h"
1 catastrophic error detected in the compilation of "../main.c".
Compilation terminated.
gmake: *** [main.obj] Error 1
Building file: "../tm4c123gh6pm_startup_ccs.c"
Invoking: Arm Compiler
"C:/ti/ccs1110/ccs/tools/compiler/ti-cgt-arm_20.2.5.LTS/bin/armcl" -mv7M4 --code_state=16 --float_support=FPv4SPD16 -me --include_path="C:/Users/shiliu/workspace_v11/move" --include_path="C:/ti/TivaWare_C_Series-2.2.0.295" --include_path="{TM4C}" --include_path="C:/ti/ccs1110/ccs/tools/compiler/ti-cgt-arm_20.2.5.LTS/include" --define=ccs="ccs" --define=PART_TM4C123GH6PM -g --gcc --diag_warning=225 --diag_wrap=off --display_error_number --abi=eabi --preproc_with_compile --preproc_dependency="tm4c123gh6pm_startup_ccs.d_raw"  "../tm4c123gh6pm_startup_ccs.c"
Finished building: "../tm4c123gh6pm_startup_ccs.c"
 
gmake: Target 'all' not remade because of errors.

**** Build Finished ****

**** Build of configuration Debug for project move ****

"C:\\ti\\ccs1110\\ccs\\utils\\bin\\gmake" -k -j 16 all -O 
 
Building file: "../main.c"
Invoking: Arm Compiler
"C:/ti/ccs1110/ccs/tools/compiler/ti-cgt-arm_20.2.5.LTS/bin/armcl" -mv7M4 --code_state=16 --float_support=FPv4SPD16 -me --include_path="C:/Users/shiliu/workspace_v11/move" --include_path="C:/ti/TivaWare_C_Series-2.2.0.295" --include_path="{TM4C}" --include_path="C:/ti/ccs1110/ccs/tools/compiler/ti-cgt-arm_20.2.5.LTS/include" --define=ccs="ccs" --define=PART_TM4C123GH6PM -g --gcc --diag_warning=225 --diag_wrap=off --display_error_number --abi=eabi --preproc_with_compile --preproc_dependency="main.d_raw"  "../main.c"
 
>> Compilation failure
subdir_rules.mk:9: recipe for target 'main.obj' failed
"../main.c", line 1: fatal error #1965: cannot open source file "TM4C123GH6PM.h"
1 catastrophic error detected in the compilation of "../main.c".
Compilation terminated.
gmake: *** [main.obj] Error 1
gmake: Target 'all' not remade because of errors.

**** Build Finished ****

**** Build of configuration Debug for project Move ****

"C:\\ti\\ccs1110\\ccs\\utils\\bin\\gmake" -k -j 16 all -O 
 
Building file: "../main.c"
Invoking: Arm Compiler
"C:/ti/ccs1110/ccs/tools/compiler/ti-cgt-arm_20.2.5.LTS/bin/armcl" -mv7M4 --code_state=16 --float_support=FPv4SPD16 -me --include_path="C:/Users/shiliu/workspace_v11/Move" --include_path="C:/ti/TivaWare_C_Series-2.2.0.295/driverlib" --include_path="C:/ti/ccs1110/ccs/tools/compiler/ti-cgt-arm_20.2.5.LTS/include" --define=ccs="ccs" --define=PART_TM4C123GH6PM -g --gcc --diag_warning=225 --diag_wrap=off --display_error_number --abi=eabi --preproc_with_compile --preproc_dependency="main.d_raw"  "../main.c"
 
>> Compilation failure
subdir_rules.mk:9: recipe for target 'main.obj' failed
"../main.c", line 1: fatal error #1965: cannot open source file "TM4C123GH6PM.h"
1 catastrophic error detected in the compilation of "../main.c".
Compilation terminated.
gmake: *** [main.obj] Error 1
Building file: "../tm4c123gh6pm_startup_ccs.c"
Invoking: Arm Compiler
"C:/ti/ccs1110/ccs/tools/compiler/ti-cgt-arm_20.2.5.LTS/bin/armcl" -mv7M4 --code_state=16 --float_support=FPv4SPD16 -me --include_path="C:/Users/shiliu/workspace_v11/Move" --include_path="C:/ti/TivaWare_C_Series-2.2.0.295/driverlib" --include_path="C:/ti/ccs1110/ccs/tools/compiler/ti-cgt-arm_20.2.5.LTS/include" --define=ccs="ccs" --define=PART_TM4C123GH6PM -g --gcc --diag_warning=225 --diag_wrap=off --display_error_number --abi=eabi --preproc_with_compile --preproc_dependency="tm4c123gh6pm_startup_ccs.d_raw"  "../tm4c123gh6pm_startup_ccs.c"
Finished building: "../tm4c123gh6pm_startup_ccs.c"
 
gmake: Target 'all' not remade because of errors.

**** Build Finished ****

**** Build of configuration Debug for project driverlib ****

"C:\\ti\\ccs1110\\ccs\\utils\\bin\\gmake" -k all 
 
Building target: "driverlib.lib"
Invoking: ARM Archiver
"C:/ti/ccs1110/ccs/tools/compiler/ti-cgt-arm_20.2.5.LTS/bin/armar" r "driverlib.lib" "./adc.obj" "./aes.obj" "./can.obj" "./comp.obj" "./cpu.obj" "./crc.obj" "./des.obj" "./eeprom.obj" "./emac.obj" "./epi.obj" "./epi_workaround_ccs.obj" "./flash.obj" "./fpu.obj" "./gpio.obj" "./hibernate.obj" "./i2c.obj" "./interrupt.obj" "./lcd.obj" "./mpu.obj" "./onewire.obj" "./pwm.obj" "./qei.obj" "./shamd5.obj" "./ssi.obj" "./sw_crc.obj" "./sysctl.obj" "./sysexc.obj" "./systick.obj" "./timer.obj" "./uart.obj" "./udma.obj" "./usb.obj" "./watchdog.obj" 
  ==>  new archive 'driverlib.lib'
  ==>  building archive 'driverlib.lib'
Finished building target: "driverlib.lib"
 

**** Build Finished ****

**** Build of configuration Debug for project Move ****

"C:\\ti\\ccs1110\\ccs\\utils\\bin\\gmake" -k -j 16 all -O 
 
Building file: "../main.c"
Invoking: Arm Compiler
"C:/ti/ccs1110/ccs/tools/compiler/ti-cgt-arm_20.2.5.LTS/bin/armcl" -mv7M4 --code_state=16 --float_support=FPv4SPD16 -me --include_path="C:/Users/shiliu/workspace_v11/Move" --include_path="C:/ti/ccs1110/ccs/tools/compiler/ti-cgt-arm_20.2.5.LTS/include" --include_path="C:/ti/TivaWare_C_Series-2.2.0.295" --define=ccs="ccs" --define=PART_TM4C123GH6PM -g --gcc --diag_warning=225 --diag_wrap=off --display_error_number --abi=eabi --preproc_with_compile --preproc_dependency="main.d_raw"  "../main.c"
 
>> Compilation failure
subdir_rules.mk:9: recipe for target 'main.obj' failed
"../main.c", line 1: fatal error #1965: cannot open source file "TM4C123GH6PM.h"
1 catastrophic error detected in the compilation of "../main.c".
Compilation terminated.
gmake: *** [main.obj] Error 1
Building file: "../tm4c123gh6pm_startup_ccs.c"
Invoking: Arm Compiler
"C:/ti/ccs1110/ccs/tools/compiler/ti-cgt-arm_20.2.5.LTS/bin/armcl" -mv7M4 --code_state=16 --float_support=FPv4SPD16 -me --include_path="C:/Users/shiliu/workspace_v11/Move" --include_path="C:/ti/ccs1110/ccs/tools/compiler/ti-cgt-arm_20.2.5.LTS/include" --include_path="C:/ti/TivaWare_C_Series-2.2.0.295" --define=ccs="ccs" --define=PART_TM4C123GH6PM -g --gcc --diag_warning=225 --diag_wrap=off --display_error_number --abi=eabi --preproc_with_compile --preproc_dependency="tm4c123gh6pm_startup_ccs.d_raw"  "../tm4c123gh6pm_startup_ccs.c"
Finished building: "../tm4c123gh6pm_startup_ccs.c"
 
gmake: Target 'all' not remade because of errors.

**** Build Finished ****

**** Build of configuration Debug for project driverlib ****

"C:\\ti\\ccs1110\\ccs\\utils\\bin\\gmake" -k all 
 
gmake: Nothing to be done for 'all'.

**** Build Finished ****

**** Build of configuration Debug for project Move ****

"C:\\ti\\ccs1110\\ccs\\utils\\bin\\gmake" -k -j 16 all -O 
 
Building file: "../main.c"
Invoking: Arm Compiler
"C:/ti/ccs1110/ccs/tools/compiler/ti-cgt-arm_20.2.5.LTS/bin/armcl" -mv7M4 --code_state=16 --float_support=FPv4SPD16 -me --include_path="C:/Users/shiliu/workspace_v11/Move" --include_path="C:/ti/ccs1110/ccs/tools/compiler/ti-cgt-arm_20.2.5.LTS/include" --include_path="C:/ti/TivaWare_C_Series-2.2.0.295" --define=ccs="ccs" --define=PART_TM4C123GH6PM -g --gcc --diag_warning=225 --diag_wrap=off --display_error_number --abi=eabi --preproc_with_compile --preproc_dependency="main.d_raw"  "../main.c"
 
>> Compilation failure
subdir_rules.mk:9: recipe for target 'main.obj' failed
"../main.c", line 1: fatal error #1965: cannot open source file "TM4C123GH6PM.h"
1 catastrophic error detected in the compilation of "../main.c".
Compilation terminated.
gmake: *** [main.obj] Error 1
gmake: Target 'all' not remade because of errors.

**** Build Finished ****

**** Build of configuration Debug for project Move ****

"C:\\ti\\ccs1110\\ccs\\utils\\bin\\gmake" -k -j 16 all -O 
 
Building file: "../main.c"
Invoking: Arm Compiler
"C:/ti/ccs1110/ccs/tools/compiler/ti-cgt-arm_20.2.5.LTS/bin/armcl" -mv7M4 --code_state=16 --float_support=FPv4SPD16 -me --include_path="C:/Users/shiliu/workspace_v11/Move" --include_path="C:/ti/ccs1110/ccs/tools/compiler/ti-cgt-arm_20.2.5.LTS/include" --include_path="C:/ti/TivaWare_C_Series-2.2.0.295" --define=ccs="ccs" --define=PART_TM4C123GH6PM -g --gcc --diag_warning=225 --diag_wrap=off --display_error_number --abi=eabi --preproc_with_compile --preproc_dependency="main.d_raw"  "../main.c"
 
>> Compilation failure
subdir_rules.mk:9: recipe for target 'main.obj' failed
"../main.c", line 1: fatal error #1965: cannot open source file "TM4C123GH6PM.h"
1 catastrophic error detected in the compilation of "../main.c".
Compilation terminated.
gmake: *** [main.obj] Error 1
gmake: Target 'all' not remade because of errors.

**** Build Finished ****

**** Build of configuration Debug for project driverlib ****

"C:\\ti\\ccs1110\\ccs\\utils\\bin\\gmake" -k all 
 
gmake: Nothing to be done for 'all'.

**** Build Finished ****

**** Build of configuration Debug for project Move ****

"C:\\ti\\ccs1110\\ccs\\utils\\bin\\gmake" -k -j 16 all -O 
 
Building file: "../main.c"
Invoking: Arm Compiler
"C:/ti/ccs1110/ccs/tools/compiler/ti-cgt-arm_20.2.5.LTS/bin/armcl" -mv7M4 --code_state=16 --float_support=FPv4SPD16 -me --include_path="C:/Users/shiliu/workspace_v11/Move" --include_path="C:/ti/ccs1110/ccs/tools/compiler/ti-cgt-arm_20.2.5.LTS/include" --include_path="C:/ti/TivaWare_C_Series-2.2.0.295" --define=ccs="ccs" --define=PART_TM4C123GH6PM -g --gcc --diag_warning=225 --diag_wrap=off --display_error_number --abi=eabi --preproc_with_compile --preproc_dependency="main.d_raw"  "../main.c"
 
>> Compilation failure
subdir_rules.mk:9: recipe for target 'main.obj' failed
"../main.c", line 1: fatal error #1965: cannot open source file "tm4c123gh6pm.h"
1 catastrophic error detected in the compilation of "../main.c".
Compilation terminated.
gmake: *** [main.obj] Error 1
gmake: Target 'all' not remade because of errors.

**** Build Finished ****

**** Build of configuration Debug for project Move ****

"C:\\ti\\ccs1110\\ccs\\utils\\bin\\gmake" -k -j 16 all -O 
 
Building file: "../main.c"
Invoking: Arm Compiler
"C:/ti/ccs1110/ccs/tools/compiler/ti-cgt-arm_20.2.5.LTS/bin/armcl" -mv7M4 --code_state=16 --float_support=FPv4SPD16 -me --include_path="C:/Users/shiliu/workspace_v11/Move" --include_path="C:/ti/ccs1110/ccs/tools/compiler/ti-cgt-arm_20.2.5.LTS/include" --include_path="C:/ti/TivaWare_C_Series-2.2.0.295" --define=ccs="ccs" --define=PART_TM4C123GH6PM -g --gcc --diag_warning=225 --diag_wrap=off --display_error_number --abi=eabi --preproc_with_compile --preproc_dependency="main.d_raw"  "../main.c"
 
>> Compilation failure
subdir_rules.mk:9: recipe for target 'main.obj' failed
"../main.c", line 13: error #20: identifier "SYSCTL" is undefined
"../main.c", line 15: error #20: identifier "GPIOF" is undefined
"../main.c", line 43: error #128: expected a statement
3 errors detected in the compilation of "../main.c".
gmake: *** [main.obj] Error 1
gmake: Target 'all' not remade because of errors.

**** Build Finished ****

**** Build of configuration Debug for project driverlib ****

"C:\\ti\\ccs1110\\ccs\\utils\\bin\\gmake" -k all 
 
gmake: Nothing to be done for 'all'.

**** Build Finished ****

**** Build of configuration Debug for project Move ****

"C:\\ti\\ccs1110\\ccs\\utils\\bin\\gmake" -k -j 16 all -O 
 
Building file: "../main.c"
Invoking: Arm Compiler
"C:/ti/ccs1110/ccs/tools/compiler/ti-cgt-arm_20.2.5.LTS/bin/armcl" -mv7M4 --code_state=16 --float_support=FPv4SPD16 -me --include_path="C:/Users/shiliu/workspace_v11/Move" --include_path="C:/ti/ccs1110/ccs/tools/compiler/ti-cgt-arm_20.2.5.LTS/include" --include_path="C:/ti/TivaWare_C_Series-2.2.0.295" --define=ccs="ccs" --define=PART_TM4C123GH6PM -g --gcc --diag_warning=225 --diag_wrap=off --display_error_number --abi=eabi --preproc_with_compile --preproc_dependency="main.d_raw"  "../main.c"
 
>> Compilation failure
subdir_rules.mk:9: recipe for target 'main.obj' failed
"../main.c", line 43: error #128: expected a statement
1 error detected in the compilation of "../main.c".
gmake: *** [main.obj] Error 1
gmake: Target 'all' not remade because of errors.

**** Build Finished ****

**** Build of configuration Debug for project driverlib ****

"C:\\ti\\ccs1110\\ccs\\utils\\bin\\gmake" -k all 
 
gmake: Nothing to be done for 'all'.

**** Build Finished ****

**** Build of configuration Debug for project Move ****

"C:\\ti\\ccs1110\\ccs\\utils\\bin\\gmake" -k -j 16 all -O 
 
Building file: "../main.c"
Invoking: Arm Compiler
"C:/ti/ccs1110/ccs/tools/compiler/ti-cgt-arm_20.2.5.LTS/bin/armcl" -mv7M4 --code_state=16 --float_support=FPv4SPD16 -me --include_path="C:/Users/shiliu/workspace_v11/Move" --include_path="C:/ti/ccs1110/ccs/tools/compiler/ti-cgt-arm_20.2.5.LTS/include" --include_path="C:/ti/TivaWare_C_Series-2.2.0.295" --define=ccs="ccs" --define=PART_TM4C123GH6PM -g --gcc --diag_warning=225 --diag_wrap=off --display_error_number --abi=eabi --preproc_with_compile --preproc_dependency="main.d_raw"  "../main.c"
 
>> Compilation failure
subdir_rules.mk:9: recipe for target 'main.obj' failed
"../main.c", line 1: fatal error #1965: cannot open source file "tm4c123gh6pm.h"
1 catastrophic error detected in the compilation of "../main.c".
Compilation terminated.
gmake: *** [main.obj] Error 1
gmake: Target 'all' not remade because of errors.

**** Build Finished ****

**** Build of configuration Debug for project Move ****

"C:\\ti\\ccs1110\\ccs\\utils\\bin\\gmake" -k -j 16 all -O 
 
Building file: "../main.c"
Invoking: Arm Compiler
"C:/ti/ccs1110/ccs/tools/compiler/ti-cgt-arm_20.2.5.LTS/bin/armcl" -mv7M4 --code_state=16 --float_support=FPv4SPD16 -me --include_path="C:/Users/shiliu/workspace_v11/Move" --include_path="C:/ti/ccs1110/ccs/tools/compiler/ti-cgt-arm_20.2.5.LTS/include" --include_path="C:/ti/TivaWare_C_Series-2.2.0.295" --define=ccs="ccs" --define=PART_TM4C123GH6PM -g --gcc --diag_warning=225 --diag_wrap=off --display_error_number --abi=eabi --preproc_with_compile --preproc_dependency="main.d_raw"  "../main.c"
 
>> Compilation failure
subdir_rules.mk:9: recipe for target 'main.obj' failed
"../main.c", line 13: error #20: identifier "SYSCTL" is undefined
"../main.c", line 15: error #20: identifier "GPIOF" is undefined
"../main.c", line 43: error #128: expected a statement
3 errors detected in the compilation of "../main.c".
gmake: *** [main.obj] Error 1
gmake: Target 'all' not remade because of errors.

**** Build Finished ****

**** Build of configuration Debug for project Move ****

"C:\\ti\\ccs1110\\ccs\\utils\\bin\\gmake" -k -j 16 all -O 
 
Building file: "../main.c"
Invoking: Arm Compiler
"C:/ti/ccs1110/ccs/tools/compiler/ti-cgt-arm_20.2.5.LTS/bin/armcl" -mv7M4 --code_state=16 --float_support=FPv4SPD16 -me --include_path="C:/Users/shiliu/workspace_v11/Move" --include_path="C:/ti/TivaWare_C_Series-2.2.0.295/inc" --include_path="C:/ti/ccs1110/ccs/tools/compiler/ti-cgt-arm_20.2.5.LTS/include" --include_path="C:/ti/TivaWare_C_Series-2.2.0.295" --define=ccs="ccs" --define=PART_TM4C123GH6PM -g --gcc --diag_warning=225 --diag_wrap=off --display_error_number --abi=eabi --preproc_with_compile --preproc_dependency="main.d_raw"  "../main.c"
 
>> Compilation failure
subdir_rules.mk:9: recipe for target 'main.obj' failed
"../main.c", line 13: error #20: identifier "SYSCTL" is undefined
"../main.c", line 15: error #20: identifier "GPIOF" is undefined
"../main.c", line 43: error #128: expected a statement
3 errors detected in the compilation of "../main.c".
gmake: *** [main.obj] Error 1
Building file: "../tm4c123gh6pm_startup_ccs.c"
Invoking: Arm Compiler
"C:/ti/ccs1110/ccs/tools/compiler/ti-cgt-arm_20.2.5.LTS/bin/armcl" -mv7M4 --code_state=16 --float_support=FPv4SPD16 -me --include_path="C:/Users/shiliu/workspace_v11/Move" --include_path="C:/ti/TivaWare_C_Series-2.2.0.295/inc" --include_path="C:/ti/ccs1110/ccs/tools/compiler/ti-cgt-arm_20.2.5.LTS/include" --include_path="C:/ti/TivaWare_C_Series-2.2.0.295" --define=ccs="ccs" --define=PART_TM4C123GH6PM -g --gcc --diag_warning=225 --diag_wrap=off --display_error_number --abi=eabi --preproc_with_compile --preproc_dependency="tm4c123gh6pm_startup_ccs.d_raw"  "../tm4c123gh6pm_startup_ccs.c"
Finished building: "../tm4c123gh6pm_startup_ccs.c"
 
gmake: Target 'all' not remade because of errors.

**** Build Finished ****

**** Build of configuration Debug for project driverlib ****

"C:\\ti\\ccs1110\\ccs\\utils\\bin\\gmake" -k all 
 
gmake: Nothing to be done for 'all'.

**** Build Finished ****

**** Build of configuration Debug for project example ****

"C:\\ti\\ccs1110\\ccs\\utils\\bin\\gmake" -k -j 16 all -O 
 
Building file: "../main.c"
Invoking: Arm Compiler
"C:/ti/ccs1110/ccs/tools/compiler/ti-cgt-arm_20.2.5.LTS/bin/armcl" -mv7M4 --code_state=16 --float_support=FPv4SPD16 -me --include_path="C:/Users/shiliu/workspace_v11/example" --include_path="C:/ti/TivaWare_C_Series-2.2.0.295" --include_path="C:/ti/ccs1110/ccs/tools/compiler/ti-cgt-arm_20.2.5.LTS/include" --define=ccs="ccs" --define=PART_TM4C123GH6PM -g --gcc --diag_warning=225 --diag_wrap=off --display_error_number --abi=eabi --preproc_with_compile --preproc_dependency="main.d_raw"  "../main.c"
Finished building: "../main.c"
 
Building file: "../tm4c123gh6pm_startup_ccs.c"
Invoking: Arm Compiler
"C:/ti/ccs1110/ccs/tools/compiler/ti-cgt-arm_20.2.5.LTS/bin/armcl" -mv7M4 --code_state=16 --float_support=FPv4SPD16 -me --include_path="C:/Users/shiliu/workspace_v11/example" --include_path="C:/ti/TivaWare_C_Series-2.2.0.295" --include_path="C:/ti/ccs1110/ccs/tools/compiler/ti-cgt-arm_20.2.5.LTS/include" --define=ccs="ccs" --define=PART_TM4C123GH6PM -g --gcc --diag_warning=225 --diag_wrap=off --display_error_number --abi=eabi --preproc_with_compile --preproc_dependency="tm4c123gh6pm_startup_ccs.d_raw"  "../tm4c123gh6pm_startup_ccs.c"
Finished building: "../tm4c123gh6pm_startup_ccs.c"
 
Building target: "example.out"
Invoking: Arm Linker
"C:/ti/ccs1110/ccs/tools/compiler/ti-cgt-arm_20.2.5.LTS/bin/armcl" -mv7M4 --code_state=16 --float_support=FPv4SPD16 -me --define=ccs="ccs" --define=PART_TM4C123GH6PM -g --gcc --diag_warning=225 --diag_wrap=off --display_error_number --abi=eabi -z -m"example.map" --heap_size=0 --stack_size=512 -i"C:/ti/ccs1110/ccs/tools/compiler/ti-cgt-arm_20.2.5.LTS/lib" -i"C:/ti/ccs1110/ccs/tools/compiler/ti-cgt-arm_20.2.5.LTS/include" --reread_libs --diag_wrap=off --display_error_number --warn_sections --xml_link_info="example_linkInfo.xml" --rom_model -o "example.out" "./main.obj" "./tm4c123gh6pm_startup_ccs.obj" "C:/ti/TivaWare_C_Series-2.2.0.295/driverlib/ccs/Debug/driverlib.lib" "../tm4c123gh6pm.cmd"  -llibc.a 
<Linking>
Finished building target: "example.out"
 

**** Build Finished ****

**** Build of configuration Debug for project example ****

"C:\\ti\\ccs1110\\ccs\\utils\\bin\\gmake" -k -j 16 all -O 
 
gmake[1]: 'example.out' is up to date.

**** Build Finished ****

**** Build of configuration Debug for project example ****

"C:\\ti\\ccs1110\\ccs\\utils\\bin\\gmake" -k -j 16 all -O 
 
gmake[1]: 'example.out' is up to date.

**** Build Finished ****

**** Build of configuration Debug for project Move ****

"C:\\ti\\ccs1110\\ccs\\utils\\bin\\gmake" -k -j 16 all -O 
 
Building file: "../main.c"
Invoking: Arm Compiler
"C:/ti/ccs1110/ccs/tools/compiler/ti-cgt-arm_20.2.5.LTS/bin/armcl" -mv7M4 --code_state=16 --float_support=FPv4SPD16 -me --include_path="C:/Users/shiliu/workspace_v11/Move" --include_path="C:/ti/TivaWare_C_Series-2.2.0.295/inc" --include_path="C:/ti/ccs1110/ccs/tools/compiler/ti-cgt-arm_20.2.5.LTS/include" --include_path="C:/ti/TivaWare_C_Series-2.2.0.295" --define=ccs="ccs" --define=PART_TM4C123GH6PM -g --gcc --diag_warning=225 --diag_wrap=off --display_error_number --abi=eabi --preproc_with_compile --preproc_dependency="main.d_raw"  "../main.c"
 
>> Compilation failure
subdir_rules.mk:9: recipe for target 'main.obj' failed
"../main.c", line 15: error #20: identifier "SYSCTL" is undefined
"../main.c", line 18: error #20: identifier "GPIOF" is undefined
"../main.c", line 53: error #20: identifier "SCB" is undefined
3 errors detected in the compilation of "../main.c".
gmake: *** [main.obj] Error 1
gmake: Target 'all' not remade because of errors.

**** Build Finished ****

**** Build of configuration Debug for project Move ****

"C:\\ti\\ccs1110\\ccs\\utils\\bin\\gmake" -k -j 16 all -O 
 
Building file: "../main.c"
Invoking: Arm Compiler
"C:/ti/ccs1110/ccs/tools/compiler/ti-cgt-arm_20.2.5.LTS/bin/armcl" -mv7M4 --code_state=16 --float_support=FPv4SPD16 -me --include_path="C:/Users/shiliu/workspace_v11/Move" --include_path="C:/ti/TivaWare_C_Series-2.2.0.295/inc" --include_path="C:/ti/ccs1110/ccs/tools/compiler/ti-cgt-arm_20.2.5.LTS/include" --include_path="C:/ti/TivaWare_C_Series-2.2.0.295" --define=ccs="ccs" --define=PART_TM4C123GH6PM -g --gcc --diag_warning=225 --diag_wrap=off --display_error_number --abi=eabi --preproc_with_compile --preproc_dependency="main.d_raw"  "../main.c"
 
>> Compilation failure
subdir_rules.mk:9: recipe for target 'main.obj' failed
"../main.c", line 15: error #20: identifier "SYSCTL" is undefined
"../main.c", line 18: error #20: identifier "GPIOF" is undefined
"../main.c", line 53: error #20: identifier "SCB" is undefined
3 errors detected in the compilation of "../main.c".
gmake: *** [main.obj] Error 1
gmake: Target 'all' not remade because of errors.

**** Build Finished ****

**** Build of configuration Debug for project example ****

"C:\\ti\\ccs1110\\ccs\\utils\\bin\\gmake" -k -j 16 all -O 
 
Building file: "../main.c"
Invoking: Arm Compiler
"C:/ti/ccs1110/ccs/tools/compiler/ti-cgt-arm_20.2.5.LTS/bin/armcl" -mv7M4 --code_state=16 --float_support=FPv4SPD16 -me --include_path="C:/Users/shiliu/workspace_v11/example" --include_path="C:/ti/TivaWare_C_Series-2.2.0.295" --include_path="C:/ti/ccs1110/ccs/tools/compiler/ti-cgt-arm_20.2.5.LTS/include" --define=ccs="ccs" --define=PART_TM4C123GH6PM -g --gcc --diag_warning=225 --diag_wrap=off --display_error_number --abi=eabi --preproc_with_compile --preproc_dependency="main.d_raw"  "../main.c"
Finished building: "../main.c"
 
Building target: "example.out"
Invoking: Arm Linker
"C:/ti/ccs1110/ccs/tools/compiler/ti-cgt-arm_20.2.5.LTS/bin/armcl" -mv7M4 --code_state=16 --float_support=FPv4SPD16 -me --define=ccs="ccs" --define=PART_TM4C123GH6PM -g --gcc --diag_warning=225 --diag_wrap=off --display_error_number --abi=eabi -z -m"example.map" --heap_size=0 --stack_size=512 -i"C:/ti/ccs1110/ccs/tools/compiler/ti-cgt-arm_20.2.5.LTS/lib" -i"C:/ti/ccs1110/ccs/tools/compiler/ti-cgt-arm_20.2.5.LTS/include" --reread_libs --diag_wrap=off --display_error_number --warn_sections --xml_link_info="example_linkInfo.xml" --rom_model -o "example.out" "./main.obj" "./tm4c123gh6pm_startup_ccs.obj" "C:/ti/TivaWare_C_Series-2.2.0.295/driverlib/ccs/Debug/driverlib.lib" "../tm4c123gh6pm.cmd"  -llibc.a 
<Linking>
Finished building target: "example.out"
 

**** Build Finished ****

**** Build of configuration Debug for project example ****

"C:\\ti\\ccs1110\\ccs\\utils\\bin\\gmake" -k -j 16 all -O 
 
gmake[1]: 'example.out' is up to date.

**** Build Finished ****

**** Build of configuration Debug for project example ****

"C:\\ti\\ccs1110\\ccs\\utils\\bin\\gmake" -k -j 16 all -O 
 
Building file: "../main.c"
Invoking: Arm Compiler
"C:/ti/ccs1110/ccs/tools/compiler/ti-cgt-arm_20.2.5.LTS/bin/armcl" -mv7M4 --code_state=16 --float_support=FPv4SPD16 -me --include_path="C:/Users/shiliu/workspace_v11/example" --include_path="C:/ti/TivaWare_C_Series-2.2.0.295" --include_path="C:/ti/ccs1110/ccs/tools/compiler/ti-cgt-arm_20.2.5.LTS/include" --define=ccs="ccs" --define=PART_TM4C123GH6PM -g --gcc --diag_warning=225 --diag_wrap=off --display_error_number --abi=eabi --preproc_with_compile --preproc_dependency="main.d_raw"  "../main.c"
Finished building: "../main.c"
 
Building target: "example.out"
Invoking: Arm Linker
"C:/ti/ccs1110/ccs/tools/compiler/ti-cgt-arm_20.2.5.LTS/bin/armcl" -mv7M4 --code_state=16 --float_support=FPv4SPD16 -me --define=ccs="ccs" --define=PART_TM4C123GH6PM -g --gcc --diag_warning=225 --diag_wrap=off --display_error_number --abi=eabi -z -m"example.map" --heap_size=0 --stack_size=512 -i"C:/ti/ccs1110/ccs/tools/compiler/ti-cgt-arm_20.2.5.LTS/lib" -i"C:/ti/ccs1110/ccs/tools/compiler/ti-cgt-arm_20.2.5.LTS/include" --reread_libs --diag_wrap=off --display_error_number --warn_sections --xml_link_info="example_linkInfo.xml" --rom_model -o "example.out" "./main.obj" "./tm4c123gh6pm_startup_ccs.obj" "C:/ti/TivaWare_C_Series-2.2.0.295/driverlib/ccs/Debug/driverlib.lib" "../tm4c123gh6pm.cmd"  -llibc.a 
<Linking>
Finished building target: "example.out"
 

**** Build Finished ****

**** Build of configuration Debug for project example ****

"C:\\ti\\ccs1110\\ccs\\utils\\bin\\gmake" -k -j 16 all -O 
 
Building file: "../main.c"
Invoking: Arm Compiler
"C:/ti/ccs1110/ccs/tools/compiler/ti-cgt-arm_20.2.5.LTS/bin/armcl" -mv7M4 --code_state=16 --float_support=FPv4SPD16 -me --include_path="C:/Users/shiliu/workspace_v11/example" --include_path="C:/ti/TivaWare_C_Series-2.2.0.295" --include_path="C:/ti/ccs1110/ccs/tools/compiler/ti-cgt-arm_20.2.5.LTS/include" --define=ccs="ccs" --define=PART_TM4C123GH6PM -g --gcc --diag_warning=225 --diag_wrap=off --display_error_number --abi=eabi --preproc_with_compile --preproc_dependency="main.d_raw"  "../main.c"
Finished building: "../main.c"
 
Building target: "example.out"
Invoking: Arm Linker
"C:/ti/ccs1110/ccs/tools/compiler/ti-cgt-arm_20.2.5.LTS/bin/armcl" -mv7M4 --code_state=16 --float_support=FPv4SPD16 -me --define=ccs="ccs" --define=PART_TM4C123GH6PM -g --gcc --diag_warning=225 --diag_wrap=off --display_error_number --abi=eabi -z -m"example.map" --heap_size=0 --stack_size=512 -i"C:/ti/ccs1110/ccs/tools/compiler/ti-cgt-arm_20.2.5.LTS/lib" -i"C:/ti/ccs1110/ccs/tools/compiler/ti-cgt-arm_20.2.5.LTS/include" --reread_libs --diag_wrap=off --display_error_number --warn_sections --xml_link_info="example_linkInfo.xml" --rom_model -o "example.out" "./main.obj" "./tm4c123gh6pm_startup_ccs.obj" "C:/ti/TivaWare_C_Series-2.2.0.295/driverlib/ccs/Debug/driverlib.lib" "../tm4c123gh6pm.cmd"  -llibc.a 
<Linking>
Finished building target: "example.out"
 

**** Build Finished ****

**** Build of configuration Debug for project example ****

"C:\\ti\\ccs1110\\ccs\\utils\\bin\\gmake" -k -j 16 all -O 
 
gmake[1]: 'example.out' is up to date.

**** Build Finished ****

**** Build of configuration Debug for project example ****

"C:\\ti\\ccs1110\\ccs\\utils\\bin\\gmake" -k -j 16 all -O 
 
Building file: "../main.c"
Invoking: Arm Compiler
"C:/ti/ccs1110/ccs/tools/compiler/ti-cgt-arm_20.2.5.LTS/bin/armcl" -mv7M4 --code_state=16 --float_support=FPv4SPD16 -me --include_path="C:/Users/shiliu/workspace_v11/example" --include_path="C:/ti/TivaWare_C_Series-2.2.0.295" --include_path="C:/ti/ccs1110/ccs/tools/compiler/ti-cgt-arm_20.2.5.LTS/include" --define=ccs="ccs" --define=PART_TM4C123GH6PM -g --gcc --diag_warning=225 --diag_wrap=off --display_error_number --abi=eabi --preproc_with_compile --preproc_dependency="main.d_raw"  "../main.c"
Finished building: "../main.c"
 
Building target: "example.out"
Invoking: Arm Linker
"C:/ti/ccs1110/ccs/tools/compiler/ti-cgt-arm_20.2.5.LTS/bin/armcl" -mv7M4 --code_state=16 --float_support=FPv4SPD16 -me --define=ccs="ccs" --define=PART_TM4C123GH6PM -g --gcc --diag_warning=225 --diag_wrap=off --display_error_number --abi=eabi -z -m"example.map" --heap_size=0 --stack_size=512 -i"C:/ti/ccs1110/ccs/tools/compiler/ti-cgt-arm_20.2.5.LTS/lib" -i"C:/ti/ccs1110/ccs/tools/compiler/ti-cgt-arm_20.2.5.LTS/include" --reread_libs --diag_wrap=off --display_error_number --warn_sections --xml_link_info="example_linkInfo.xml" --rom_model -o "example.out" "./main.obj" "./tm4c123gh6pm_startup_ccs.obj" "C:/ti/TivaWare_C_Series-2.2.0.295/driverlib/ccs/Debug/driverlib.lib" "../tm4c123gh6pm.cmd"  -llibc.a 
<Linking>
Finished building target: "example.out"
 

**** Build Finished ****

**** Build of configuration Debug for project example ****

"C:\\ti\\ccs1110\\ccs\\utils\\bin\\gmake" -k -j 16 all -O 
 
gmake[1]: 'example.out' is up to date.

**** Build Finished ****

**** Build of configuration Debug for project example ****

"C:\\ti\\ccs1110\\ccs\\utils\\bin\\gmake" -k -j 16 all -O 
 
Building file: "../main.c"
Invoking: Arm Compiler
"C:/ti/ccs1110/ccs/tools/compiler/ti-cgt-arm_20.2.5.LTS/bin/armcl" -mv7M4 --code_state=16 --float_support=FPv4SPD16 -me --include_path="C:/Users/shiliu/workspace_v11/example" --include_path="C:/ti/TivaWare_C_Series-2.2.0.295" --include_path="C:/ti/ccs1110/ccs/tools/compiler/ti-cgt-arm_20.2.5.LTS/include" --define=ccs="ccs" --define=PART_TM4C123GH6PM -g --gcc --diag_warning=225 --diag_wrap=off --display_error_number --abi=eabi --preproc_with_compile --preproc_dependency="main.d_raw"  "../main.c"
Finished building: "../main.c"
 
Building target: "example.out"
Invoking: Arm Linker
"C:/ti/ccs1110/ccs/tools/compiler/ti-cgt-arm_20.2.5.LTS/bin/armcl" -mv7M4 --code_state=16 --float_support=FPv4SPD16 -me --define=ccs="ccs" --define=PART_TM4C123GH6PM -g --gcc --diag_warning=225 --diag_wrap=off --display_error_number --abi=eabi -z -m"example.map" --heap_size=0 --stack_size=512 -i"C:/ti/ccs1110/ccs/tools/compiler/ti-cgt-arm_20.2.5.LTS/lib" -i"C:/ti/ccs1110/ccs/tools/compiler/ti-cgt-arm_20.2.5.LTS/include" --reread_libs --diag_wrap=off --display_error_number --warn_sections --xml_link_info="example_linkInfo.xml" --rom_model -o "example.out" "./main.obj" "./tm4c123gh6pm_startup_ccs.obj" "C:/ti/TivaWare_C_Series-2.2.0.295/driverlib/ccs/Debug/driverlib.lib" "../tm4c123gh6pm.cmd"  -llibc.a 
<Linking>
Finished building target: "example.out"
 

**** Build Finished ****

**** Build of configuration Debug for project example ****

"C:\\ti\\ccs1110\\ccs\\utils\\bin\\gmake" -k -j 16 all -O 
 
gmake[1]: 'example.out' is up to date.

**** Build Finished ****

**** Build of configuration Debug for project example ****

"C:\\ti\\ccs1110\\ccs\\utils\\bin\\gmake" -k -j 16 all -O 
 
Building file: "../main.c"
Invoking: Arm Compiler
"C:/ti/ccs1110/ccs/tools/compiler/ti-cgt-arm_20.2.5.LTS/bin/armcl" -mv7M4 --code_state=16 --float_support=FPv4SPD16 -me --include_path="C:/Users/shiliu/workspace_v11/example" --include_path="C:/ti/TivaWare_C_Series-2.2.0.295" --include_path="C:/ti/ccs1110/ccs/tools/compiler/ti-cgt-arm_20.2.5.LTS/include" --define=ccs="ccs" --define=PART_TM4C123GH6PM -g --gcc --diag_warning=225 --diag_wrap=off --display_error_number --abi=eabi --preproc_with_compile --preproc_dependency="main.d_raw"  "../main.c"
Finished building: "../main.c"
 
Building target: "example.out"
Invoking: Arm Linker
"C:/ti/ccs1110/ccs/tools/compiler/ti-cgt-arm_20.2.5.LTS/bin/armcl" -mv7M4 --code_state=16 --float_support=FPv4SPD16 -me --define=ccs="ccs" --define=PART_TM4C123GH6PM -g --gcc --diag_warning=225 --diag_wrap=off --display_error_number --abi=eabi -z -m"example.map" --heap_size=0 --stack_size=512 -i"C:/ti/ccs1110/ccs/tools/compiler/ti-cgt-arm_20.2.5.LTS/lib" -i"C:/ti/ccs1110/ccs/tools/compiler/ti-cgt-arm_20.2.5.LTS/include" --reread_libs --diag_wrap=off --display_error_number --warn_sections --xml_link_info="example_linkInfo.xml" --rom_model -o "example.out" "./main.obj" "./tm4c123gh6pm_startup_ccs.obj" "C:/ti/TivaWare_C_Series-2.2.0.295/driverlib/ccs/Debug/driverlib.lib" "../tm4c123gh6pm.cmd"  -llibc.a 
<Linking>
Finished building target: "example.out"
 

**** Build Finished ****

**** Build of configuration Debug for project example ****

"C:\\ti\\ccs1110\\ccs\\utils\\bin\\gmake" -k -j 16 all -O 
 
Building file: "../main.c"
Invoking: Arm Compiler
"C:/ti/ccs1110/ccs/tools/compiler/ti-cgt-arm_20.2.5.LTS/bin/armcl" -mv7M4 --code_state=16 --float_support=FPv4SPD16 -me --include_path="C:/Users/shiliu/workspace_v11/example" --include_path="C:/ti/TivaWare_C_Series-2.2.0.295" --include_path="C:/ti/ccs1110/ccs/tools/compiler/ti-cgt-arm_20.2.5.LTS/include" --define=ccs="ccs" --define=PART_TM4C123GH6PM -g --gcc --diag_warning=225 --diag_wrap=off --display_error_number --abi=eabi --preproc_with_compile --preproc_dependency="main.d_raw"  "../main.c"
Finished building: "../main.c"
 
Building target: "example.out"
Invoking: Arm Linker
"C:/ti/ccs1110/ccs/tools/compiler/ti-cgt-arm_20.2.5.LTS/bin/armcl" -mv7M4 --code_state=16 --float_support=FPv4SPD16 -me --define=ccs="ccs" --define=PART_TM4C123GH6PM -g --gcc --diag_warning=225 --diag_wrap=off --display_error_number --abi=eabi -z -m"example.map" --heap_size=0 --stack_size=512 -i"C:/ti/ccs1110/ccs/tools/compiler/ti-cgt-arm_20.2.5.LTS/lib" -i"C:/ti/ccs1110/ccs/tools/compiler/ti-cgt-arm_20.2.5.LTS/include" --reread_libs --diag_wrap=off --display_error_number --warn_sections --xml_link_info="example_linkInfo.xml" --rom_model -o "example.out" "./main.obj" "./tm4c123gh6pm_startup_ccs.obj" "C:/ti/TivaWare_C_Series-2.2.0.295/driverlib/ccs/Debug/driverlib.lib" "../tm4c123gh6pm.cmd"  -llibc.a 
<Linking>
Finished building target: "example.out"
 

**** Build Finished ****

**** Build of configuration Debug for project example ****

"C:\\ti\\ccs1110\\ccs\\utils\\bin\\gmake" -k -j 16 all -O 
 
gmake[1]: 'example.out' is up to date.

**** Build Finished ****

**** Build of configuration Debug for project example ****

"C:\\ti\\ccs1110\\ccs\\utils\\bin\\gmake" -k -j 16 all -O 
 
Building file: "../main.c"
Invoking: Arm Compiler
"C:/ti/ccs1110/ccs/tools/compiler/ti-cgt-arm_20.2.5.LTS/bin/armcl" -mv7M4 --code_state=16 --float_support=FPv4SPD16 -me --include_path="C:/Users/shiliu/workspace_v11/example" --include_path="C:/ti/TivaWare_C_Series-2.2.0.295" --include_path="C:/ti/ccs1110/ccs/tools/compiler/ti-cgt-arm_20.2.5.LTS/include" --define=ccs="ccs" --define=PART_TM4C123GH6PM -g --gcc --diag_warning=225 --diag_wrap=off --display_error_number --abi=eabi --preproc_with_compile --preproc_dependency="main.d_raw"  "../main.c"
Finished building: "../main.c"
 
Building target: "example.out"
Invoking: Arm Linker
"C:/ti/ccs1110/ccs/tools/compiler/ti-cgt-arm_20.2.5.LTS/bin/armcl" -mv7M4 --code_state=16 --float_support=FPv4SPD16 -me --define=ccs="ccs" --define=PART_TM4C123GH6PM -g --gcc --diag_warning=225 --diag_wrap=off --display_error_number --abi=eabi -z -m"example.map" --heap_size=0 --stack_size=512 -i"C:/ti/ccs1110/ccs/tools/compiler/ti-cgt-arm_20.2.5.LTS/lib" -i"C:/ti/ccs1110/ccs/tools/compiler/ti-cgt-arm_20.2.5.LTS/include" --reread_libs --diag_wrap=off --display_error_number --warn_sections --xml_link_info="example_linkInfo.xml" --rom_model -o "example.out" "./main.obj" "./tm4c123gh6pm_startup_ccs.obj" "C:/ti/TivaWare_C_Series-2.2.0.295/driverlib/ccs/Debug/driverlib.lib" "../tm4c123gh6pm.cmd"  -llibc.a 
<Linking>
Finished building target: "example.out"
 

**** Build Finished ****

**** Build of configuration Debug for project example ****

"C:\\ti\\ccs1110\\ccs\\utils\\bin\\gmake" -k -j 16 all -O 
 
gmake[1]: 'example.out' is up to date.

**** Build Finished ****

**** Build of configuration Debug for project example ****

"C:\\ti\\ccs1110\\ccs\\utils\\bin\\gmake" -k -j 16 all -O 
 
Building file: "../main.c"
Invoking: Arm Compiler
"C:/ti/ccs1110/ccs/tools/compiler/ti-cgt-arm_20.2.5.LTS/bin/armcl" -mv7M4 --code_state=16 --float_support=FPv4SPD16 -me --include_path="C:/Users/shiliu/workspace_v11/example" --include_path="C:/ti/TivaWare_C_Series-2.2.0.295" --include_path="C:/ti/ccs1110/ccs/tools/compiler/ti-cgt-arm_20.2.5.LTS/include" --define=ccs="ccs" --define=PART_TM4C123GH6PM -g --gcc --diag_warning=225 --diag_wrap=off --display_error_number --abi=eabi --preproc_with_compile --preproc_dependency="main.d_raw"  "../main.c"
Finished building: "../main.c"
 
Building target: "example.out"
Invoking: Arm Linker
"C:/ti/ccs1110/ccs/tools/compiler/ti-cgt-arm_20.2.5.LTS/bin/armcl" -mv7M4 --code_state=16 --float_support=FPv4SPD16 -me --define=ccs="ccs" --define=PART_TM4C123GH6PM -g --gcc --diag_warning=225 --diag_wrap=off --display_error_number --abi=eabi -z -m"example.map" --heap_size=0 --stack_size=512 -i"C:/ti/ccs1110/ccs/tools/compiler/ti-cgt-arm_20.2.5.LTS/lib" -i"C:/ti/ccs1110/ccs/tools/compiler/ti-cgt-arm_20.2.5.LTS/include" --reread_libs --diag_wrap=off --display_error_number --warn_sections --xml_link_info="example_linkInfo.xml" --rom_model -o "example.out" "./main.obj" "./tm4c123gh6pm_startup_ccs.obj" "C:/ti/TivaWare_C_Series-2.2.0.295/driverlib/ccs/Debug/driverlib.lib" "../tm4c123gh6pm.cmd"  -llibc.a 
<Linking>
Finished building target: "example.out"
 

**** Build Finished ****

**** Build of configuration Debug for project example ****

"C:\\ti\\ccs1110\\ccs\\utils\\bin\\gmake" -k -j 16 all -O 
 
gmake[1]: 'example.out' is up to date.

**** Build Finished ****

**** Build of configuration Debug for project example ****

"C:\\ti\\ccs1110\\ccs\\utils\\bin\\gmake" -k -j 16 all -O 
 
Building file: "../main.c"
Invoking: Arm Compiler
"C:/ti/ccs1110/ccs/tools/compiler/ti-cgt-arm_20.2.5.LTS/bin/armcl" -mv7M4 --code_state=16 --float_support=FPv4SPD16 -me --include_path="C:/Users/shiliu/workspace_v11/example" --include_path="C:/ti/TivaWare_C_Series-2.2.0.295" --include_path="C:/ti/ccs1110/ccs/tools/compiler/ti-cgt-arm_20.2.5.LTS/include" --define=ccs="ccs" --define=PART_TM4C123GH6PM -g --gcc --diag_warning=225 --diag_wrap=off --display_error_number --abi=eabi --preproc_with_compile --preproc_dependency="main.d_raw"  "../main.c"
Finished building: "../main.c"
 
Building target: "example.out"
Invoking: Arm Linker
"C:/ti/ccs1110/ccs/tools/compiler/ti-cgt-arm_20.2.5.LTS/bin/armcl" -mv7M4 --code_state=16 --float_support=FPv4SPD16 -me --define=ccs="ccs" --define=PART_TM4C123GH6PM -g --gcc --diag_warning=225 --diag_wrap=off --display_error_number --abi=eabi -z -m"example.map" --heap_size=0 --stack_size=512 -i"C:/ti/ccs1110/ccs/tools/compiler/ti-cgt-arm_20.2.5.LTS/lib" -i"C:/ti/ccs1110/ccs/tools/compiler/ti-cgt-arm_20.2.5.LTS/include" --reread_libs --diag_wrap=off --display_error_number --warn_sections --xml_link_info="example_linkInfo.xml" --rom_model -o "example.out" "./main.obj" "./tm4c123gh6pm_startup_ccs.obj" "C:/ti/TivaWare_C_Series-2.2.0.295/driverlib/ccs/Debug/driverlib.lib" "../tm4c123gh6pm.cmd"  -llibc.a 
<Linking>
Finished building target: "example.out"
 

**** Build Finished ****

**** Build of configuration Debug for project example ****

"C:\\ti\\ccs1110\\ccs\\utils\\bin\\gmake" -k -j 16 all -O 
 
gmake[1]: 'example.out' is up to date.

**** Build Finished ****

**** Build of configuration Debug for project example ****

"C:\\ti\\ccs1110\\ccs\\utils\\bin\\gmake" -k -j 16 all -O 
 
Building file: "../main.c"
Invoking: Arm Compiler
"C:/ti/ccs1110/ccs/tools/compiler/ti-cgt-arm_20.2.5.LTS/bin/armcl" -mv7M4 --code_state=16 --float_support=FPv4SPD16 -me --include_path="C:/Users/shiliu/workspace_v11/example" --include_path="C:/ti/TivaWare_C_Series-2.2.0.295" --include_path="C:/ti/ccs1110/ccs/tools/compiler/ti-cgt-arm_20.2.5.LTS/include" --define=ccs="ccs" --define=PART_TM4C123GH6PM -g --gcc --diag_warning=225 --diag_wrap=off --display_error_number --abi=eabi --preproc_with_compile --preproc_dependency="main.d_raw"  "../main.c"
Finished building: "../main.c"
 
Building target: "example.out"
Invoking: Arm Linker
"C:/ti/ccs1110/ccs/tools/compiler/ti-cgt-arm_20.2.5.LTS/bin/armcl" -mv7M4 --code_state=16 --float_support=FPv4SPD16 -me --define=ccs="ccs" --define=PART_TM4C123GH6PM -g --gcc --diag_warning=225 --diag_wrap=off --display_error_number --abi=eabi -z -m"example.map" --heap_size=0 --stack_size=512 -i"C:/ti/ccs1110/ccs/tools/compiler/ti-cgt-arm_20.2.5.LTS/lib" -i"C:/ti/ccs1110/ccs/tools/compiler/ti-cgt-arm_20.2.5.LTS/include" --reread_libs --diag_wrap=off --display_error_number --warn_sections --xml_link_info="example_linkInfo.xml" --rom_model -o "example.out" "./main.obj" "./tm4c123gh6pm_startup_ccs.obj" "C:/ti/TivaWare_C_Series-2.2.0.295/driverlib/ccs/Debug/driverlib.lib" "../tm4c123gh6pm.cmd"  -llibc.a 
<Linking>
Finished building target: "example.out"
 

**** Build Finished ****

**** Build of configuration Debug for project example ****

"C:\\ti\\ccs1110\\ccs\\utils\\bin\\gmake" -k -j 16 all -O 
 
gmake[1]: 'example.out' is up to date.

**** Build Finished ****

**** Build of configuration Debug for project example ****

"C:\\ti\\ccs1110\\ccs\\utils\\bin\\gmake" -k -j 16 all -O 
 
Building file: "../main.c"
Invoking: Arm Compiler
"C:/ti/ccs1110/ccs/tools/compiler/ti-cgt-arm_20.2.5.LTS/bin/armcl" -mv7M4 --code_state=16 --float_support=FPv4SPD16 -me --include_path="C:/Users/shiliu/workspace_v11/example" --include_path="C:/ti/TivaWare_C_Series-2.2.0.295" --include_path="C:/ti/ccs1110/ccs/tools/compiler/ti-cgt-arm_20.2.5.LTS/include" --define=ccs="ccs" --define=PART_TM4C123GH6PM -g --gcc --diag_warning=225 --diag_wrap=off --display_error_number --abi=eabi --preproc_with_compile --preproc_dependency="main.d_raw"  "../main.c"
 
>> Compilation failure
subdir_rules.mk:9: recipe for target 'main.obj' failed
"../main.c", line 20: error #66: expected a ";"
1 error detected in the compilation of "../main.c".
gmake: *** [main.obj] Error 1
gmake: Target 'all' not remade because of errors.

**** Build Finished ****

**** Build of configuration Debug for project example ****

"C:\\ti\\ccs1110\\ccs\\utils\\bin\\gmake" -k -j 16 all -O 
 
Building file: "../main.c"
Invoking: Arm Compiler
"C:/ti/ccs1110/ccs/tools/compiler/ti-cgt-arm_20.2.5.LTS/bin/armcl" -mv7M4 --code_state=16 --float_support=FPv4SPD16 -me --include_path="C:/Users/shiliu/workspace_v11/example" --include_path="C:/ti/TivaWare_C_Series-2.2.0.295" --include_path="C:/ti/ccs1110/ccs/tools/compiler/ti-cgt-arm_20.2.5.LTS/include" --define=ccs="ccs" --define=PART_TM4C123GH6PM -g --gcc --diag_warning=225 --diag_wrap=off --display_error_number --abi=eabi --preproc_with_compile --preproc_dependency="main.d_raw"  "../main.c"
Finished building: "../main.c"
 
Building target: "example.out"
Invoking: Arm Linker
"C:/ti/ccs1110/ccs/tools/compiler/ti-cgt-arm_20.2.5.LTS/bin/armcl" -mv7M4 --code_state=16 --float_support=FPv4SPD16 -me --define=ccs="ccs" --define=PART_TM4C123GH6PM -g --gcc --diag_warning=225 --diag_wrap=off --display_error_number --abi=eabi -z -m"example.map" --heap_size=0 --stack_size=512 -i"C:/ti/ccs1110/ccs/tools/compiler/ti-cgt-arm_20.2.5.LTS/lib" -i"C:/ti/ccs1110/ccs/tools/compiler/ti-cgt-arm_20.2.5.LTS/include" --reread_libs --diag_wrap=off --display_error_number --warn_sections --xml_link_info="example_linkInfo.xml" --rom_model -o "example.out" "./main.obj" "./tm4c123gh6pm_startup_ccs.obj" "C:/ti/TivaWare_C_Series-2.2.0.295/driverlib/ccs/Debug/driverlib.lib" "../tm4c123gh6pm.cmd"  -llibc.a 
<Linking>
Finished building target: "example.out"
 

**** Build Finished ****

**** Build of configuration Debug for project example ****

"C:\\ti\\ccs1110\\ccs\\utils\\bin\\gmake" -k -j 16 all -O 
 
gmake[1]: 'example.out' is up to date.

**** Build Finished ****
